#
# There is insufficient memory for the Java Runtime Environment to continue.
# Native memory allocation (malloc) failed to allocate 1166016 bytes for Chunk::new
# Possible reasons:
#   The system is out of physical RAM or swap space
#   The process is running with CompressedOops enabled, and the Java Heap may be blocking the growth of the native heap
# Possible solutions:
#   Reduce memory load on the system
#   Increase physical memory or swap space
#   Check if swap backing store is full
#   Decrease Java heap size (-Xmx/-Xms)
#   Decrease number of Java threads
#   Decrease Java thread stack sizes (-Xss)
#   Set larger code cache with -XX:ReservedCodeCacheSize=
#   JVM is running with Unscaled Compressed Oops mode in which the Java heap is
#     placed in the first 4GB address space. The Java Heap base address is the
#     maximum limit for the native heap growth. Please use -XX:HeapBaseMinAddress
#     to set the Java Heap base and to place the Java Heap above 4GB virtual address.
# This output file may be truncated or incomplete.
#
#  Out of Memory Error (arena.cpp:189), pid=9328, tid=9816
#
# JRE version: Java(TM) SE Runtime Environment (17.0.12+8) (build 17.0.12+8-LTS-286)
# Java VM: Java HotSpot(TM) 64-Bit Server VM (17.0.12+8-LTS-286, mixed mode, sharing, tiered, compressed oops, compressed class ptrs, g1 gc, windows-amd64)
# No core dump will be written. Minidumps are not enabled by default on client versions of Windows
#

---------------  S U M M A R Y ------------

Command Line: --enable-native-access=ALL-UNNAMED -Dclassworlds.conf=C:\Users\edhim\.m2\wrapper\dists\apache-maven-3.9.10\a38810a491b03367137adfdfbe7d14c4\bin\m2.conf -Dmaven.home=C:\Users\edhim\.m2\wrapper\dists\apache-maven-3.9.10\a38810a491b03367137adfdfbe7d14c4 -Dlibrary.jansi.path=C:\Users\edhim\.m2\wrapper\dists\apache-maven-3.9.10\a38810a491b03367137adfdfbe7d14c4\lib\jansi-native -Dmaven.multiModuleProjectDirectory=C:\Users\edhim\Desktop\uni_project\backend\demo org.codehaus.plexus.classworlds.launcher.Launcher spring-boot:run

Host: Intel(R) Core(TM) i5-6300U CPU @ 2.40GHz, 4 cores, 7G,  Windows 11 , 64 bit Build 22621 (10.0.22621.3958)
Time: Thu Jun 26 16:09:04 2025 Coordinated Universal Time elapsed time: 18.803267 seconds (0d 0h 0m 18s)

---------------  T H R E A D  ---------------

Current thread (0x00000208e8a14f00):  JavaThread "C2 CompilerThread0" daemon [_thread_in_native, id=9816, stack(0x00000018e6700000,0x00000018e6800000)]


Current CompileTask:
C2:  18803 8824       4       java.util.zip.ZipFile$Source::initCEN (591 bytes)

Stack: [0x00000018e6700000,0x00000018e6800000]
Native frames: (J=compiled Java code, j=interpreted, Vv=VM code, C=native code)
V  [jvm.dll+0x67a04a]
V  [jvm.dll+0x7da4ed]
V  [jvm.dll+0x7dbe33]
V  [jvm.dll+0x7dc4a3]
V  [jvm.dll+0x24508f]
V  [jvm.dll+0xab773]
V  [jvm.dll+0xabd3c]
V  [jvm.dll+0x361bee]
V  [jvm.dll+0x1ba64a]
V  [jvm.dll+0x216997]
V  [jvm.dll+0x215c6f]
V  [jvm.dll+0x1a2960]
V  [jvm.dll+0x22610b]
V  [jvm.dll+0x2242ab]
V  [jvm.dll+0x79075c]
V  [jvm.dll+0x78abea]
V  [jvm.dll+0x678f35]
C  [ucrtbase.dll+0x29333]
C  [KERNEL32.DLL+0x1257d]
C  [ntdll.dll+0x5af08]


---------------  P R O C E S S  ---------------

Threads class SMR info:
_java_thread_list=0x00000208ee45c860, length=13, elements={
0x00000208cb1779a0, 0x00000208e89ece80, 0x00000208e89edc10, 0x00000208e8a04910,
0x00000208e8a053e0, 0x00000208e8a07cc0, 0x00000208e8a08590, 0x00000208e8a14f00,
0x00000208e8a1e830, 0x00000208e8a23160, 0x00000208e8c50e90, 0x00000208e8c575a0,
0x00000208edae5010
}

Java Threads: ( => current thread )
  0x00000208cb1779a0 JavaThread "main" [_thread_in_vm, id=5116, stack(0x00000018e5a00000,0x00000018e5b00000)]
  0x00000208e89ece80 JavaThread "Reference Handler" daemon [_thread_blocked, id=8472, stack(0x00000018e6100000,0x00000018e6200000)]
  0x00000208e89edc10 JavaThread "Finalizer" daemon [_thread_blocked, id=14784, stack(0x00000018e6200000,0x00000018e6300000)]
  0x00000208e8a04910 JavaThread "Signal Dispatcher" daemon [_thread_blocked, id=2304, stack(0x00000018e6300000,0x00000018e6400000)]
  0x00000208e8a053e0 JavaThread "Attach Listener" daemon [_thread_blocked, id=12736, stack(0x00000018e6400000,0x00000018e6500000)]
  0x00000208e8a07cc0 JavaThread "Service Thread" daemon [_thread_blocked, id=4860, stack(0x00000018e6500000,0x00000018e6600000)]
  0x00000208e8a08590 JavaThread "Monitor Deflation Thread" daemon [_thread_blocked, id=9756, stack(0x00000018e6600000,0x00000018e6700000)]
=>0x00000208e8a14f00 JavaThread "C2 CompilerThread0" daemon [_thread_in_native, id=9816, stack(0x00000018e6700000,0x00000018e6800000)]
  0x00000208e8a1e830 JavaThread "C1 CompilerThread0" daemon [_thread_in_native, id=2448, stack(0x00000018e6800000,0x00000018e6900000)]
  0x00000208e8a23160 JavaThread "Sweeper thread" daemon [_thread_blocked, id=3336, stack(0x00000018e6900000,0x00000018e6a00000)]
  0x00000208e8c50e90 JavaThread "Notification Thread" daemon [_thread_blocked, id=15108, stack(0x00000018e6a00000,0x00000018e6b00000)]
  0x00000208e8c575a0 JavaThread "Common-Cleaner" daemon [_thread_blocked, id=7404, stack(0x00000018e6c00000,0x00000018e6d00000)]
  0x00000208edae5010 JavaThread "Thread-1" daemon [_thread_blocked, id=1464, stack(0x00000018e7100000,0x00000018e7200000)]

Other Threads:
  0x00000208e89e8360 VMThread "VM Thread" [stack: 0x00000018e6000000,0x00000018e6100000] [id=12868]
  0x00000208cb1ebc10 WatcherThread [stack: 0x00000018e6b00000,0x00000018e6c00000] [id=13640]
  0x00000208cb1d2600 GCTaskThread "GC Thread#0" [stack: 0x00000018e5b00000,0x00000018e5c00000] [id=7764]
  0x00000208ed52a110 GCTaskThread "GC Thread#1" [stack: 0x00000018e6d00000,0x00000018e6e00000] [id=13448]
  0x00000208ed52a9e0 GCTaskThread "GC Thread#2" [stack: 0x00000018e6e00000,0x00000018e6f00000] [id=13396]
  0x00000208ed59f980 GCTaskThread "GC Thread#3" [stack: 0x00000018e6f00000,0x00000018e7000000] [id=14648]
  0x00000208cb1e30e0 ConcurrentGCThread "G1 Main Marker" [stack: 0x00000018e5c00000,0x00000018e5d00000] [id=8572]
  0x00000208cb1e51b0 ConcurrentGCThread "G1 Conc#0" [stack: 0x00000018e5d00000,0x00000018e5e00000] [id=5500]
  0x00000208cb23e010 ConcurrentGCThread "G1 Refine#0" [stack: 0x00000018e5e00000,0x00000018e5f00000] [id=12064]
  0x00000208ef4ebad0 ConcurrentGCThread "G1 Refine#1" [stack: 0x00000018e7200000,0x00000018e7300000] [id=11556]
  0x00000208ef4ea640 ConcurrentGCThread "G1 Refine#2" [stack: 0x00000018e7300000,0x00000018e7400000] [id=15024]
  0x00000208ef4eb4f0 ConcurrentGCThread "G1 Refine#3" [stack: 0x00000018e7400000,0x00000018e7500000] [id=9380]
  0x00000208cb23e950 ConcurrentGCThread "G1 Service" [stack: 0x00000018e5f00000,0x00000018e6000000] [id=11080]

Threads with active compile tasks:
C2 CompilerThread0    18998 8824       4       java.util.zip.ZipFile$Source::initCEN (591 bytes)

VM state: not at safepoint (normal execution)

VM Mutex/Monitor currently owned by a thread: None

Heap address: 0x0000000081c00000, size: 2020 MB, Compressed Oops mode: 32-bit

CDS archive(s) mapped at: [0x0000020880000000-0x0000020880bd0000-0x0000020880bd0000), size 12386304, SharedBaseAddress: 0x0000020880000000, ArchiveRelocationMode: 1.
Compressed class space mapped at: 0x0000020881000000-0x00000208c1000000, reserved size: 1073741824
Narrow klass base: 0x0000020880000000, Narrow klass shift: 0, Narrow klass range: 0x100000000

GC Precious Log:
 CPUs: 4 total, 4 available
 Memory: 8073M
 Large Page Support: Disabled
 NUMA Support: Disabled
 Compressed Oops: Enabled (32-bit)
 Heap Region Size: 1M
 Heap Min Capacity: 8M
 Heap Initial Capacity: 128M
 Heap Max Capacity: 2020M
 Pre-touch: Disabled
 Parallel Workers: 4
 Concurrent Workers: 1
 Concurrent Refinement Workers: 4
 Periodic GC: Disabled

Heap:
 garbage-first heap   total 150528K, used 78199K [0x0000000081c00000, 0x0000000100000000)
  region size 1024K, 10 young (10240K), 3 survivors (3072K)
 Metaspace       used 32680K, committed 33600K, reserved 1114112K
  class space    used 3678K, committed 3968K, reserved 1048576K

Heap Regions: E=young(eden), S=young(survivor), O=old, HS=humongous(starts), HC=humongous(continues), CS=collection set, F=free, OA=open archive, CA=closed archive, TAMS=top-at-mark-start (previous, next)
|   0|0x0000000081c00000, 0x0000000081d00000, 0x0000000081d00000|100%| O|  |TAMS 0x0000000081d00000, 0x0000000081c00000| Untracked 
|   1|0x0000000081d00000, 0x0000000081e00000, 0x0000000081e00000|100%| O|  |TAMS 0x0000000081e00000, 0x0000000081d00000| Untracked 
|   2|0x0000000081e00000, 0x0000000081f00000, 0x0000000081f00000|100%| O|  |TAMS 0x0000000081f00000, 0x0000000081e00000| Untracked 
|   3|0x0000000081f00000, 0x0000000082000000, 0x0000000082000000|100%| O|  |TAMS 0x0000000082000000, 0x0000000081f00000| Untracked 
|   4|0x0000000082000000, 0x0000000082100000, 0x0000000082100000|100%|HS|  |TAMS 0x0000000082100000, 0x0000000082000000| Complete 
|   5|0x0000000082100000, 0x0000000082200000, 0x0000000082200000|100%|HC|  |TAMS 0x0000000082200000, 0x0000000082100000| Complete 
|   6|0x0000000082200000, 0x0000000082300000, 0x0000000082300000|100%|HS|  |TAMS 0x0000000082200000, 0x0000000082200000| Complete 
|   7|0x0000000082300000, 0x0000000082400000, 0x0000000082400000|100%|HS|  |TAMS 0x0000000082400000, 0x0000000082300000| Complete 
|   8|0x0000000082400000, 0x0000000082500000, 0x0000000082500000|100%| O|  |TAMS 0x0000000082500000, 0x0000000082400000| Untracked 
|   9|0x0000000082500000, 0x0000000082600000, 0x0000000082600000|100%| O|  |TAMS 0x0000000082600000, 0x0000000082500000| Complete 
|  10|0x0000000082600000, 0x0000000082700000, 0x0000000082700000|100%| O|  |TAMS 0x0000000082700000, 0x0000000082600000| Complete 
|  11|0x0000000082700000, 0x0000000082800000, 0x0000000082800000|100%| O|  |TAMS 0x0000000082800000, 0x0000000082700000| Complete 
|  12|0x0000000082800000, 0x0000000082900000, 0x0000000082900000|100%| O|  |TAMS 0x0000000082900000, 0x0000000082800000| Untracked 
|  13|0x0000000082900000, 0x0000000082a00000, 0x0000000082a00000|100%| O|  |TAMS 0x0000000082a00000, 0x0000000082900000| Untracked 
|  14|0x0000000082a00000, 0x0000000082b00000, 0x0000000082b00000|100%| O|  |TAMS 0x0000000082b00000, 0x0000000082a00000| Complete 
|  15|0x0000000082b00000, 0x0000000082c00000, 0x0000000082c00000|100%| O|  |TAMS 0x0000000082c00000, 0x0000000082b00000| Complete 
|  16|0x0000000082c00000, 0x0000000082d00000, 0x0000000082d00000|100%| O|  |TAMS 0x0000000082d00000, 0x0000000082c00000| Complete 
|  17|0x0000000082d00000, 0x0000000082e00000, 0x0000000082e00000|100%| O|  |TAMS 0x0000000082e00000, 0x0000000082d00000| Complete 
|  18|0x0000000082e00000, 0x0000000082f00000, 0x0000000082f00000|100%| O|  |TAMS 0x0000000082f00000, 0x0000000082e00000| Complete 
|  19|0x0000000082f00000, 0x0000000083000000, 0x0000000083000000|100%| O|  |TAMS 0x0000000083000000, 0x0000000082f00000| Untracked 
|  20|0x0000000083000000, 0x0000000083000000, 0x0000000083100000|  0%| F|  |TAMS 0x0000000083000000, 0x0000000083000000| Untracked 
|  21|0x0000000083100000, 0x0000000083100000, 0x0000000083200000|  0%| F|  |TAMS 0x0000000083100000, 0x0000000083100000| Untracked 
|  22|0x0000000083200000, 0x0000000083300000, 0x0000000083300000|100%| O|  |TAMS 0x0000000083300000, 0x0000000083200000| Complete 
|  23|0x0000000083300000, 0x0000000083400000, 0x0000000083400000|100%| O|  |TAMS 0x0000000083400000, 0x0000000083300000| Complete 
|  24|0x0000000083400000, 0x0000000083500000, 0x0000000083500000|100%| O|  |TAMS 0x0000000083500000, 0x0000000083400000| Complete 
|  25|0x0000000083500000, 0x0000000083600000, 0x0000000083600000|100%| O|  |TAMS 0x0000000083600000, 0x0000000083500000| Untracked 
|  26|0x0000000083600000, 0x0000000083700000, 0x0000000083700000|100%| O|  |TAMS 0x0000000083700000, 0x0000000083600000| Complete 
|  27|0x0000000083700000, 0x0000000083800000, 0x0000000083800000|100%| O|  |TAMS 0x0000000083800000, 0x0000000083700000| Complete 
|  28|0x0000000083800000, 0x0000000083900000, 0x0000000083900000|100%| O|  |TAMS 0x0000000083900000, 0x0000000083800000| Untracked 
|  29|0x0000000083900000, 0x0000000083a00000, 0x0000000083a00000|100%| O|  |TAMS 0x0000000083a00000, 0x0000000083900000| Complete 
|  30|0x0000000083a00000, 0x0000000083b00000, 0x0000000083b00000|100%| O|  |TAMS 0x0000000083b00000, 0x0000000083a00000| Complete 
|  31|0x0000000083b00000, 0x0000000083c00000, 0x0000000083c00000|100%| O|  |TAMS 0x0000000083c00000, 0x0000000083b00000| Complete 
|  32|0x0000000083c00000, 0x0000000083d00000, 0x0000000083d00000|100%| O|  |TAMS 0x0000000083d00000, 0x0000000083c00000| Complete 
|  33|0x0000000083d00000, 0x0000000083e00000, 0x0000000083e00000|100%| O|  |TAMS 0x0000000083e00000, 0x0000000083d00000| Untracked 
|  34|0x0000000083e00000, 0x0000000083f00000, 0x0000000083f00000|100%| O|  |TAMS 0x0000000083f00000, 0x0000000083e00000| Complete 
|  35|0x0000000083f00000, 0x0000000084000000, 0x0000000084000000|100%| O|  |TAMS 0x0000000084000000, 0x0000000083f00000| Complete 
|  36|0x0000000084000000, 0x0000000084100000, 0x0000000084100000|100%|HS|  |TAMS 0x0000000084100000, 0x0000000084000000| Complete 
|  37|0x0000000084100000, 0x0000000084200000, 0x0000000084200000|100%|HC|  |TAMS 0x0000000084200000, 0x0000000084100000| Complete 
|  38|0x0000000084200000, 0x0000000084300000, 0x0000000084300000|100%| O|  |TAMS 0x0000000084300000, 0x0000000084200000| Untracked 
|  39|0x0000000084300000, 0x0000000084400000, 0x0000000084400000|100%| O|  |TAMS 0x0000000084400000, 0x0000000084300000| Untracked 
|  40|0x0000000084400000, 0x0000000084500000, 0x0000000084500000|100%| O|  |TAMS 0x0000000084500000, 0x0000000084400000| Untracked 
|  41|0x0000000084500000, 0x0000000084600000, 0x0000000084600000|100%| O|  |TAMS 0x0000000084600000, 0x0000000084500000| Untracked 
|  42|0x0000000084600000, 0x0000000084700000, 0x0000000084700000|100%|HS|  |TAMS 0x0000000084600000, 0x0000000084600000| Complete 
|  43|0x0000000084700000, 0x0000000084800000, 0x0000000084800000|100%|HS|  |TAMS 0x0000000084800000, 0x0000000084700000| Complete 
|  44|0x0000000084800000, 0x0000000084900000, 0x0000000084900000|100%|HS|  |TAMS 0x0000000084900000, 0x0000000084800000| Complete 
|  45|0x0000000084900000, 0x0000000084a00000, 0x0000000084a00000|100%| O|  |TAMS 0x0000000084a00000, 0x0000000084900000| Complete 
|  46|0x0000000084a00000, 0x0000000084b00000, 0x0000000084b00000|100%| O|  |TAMS 0x0000000084b00000, 0x0000000084a00000| Complete 
|  47|0x0000000084b00000, 0x0000000084c00000, 0x0000000084c00000|100%| O|  |TAMS 0x0000000084c00000, 0x0000000084b00000| Complete 
|  48|0x0000000084c00000, 0x0000000084d00000, 0x0000000084d00000|100%| O|  |TAMS 0x0000000084d00000, 0x0000000084c00000| Complete 
|  49|0x0000000084d00000, 0x0000000084e00000, 0x0000000084e00000|100%| O|  |TAMS 0x0000000084e00000, 0x0000000084d00000| Untracked 
|  50|0x0000000084e00000, 0x0000000084f00000, 0x0000000084f00000|100%| O|  |TAMS 0x0000000084f00000, 0x0000000084e00000| Untracked 
|  51|0x0000000084f00000, 0x0000000085000000, 0x0000000085000000|100%| O|  |TAMS 0x0000000085000000, 0x0000000084f00000| Untracked 
|  52|0x0000000085000000, 0x0000000085100000, 0x0000000085100000|100%| O|  |TAMS 0x0000000085100000, 0x0000000085000000| Untracked 
|  53|0x0000000085100000, 0x0000000085200000, 0x0000000085200000|100%| O|  |TAMS 0x0000000085200000, 0x0000000085100000| Untracked 
|  54|0x0000000085200000, 0x0000000085300000, 0x0000000085300000|100%| O|  |TAMS 0x0000000085300000, 0x0000000085200000| Untracked 
|  55|0x0000000085300000, 0x0000000085400000, 0x0000000085400000|100%| O|  |TAMS 0x0000000085400000, 0x0000000085300000| Untracked 
|  56|0x0000000085400000, 0x0000000085500000, 0x0000000085500000|100%| O|  |TAMS 0x0000000085500000, 0x0000000085400000| Complete 
|  57|0x0000000085500000, 0x0000000085600000, 0x0000000085600000|100%| O|  |TAMS 0x0000000085600000, 0x0000000085500000| Complete 
|  58|0x0000000085600000, 0x0000000085700000, 0x0000000085700000|100%| O|  |TAMS 0x0000000085700000, 0x0000000085600000| Complete 
|  59|0x0000000085700000, 0x0000000085800000, 0x0000000085800000|100%| O|  |TAMS 0x0000000085800000, 0x0000000085700000| Complete 
|  60|0x0000000085800000, 0x0000000085900000, 0x0000000085900000|100%| O|  |TAMS 0x0000000085900000, 0x0000000085800000| Complete 
|  61|0x0000000085900000, 0x0000000085a00000, 0x0000000085a00000|100%| O|  |TAMS 0x0000000085a00000, 0x0000000085900000| Untracked 
|  62|0x0000000085a00000, 0x0000000085b00000, 0x0000000085b00000|100%| O|  |TAMS 0x0000000085b00000, 0x0000000085a00000| Untracked 
|  63|0x0000000085b00000, 0x0000000085c00000, 0x0000000085c00000|100%| O|  |TAMS 0x0000000085c00000, 0x0000000085b00000| Untracked 
|  64|0x0000000085c00000, 0x0000000085d00000, 0x0000000085d00000|100%| O|  |TAMS 0x0000000085d00000, 0x0000000085c00000| Untracked 
|  65|0x0000000085d00000, 0x0000000085e00000, 0x0000000085e00000|100%| O|  |TAMS 0x0000000085e00000, 0x0000000085d00000| Complete 
|  66|0x0000000085e00000, 0x0000000085f00000, 0x0000000085f00000|100%| O|  |TAMS 0x0000000085f00000, 0x0000000085e00000| Untracked 
|  67|0x0000000085f00000, 0x0000000086000000, 0x0000000086000000|100%| O|  |TAMS 0x0000000086000000, 0x0000000085f00000| Complete 
|  68|0x0000000086000000, 0x0000000086000000, 0x0000000086100000|  0%| F|  |TAMS 0x0000000086000000, 0x0000000086000000| Untracked 
|  69|0x0000000086100000, 0x0000000086200000, 0x0000000086200000|100%| O|  |TAMS 0x0000000086200000, 0x0000000086100000| Complete 
|  70|0x0000000086200000, 0x0000000086280000, 0x0000000086300000| 50%| O|  |TAMS 0x0000000086280000, 0x0000000086200000| Untracked 
|  71|0x0000000086300000, 0x0000000086300000, 0x0000000086400000|  0%| F|  |TAMS 0x0000000086300000, 0x0000000086300000| Untracked 
|  72|0x0000000086400000, 0x0000000086400000, 0x0000000086500000|  0%| F|  |TAMS 0x0000000086400000, 0x0000000086400000| Untracked 
|  73|0x0000000086500000, 0x0000000086500000, 0x0000000086600000|  0%| F|  |TAMS 0x0000000086500000, 0x0000000086500000| Untracked 
|  74|0x0000000086600000, 0x0000000086600000, 0x0000000086700000|  0%| F|  |TAMS 0x0000000086600000, 0x0000000086600000| Untracked 
|  75|0x0000000086700000, 0x0000000086700000, 0x0000000086800000|  0%| F|  |TAMS 0x0000000086700000, 0x0000000086700000| Untracked 
|  76|0x0000000086800000, 0x0000000086800000, 0x0000000086900000|  0%| F|  |TAMS 0x0000000086800000, 0x0000000086800000| Untracked 
|  77|0x0000000086900000, 0x0000000086900000, 0x0000000086a00000|  0%| F|  |TAMS 0x0000000086900000, 0x0000000086900000| Untracked 
|  78|0x0000000086a00000, 0x0000000086a00000, 0x0000000086b00000|  0%| F|  |TAMS 0x0000000086a00000, 0x0000000086a00000| Untracked 
|  79|0x0000000086b00000, 0x0000000086b00000, 0x0000000086c00000|  0%| F|  |TAMS 0x0000000086b00000, 0x0000000086b00000| Untracked 
|  80|0x0000000086c00000, 0x0000000086c00000, 0x0000000086d00000|  0%| F|  |TAMS 0x0000000086c00000, 0x0000000086c00000| Untracked 
|  81|0x0000000086d00000, 0x0000000086d00000, 0x0000000086e00000|  0%| F|  |TAMS 0x0000000086d00000, 0x0000000086d00000| Untracked 
|  82|0x0000000086e00000, 0x0000000086e00000, 0x0000000086f00000|  0%| F|  |TAMS 0x0000000086e00000, 0x0000000086e00000| Untracked 
|  83|0x0000000086f00000, 0x0000000086f00000, 0x0000000087000000|  0%| F|  |TAMS 0x0000000086f00000, 0x0000000086f00000| Untracked 
|  84|0x0000000087000000, 0x0000000087000000, 0x0000000087100000|  0%| F|  |TAMS 0x0000000087000000, 0x0000000087000000| Untracked 
|  85|0x0000000087100000, 0x0000000087100000, 0x0000000087200000|  0%| F|  |TAMS 0x0000000087100000, 0x0000000087100000| Untracked 
|  86|0x0000000087200000, 0x0000000087200000, 0x0000000087300000|  0%| F|  |TAMS 0x0000000087200000, 0x0000000087200000| Untracked 
|  87|0x0000000087300000, 0x0000000087300000, 0x0000000087400000|  0%| F|  |TAMS 0x0000000087300000, 0x0000000087300000| Untracked 
|  88|0x0000000087400000, 0x0000000087400000, 0x0000000087500000|  0%| F|  |TAMS 0x0000000087400000, 0x0000000087400000| Untracked 
|  89|0x0000000087500000, 0x0000000087500000, 0x0000000087600000|  0%| F|  |TAMS 0x0000000087500000, 0x0000000087500000| Untracked 
|  90|0x0000000087600000, 0x0000000087600000, 0x0000000087700000|  0%| F|  |TAMS 0x0000000087600000, 0x0000000087600000| Untracked 
|  91|0x0000000087700000, 0x0000000087700000, 0x0000000087800000|  0%| F|  |TAMS 0x0000000087700000, 0x0000000087700000| Untracked 
|  92|0x0000000087800000, 0x0000000087800000, 0x0000000087900000|  0%| F|  |TAMS 0x0000000087800000, 0x0000000087800000| Untracked 
|  93|0x0000000087900000, 0x0000000087900000, 0x0000000087a00000|  0%| F|  |TAMS 0x0000000087900000, 0x0000000087900000| Untracked 
|  94|0x0000000087a00000, 0x0000000087a00000, 0x0000000087b00000|  0%| F|  |TAMS 0x0000000087a00000, 0x0000000087a00000| Untracked 
|  95|0x0000000087b00000, 0x0000000087b00000, 0x0000000087c00000|  0%| F|  |TAMS 0x0000000087b00000, 0x0000000087b00000| Untracked 
|  96|0x0000000087c00000, 0x0000000087c00000, 0x0000000087d00000|  0%| F|  |TAMS 0x0000000087c00000, 0x0000000087c00000| Untracked 
|  97|0x0000000087d00000, 0x0000000087d00000, 0x0000000087e00000|  0%| F|  |TAMS 0x0000000087d00000, 0x0000000087d00000| Untracked 
|  98|0x0000000087e00000, 0x0000000087e00000, 0x0000000087f00000|  0%| F|  |TAMS 0x0000000087e00000, 0x0000000087e00000| Untracked 
|  99|0x0000000087f00000, 0x0000000087f00000, 0x0000000088000000|  0%| F|  |TAMS 0x0000000087f00000, 0x0000000087f00000| Untracked 
| 100|0x0000000088000000, 0x0000000088000000, 0x0000000088100000|  0%| F|  |TAMS 0x0000000088000000, 0x0000000088000000| Untracked 
| 101|0x0000000088100000, 0x0000000088100000, 0x0000000088200000|  0%| F|  |TAMS 0x0000000088100000, 0x0000000088100000| Untracked 
| 102|0x0000000088200000, 0x0000000088200000, 0x0000000088300000|  0%| F|  |TAMS 0x0000000088200000, 0x0000000088200000| Untracked 
| 103|0x0000000088300000, 0x0000000088300000, 0x0000000088400000|  0%| F|  |TAMS 0x0000000088300000, 0x0000000088300000| Untracked 
| 104|0x0000000088400000, 0x0000000088400000, 0x0000000088500000|  0%| F|  |TAMS 0x0000000088400000, 0x0000000088400000| Untracked 
| 105|0x0000000088500000, 0x0000000088500000, 0x0000000088600000|  0%| F|  |TAMS 0x0000000088500000, 0x0000000088500000| Untracked 
| 106|0x0000000088600000, 0x0000000088600000, 0x0000000088700000|  0%| F|  |TAMS 0x0000000088600000, 0x0000000088600000| Untracked 
| 107|0x0000000088700000, 0x0000000088700000, 0x0000000088800000|  0%| F|  |TAMS 0x0000000088700000, 0x0000000088700000| Untracked 
| 108|0x0000000088800000, 0x0000000088800000, 0x0000000088900000|  0%| F|  |TAMS 0x0000000088800000, 0x0000000088800000| Untracked 
| 109|0x0000000088900000, 0x0000000088900000, 0x0000000088a00000|  0%| F|  |TAMS 0x0000000088900000, 0x0000000088900000| Untracked 
| 110|0x0000000088a00000, 0x0000000088a00000, 0x0000000088b00000|  0%| F|  |TAMS 0x0000000088a00000, 0x0000000088a00000| Untracked 
| 111|0x0000000088b00000, 0x0000000088b00000, 0x0000000088c00000|  0%| F|  |TAMS 0x0000000088b00000, 0x0000000088b00000| Untracked 
| 112|0x0000000088c00000, 0x0000000088c00000, 0x0000000088d00000|  0%| F|  |TAMS 0x0000000088c00000, 0x0000000088c00000| Untracked 
| 113|0x0000000088d00000, 0x0000000088d00000, 0x0000000088e00000|  0%| F|  |TAMS 0x0000000088d00000, 0x0000000088d00000| Untracked 
| 114|0x0000000088e00000, 0x0000000088e00000, 0x0000000088f00000|  0%| F|  |TAMS 0x0000000088e00000, 0x0000000088e00000| Untracked 
| 115|0x0000000088f00000, 0x0000000088f00000, 0x0000000089000000|  0%| F|  |TAMS 0x0000000088f00000, 0x0000000088f00000| Untracked 
| 116|0x0000000089000000, 0x0000000089000000, 0x0000000089100000|  0%| F|  |TAMS 0x0000000089000000, 0x0000000089000000| Untracked 
| 117|0x0000000089100000, 0x0000000089100000, 0x0000000089200000|  0%| F|  |TAMS 0x0000000089100000, 0x0000000089100000| Untracked 
| 118|0x0000000089200000, 0x0000000089200000, 0x0000000089300000|  0%| F|  |TAMS 0x0000000089200000, 0x0000000089200000| Untracked 
| 119|0x0000000089300000, 0x0000000089300000, 0x0000000089400000|  0%| F|  |TAMS 0x0000000089300000, 0x0000000089300000| Untracked 
| 120|0x0000000089400000, 0x0000000089400000, 0x0000000089500000|  0%| F|  |TAMS 0x0000000089400000, 0x0000000089400000| Untracked 
| 121|0x0000000089500000, 0x0000000089500000, 0x0000000089600000|  0%| F|  |TAMS 0x0000000089500000, 0x0000000089500000| Untracked 
| 122|0x0000000089600000, 0x0000000089600000, 0x0000000089700000|  0%| F|  |TAMS 0x0000000089600000, 0x0000000089600000| Untracked 
| 123|0x0000000089700000, 0x00000000897ddca0, 0x0000000089800000| 86%| S|CS|TAMS 0x0000000089700000, 0x0000000089700000| Complete 
| 124|0x0000000089800000, 0x0000000089900000, 0x0000000089900000|100%| S|CS|TAMS 0x0000000089800000, 0x0000000089800000| Complete 
| 125|0x0000000089900000, 0x0000000089a00000, 0x0000000089a00000|100%| S|CS|TAMS 0x0000000089900000, 0x0000000089900000| Complete 
| 126|0x0000000089a00000, 0x0000000089a00000, 0x0000000089b00000|  0%| F|  |TAMS 0x0000000089a00000, 0x0000000089a00000| Untracked 
| 127|0x0000000089b00000, 0x0000000089b00000, 0x0000000089c00000|  0%| F|  |TAMS 0x0000000089b00000, 0x0000000089b00000| Untracked 
| 128|0x0000000089c00000, 0x0000000089c00000, 0x0000000089d00000|  0%| F|  |TAMS 0x0000000089c00000, 0x0000000089c00000| Untracked 
| 129|0x0000000089d00000, 0x0000000089d00000, 0x0000000089e00000|  0%| F|  |TAMS 0x0000000089d00000, 0x0000000089d00000| Untracked 
| 130|0x0000000089e00000, 0x0000000089e00000, 0x0000000089f00000|  0%| F|  |TAMS 0x0000000089e00000, 0x0000000089e00000| Untracked 
| 131|0x0000000089f00000, 0x0000000089f00000, 0x000000008a000000|  0%| F|  |TAMS 0x0000000089f00000, 0x0000000089f00000| Untracked 
| 132|0x000000008a000000, 0x000000008a000000, 0x000000008a100000|  0%| F|  |TAMS 0x000000008a000000, 0x000000008a000000| Untracked 
| 133|0x000000008a100000, 0x000000008a100000, 0x000000008a200000|  0%| F|  |TAMS 0x000000008a100000, 0x000000008a100000| Untracked 
| 134|0x000000008a200000, 0x000000008a200000, 0x000000008a300000|  0%| F|  |TAMS 0x000000008a200000, 0x000000008a200000| Untracked 
| 135|0x000000008a300000, 0x000000008a300000, 0x000000008a400000|  0%| F|  |TAMS 0x000000008a300000, 0x000000008a300000| Untracked 
| 136|0x000000008a400000, 0x000000008a400000, 0x000000008a500000|  0%| F|  |TAMS 0x000000008a400000, 0x000000008a400000| Untracked 
| 137|0x000000008a500000, 0x000000008a500000, 0x000000008a600000|  0%| F|  |TAMS 0x000000008a500000, 0x000000008a500000| Untracked 
| 138|0x000000008a600000, 0x000000008a600000, 0x000000008a700000|  0%| F|  |TAMS 0x000000008a600000, 0x000000008a600000| Untracked 
| 139|0x000000008a700000, 0x000000008a700000, 0x000000008a800000|  0%| F|  |TAMS 0x000000008a700000, 0x000000008a700000| Untracked 
| 140|0x000000008a800000, 0x000000008a8ec088, 0x000000008a900000| 92%| E|  |TAMS 0x000000008a800000, 0x000000008a800000| Complete 
| 141|0x000000008a900000, 0x000000008aa00000, 0x000000008aa00000|100%| E|CS|TAMS 0x000000008a900000, 0x000000008a900000| Complete 
| 142|0x000000008aa00000, 0x000000008ab00000, 0x000000008ab00000|100%| E|CS|TAMS 0x000000008aa00000, 0x000000008aa00000| Complete 
| 143|0x000000008ab00000, 0x000000008ac00000, 0x000000008ac00000|100%| E|CS|TAMS 0x000000008ab00000, 0x000000008ab00000| Complete 
| 144|0x000000008ac00000, 0x000000008ad00000, 0x000000008ad00000|100%| E|CS|TAMS 0x000000008ac00000, 0x000000008ac00000| Complete 
| 145|0x000000008ad00000, 0x000000008ae00000, 0x000000008ae00000|100%| E|CS|TAMS 0x000000008ad00000, 0x000000008ad00000| Complete 
| 146|0x000000008ae00000, 0x000000008af00000, 0x000000008af00000|100%| E|CS|TAMS 0x000000008ae00000, 0x000000008ae00000| Complete 

Card table byte_map: [0x00000208e1e30000,0x00000208e2230000] _byte_map_base: 0x00000208e1a22000

Marking Bits (Prev, Next): (CMBitMap*) 0x00000208cb1d2b30, (CMBitMap*) 0x00000208cb1d2b70
 Prev Bits: [0x00000208e2630000, 0x00000208e45c0000)
 Next Bits: [0x00000208e45c0000, 0x00000208e6550000)

Polling page: 0x00000208ca940000

Metaspace:

Usage:
  Non-class:     28.32 MB used.
      Class:      3.59 MB used.
       Both:     31.92 MB used.

Virtual space:
  Non-class space:       64.00 MB reserved,      28.94 MB ( 45%) committed,  1 nodes.
      Class space:        1.00 GB reserved,       3.88 MB ( <1%) committed,  1 nodes.
             Both:        1.06 GB reserved,      32.81 MB (  3%) committed. 

Chunk freelists:
   Non-Class:  3.52 MB
       Class:  12.28 MB
        Both:  15.79 MB

MaxMetaspaceSize: unlimited
CompressedClassSpaceSize: 1.00 GB
Initial GC threshold: 21.00 MB
Current GC threshold: 54.19 MB
CDS: on
MetaspaceReclaimPolicy: balanced
 - commit_granule_bytes: 65536.
 - commit_granule_words: 8192.
 - virtual_space_node_default_size: 8388608.
 - enlarge_chunks_in_place: 1.
 - new_chunks_are_fully_committed: 0.
 - uncommit_free_chunks: 1.
 - use_allocation_guard: 0.
 - handle_deallocations: 1.


Internal statistics:

num_allocs_failed_limit: 6.
num_arena_births: 318.
num_arena_deaths: 8.
num_vsnodes_births: 2.
num_vsnodes_deaths: 0.
num_space_committed: 543.
num_space_uncommitted: 18.
num_chunks_returned_to_freelist: 111.
num_chunks_taken_from_freelist: 1641.
num_chunk_merges: 24.
num_chunk_splits: 1098.
num_chunks_enlarged: 816.
num_inconsistent_stats: 0.

CodeHeap 'non-profiled nmethods': size=120000Kb used=4550Kb max_used=4550Kb free=115449Kb
 bounds [0x00000208da500000, 0x00000208da980000, 0x00000208e1a30000]
CodeHeap 'profiled nmethods': size=120000Kb used=18204Kb max_used=18204Kb free=101795Kb
 bounds [0x00000208d2a30000, 0x00000208d3c00000, 0x00000208d9f60000]
CodeHeap 'non-nmethods': size=5760Kb used=1225Kb max_used=1305Kb free=4534Kb
 bounds [0x00000208d9f60000, 0x00000208da1d0000, 0x00000208da500000]
 total_blobs=8669 nmethods=8138 adapters=443
 compilation: enabled
              stopped_count=0, restarted_count=0
 full_count=0

Compilation events (20 events):
Event: 18.561 Thread 0x00000208e8a1e830 8953       3       java.lang.invoke.LambdaForm$NamedFunction::methodType (23 bytes)
Event: 18.561 Thread 0x00000208e8a1e830 nmethod 8953 0x00000208d3be8610 code [0x00000208d3be87c0, 0x00000208d3be8a08]
Event: 18.561 Thread 0x00000208e8a1e830 8954       3       java.lang.invoke.LambdaForm$BasicType::basicType (187 bytes)
Event: 18.562 Thread 0x00000208e8a1e830 nmethod 8954 0x00000208d3be8b10 code [0x00000208d3be8da0, 0x00000208d3be98e8]
Event: 18.568 Thread 0x00000208e8a1e830 8955       3       java.lang.ProcessEnvironment$NameComparator::compare (90 bytes)
Event: 18.569 Thread 0x00000208e8a1e830 nmethod 8955 0x00000208d3be9b90 code [0x00000208d3be9ea0, 0x00000208d3beb198]
Event: 18.569 Thread 0x00000208e8a1e830 8956       3       java.lang.ProcessEnvironment$CheckedEntry::getKey (5 bytes)
Event: 18.570 Thread 0x00000208e8a1e830 nmethod 8956 0x00000208d3beba90 code [0x00000208d3bebc40, 0x00000208d3bebf68]
Event: 18.570 Thread 0x00000208e8a1e830 8957       3       java.lang.ProcessEnvironment$CheckedEntry::getKey (13 bytes)
Event: 18.570 Thread 0x00000208e8a1e830 nmethod 8957 0x00000208d3bec090 code [0x00000208d3bec240, 0x00000208d3bec508]
Event: 18.570 Thread 0x00000208e8a1e830 8958       3       java.lang.ProcessEnvironment$CheckedEntry::getValue (5 bytes)
Event: 18.570 Thread 0x00000208e8a1e830 nmethod 8958 0x00000208d3bec610 code [0x00000208d3bec7c0, 0x00000208d3becb08]
Event: 18.570 Thread 0x00000208e8a1e830 8959       3       java.lang.ProcessEnvironment$CheckedEntry::getValue (13 bytes)
Event: 18.570 Thread 0x00000208e8a1e830 nmethod 8959 0x00000208d3becc10 code [0x00000208d3becdc0, 0x00000208d3bed088]
Event: 18.576 Thread 0x00000208e8a1e830 8963       3       jdk.internal.org.objectweb.asm.MethodWriter::visitAnnotation (40 bytes)
Event: 18.576 Thread 0x00000208e8a1e830 nmethod 8963 0x00000208d3bed190 code [0x00000208d3bed340, 0x00000208d3bed5f8]
Event: 18.576 Thread 0x00000208e8a1e830 8964       3       jdk.internal.org.objectweb.asm.AnnotationWriter::create (34 bytes)
Event: 18.577 Thread 0x00000208e8a1e830 nmethod 8964 0x00000208d3bed690 code [0x00000208d3bed880, 0x00000208d3bedd38]
Event: 18.577 Thread 0x00000208e8a1e830 8965       3       java.lang.invoke.LambdaForm::returnType (26 bytes)
Event: 18.577 Thread 0x00000208e8a1e830 nmethod 8965 0x00000208d3bedf10 code [0x00000208d3bee0c0, 0x00000208d3bee278]

GC Heap History (20 events):
Event: 8.947 GC heap before
{Heap before GC invocations=8 (full 0):
 garbage-first heap   total 75776K, used 34606K [0x0000000081c00000, 0x0000000100000000)
  region size 1024K, 7 young (7168K), 6 survivors (6144K)
 Metaspace       used 25526K, committed 25856K, reserved 1114112K
  class space    used 2973K, committed 3136K, reserved 1048576K
}
Event: 8.957 GC heap after
{Heap after GC invocations=9 (full 0):
 garbage-first heap   total 75776K, used 35328K [0x0000000081c00000, 0x0000000100000000)
  region size 1024K, 1 young (1024K), 1 survivors (1024K)
 Metaspace       used 25526K, committed 25856K, reserved 1114112K
  class space    used 2973K, committed 3136K, reserved 1048576K
}
Event: 9.559 GC heap before
{Heap before GC invocations=9 (full 0):
 garbage-first heap   total 75776K, used 49664K [0x0000000081c00000, 0x0000000100000000)
  region size 1024K, 15 young (15360K), 1 survivors (1024K)
 Metaspace       used 26151K, committed 26432K, reserved 1114112K
  class space    used 3042K, committed 3200K, reserved 1048576K
}
Event: 9.570 GC heap after
{Heap after GC invocations=10 (full 0):
 garbage-first heap   total 75776K, used 38912K [0x0000000081c00000, 0x0000000100000000)
  region size 1024K, 2 young (2048K), 2 survivors (2048K)
 Metaspace       used 26151K, committed 26432K, reserved 1114112K
  class space    used 3042K, committed 3200K, reserved 1048576K
}
Event: 9.950 GC heap before
{Heap before GC invocations=11 (full 0):
 garbage-first heap   total 75776K, used 52224K [0x0000000081c00000, 0x0000000100000000)
  region size 1024K, 15 young (15360K), 2 survivors (2048K)
 Metaspace       used 26315K, committed 26624K, reserved 1114112K
  class space    used 3043K, committed 3200K, reserved 1048576K
}
Event: 9.961 GC heap after
{Heap after GC invocations=12 (full 0):
 garbage-first heap   total 75776K, used 41542K [0x0000000081c00000, 0x0000000100000000)
  region size 1024K, 2 young (2048K), 2 survivors (2048K)
 Metaspace       used 26315K, committed 26624K, reserved 1114112K
  class space    used 3043K, committed 3200K, reserved 1048576K
}
Event: 10.275 GC heap before
{Heap before GC invocations=12 (full 0):
 garbage-first heap   total 75776K, used 53830K [0x0000000081c00000, 0x0000000100000000)
  region size 1024K, 14 young (14336K), 2 survivors (2048K)
 Metaspace       used 26514K, committed 26816K, reserved 1114112K
  class space    used 3057K, committed 3200K, reserved 1048576K
}
Event: 10.291 GC heap after
{Heap after GC invocations=13 (full 0):
 garbage-first heap   total 150528K, used 43974K [0x0000000081c00000, 0x0000000100000000)
  region size 1024K, 2 young (2048K), 2 survivors (2048K)
 Metaspace       used 26514K, committed 26816K, reserved 1114112K
  class space    used 3057K, committed 3200K, reserved 1048576K
}
Event: 12.117 GC heap before
{Heap before GC invocations=14 (full 0):
 garbage-first heap   total 150528K, used 91078K [0x0000000081c00000, 0x0000000100000000)
  region size 1024K, 49 young (50176K), 2 survivors (2048K)
 Metaspace       used 28969K, committed 29312K, reserved 1114112K
  class space    used 3328K, committed 3456K, reserved 1048576K
}
Event: 12.126 GC heap after
{Heap after GC invocations=15 (full 0):
 garbage-first heap   total 150528K, used 45904K [0x0000000081c00000, 0x0000000100000000)
  region size 1024K, 4 young (4096K), 4 survivors (4096K)
 Metaspace       used 28969K, committed 29312K, reserved 1114112K
  class space    used 3328K, committed 3456K, reserved 1048576K
}
Event: 12.966 GC heap before
{Heap before GC invocations=15 (full 0):
 garbage-first heap   total 150528K, used 97104K [0x0000000081c00000, 0x0000000100000000)
  region size 1024K, 54 young (55296K), 4 survivors (4096K)
 Metaspace       used 29410K, committed 29696K, reserved 1114112K
  class space    used 3346K, committed 3456K, reserved 1048576K
}
Event: 12.978 GC heap after
{Heap after GC invocations=16 (full 0):
 garbage-first heap   total 150528K, used 47206K [0x0000000081c00000, 0x0000000100000000)
  region size 1024K, 4 young (4096K), 4 survivors (4096K)
 Metaspace       used 29410K, committed 29696K, reserved 1114112K
  class space    used 3346K, committed 3456K, reserved 1048576K
}
Event: 14.898 GC heap before
{Heap before GC invocations=16 (full 0):
 garbage-first heap   total 150528K, used 101478K [0x0000000081c00000, 0x0000000100000000)
  region size 1024K, 57 young (58368K), 4 survivors (4096K)
 Metaspace       used 31715K, committed 32128K, reserved 1114112K
  class space    used 3592K, committed 3776K, reserved 1048576K
}
Event: 14.915 GC heap after
{Heap after GC invocations=17 (full 0):
 garbage-first heap   total 150528K, used 48616K [0x0000000081c00000, 0x0000000100000000)
  region size 1024K, 6 young (6144K), 6 survivors (6144K)
 Metaspace       used 31715K, committed 32128K, reserved 1114112K
  class space    used 3592K, committed 3776K, reserved 1048576K
}
Event: 16.022 GC heap before
{Heap before GC invocations=17 (full 0):
 garbage-first heap   total 150528K, used 112104K [0x0000000081c00000, 0x0000000100000000)
  region size 1024K, 62 young (63488K), 6 survivors (6144K)
 Metaspace       used 32015K, committed 32384K, reserved 1114112K
  class space    used 3614K, committed 3776K, reserved 1048576K
}
Event: 16.055 GC heap after
{Heap after GC invocations=18 (full 0):
 garbage-first heap   total 150528K, used 75776K [0x0000000081c00000, 0x0000000100000000)
  region size 1024K, 8 young (8192K), 8 survivors (8192K)
 Metaspace       used 32015K, committed 32384K, reserved 1114112K
  class space    used 3614K, committed 3776K, reserved 1048576K
}
Event: 17.749 GC heap before
{Heap before GC invocations=18 (full 0):
 garbage-first heap   total 150528K, used 111616K [0x0000000081c00000, 0x0000000100000000)
  region size 1024K, 44 young (45056K), 8 survivors (8192K)
 Metaspace       used 33225K, committed 33536K, reserved 1114112K
  class space    used 3762K, committed 3904K, reserved 1048576K
}
Event: 17.761 GC heap after
{Heap after GC invocations=19 (full 0):
 garbage-first heap   total 150528K, used 71573K [0x0000000081c00000, 0x0000000100000000)
  region size 1024K, 2 young (2048K), 2 survivors (2048K)
 Metaspace       used 33225K, committed 33536K, reserved 1114112K
  class space    used 3762K, committed 3904K, reserved 1048576K
}
Event: 18.353 GC heap before
{Heap before GC invocations=19 (full 0):
 garbage-first heap   total 150528K, used 92053K [0x0000000081c00000, 0x0000000100000000)
  region size 1024K, 23 young (23552K), 2 survivors (2048K)
 Metaspace       used 33940K, committed 34368K, reserved 1114112K
  class space    used 3830K, committed 4032K, reserved 1048576K
}
Event: 18.358 GC heap after
{Heap after GC invocations=20 (full 0):
 garbage-first heap   total 150528K, used 73079K [0x0000000081c00000, 0x0000000100000000)
  region size 1024K, 3 young (3072K), 3 survivors (3072K)
 Metaspace       used 33940K, committed 34368K, reserved 1114112K
  class space    used 3830K, committed 4032K, reserved 1048576K
}

Deoptimization events (20 events):
Event: 18.267 Thread 0x00000208cb1779a0 Uncommon trap: trap_request=0xffffffde fr.pc=0x00000208da5d7124 relative=0x0000000000000084
Event: 18.267 Thread 0x00000208cb1779a0 Uncommon trap: reason=class_check action=maybe_recompile pc=0x00000208da5d7124 method=com.google.inject.internal.MoreTypes.getRawType(Ljava/lang/reflect/Type;)Ljava/lang/Class; @ 13 c2
Event: 18.267 Thread 0x00000208cb1779a0 DEOPT PACKING pc=0x00000208da5d7124 sp=0x00000018e5afd9e0
Event: 18.267 Thread 0x00000208cb1779a0 DEOPT UNPACKING pc=0x00000208d9fb23a3 sp=0x00000018e5afd970 mode 2
Event: 18.347 Thread 0x00000208cb1779a0 DEOPT PACKING pc=0x00000208d33f9cfa sp=0x00000018e5afd3d0
Event: 18.347 Thread 0x00000208cb1779a0 DEOPT UNPACKING pc=0x00000208d9fb2b43 sp=0x00000018e5afc950 mode 0
Event: 18.365 Thread 0x00000208cb1779a0 DEOPT PACKING pc=0x00000208d33f9cfa sp=0x00000018e5afd3d0
Event: 18.365 Thread 0x00000208cb1779a0 DEOPT UNPACKING pc=0x00000208d9fb2b43 sp=0x00000018e5afc950 mode 0
Event: 18.376 Thread 0x00000208cb1779a0 DEOPT PACKING pc=0x00000208d33f9cfa sp=0x00000018e5afd3d0
Event: 18.376 Thread 0x00000208cb1779a0 DEOPT UNPACKING pc=0x00000208d9fb2b43 sp=0x00000018e5afc950 mode 0
Event: 18.396 Thread 0x00000208cb1779a0 DEOPT PACKING pc=0x00000208d33f9cfa sp=0x00000018e5afd3d0
Event: 18.396 Thread 0x00000208cb1779a0 DEOPT UNPACKING pc=0x00000208d9fb2b43 sp=0x00000018e5afc950 mode 0
Event: 18.459 Thread 0x00000208cb1779a0 Uncommon trap: trap_request=0xffffff45 fr.pc=0x00000208da5d0fe0 relative=0x0000000000000060
Event: 18.459 Thread 0x00000208cb1779a0 Uncommon trap: reason=unstable_if action=reinterpret pc=0x00000208da5d0fe0 method=java.lang.invoke.VarHandle.checkExactAccessMode(Ljava/lang/invoke/VarHandle$AccessDescriptor;)V @ 4 c2
Event: 18.459 Thread 0x00000208cb1779a0 DEOPT PACKING pc=0x00000208da5d0fe0 sp=0x00000018e5afc3e0
Event: 18.459 Thread 0x00000208cb1779a0 DEOPT UNPACKING pc=0x00000208d9fb23a3 sp=0x00000018e5afc380 mode 2
Event: 18.581 Thread 0x00000208cb1779a0 Uncommon trap: trap_request=0xffffffde fr.pc=0x00000208da6e37e4 relative=0x0000000000000544
Event: 18.581 Thread 0x00000208cb1779a0 Uncommon trap: reason=class_check action=maybe_recompile pc=0x00000208da6e37e4 method=java.util.Hashtable.get(Ljava/lang/Object;)Ljava/lang/Object; @ 6 c2
Event: 18.581 Thread 0x00000208cb1779a0 DEOPT PACKING pc=0x00000208da6e37e4 sp=0x00000018e5afda00
Event: 18.581 Thread 0x00000208cb1779a0 DEOPT UNPACKING pc=0x00000208d9fb23a3 sp=0x00000018e5afd9b0 mode 2

Classes unloaded (20 events):
Event: 18.434 Thread 0x00000208e89e8360 Unloading class 0x00000208813327c8 'lombok/javac/apt/MessagerDiagnosticsReceiver'
Event: 18.434 Thread 0x00000208e89e8360 Unloading class 0x0000020881332420 'lombok/javac/apt/InterceptingJavaFileManager'
Event: 18.434 Thread 0x00000208e89e8360 Unloading class 0x0000020881332218 'lombok/permit/dummy/Parent'
Event: 18.434 Thread 0x00000208e89e8360 Unloading class 0x0000020881332000 'lombok/core/CleanupRegistry'
Event: 18.434 Thread 0x00000208e89e8360 Unloading class 0x0000020881331de8 'lombok/permit/Permit$Fake'
Event: 18.434 Thread 0x00000208e89e8360 Unloading class 0x0000020881331be8 'lombok/permit/Permit'
Event: 18.434 Thread 0x00000208e89e8360 Unloading class 0x00000208813319f0 'lombok/core/DiagnosticsReceiver'
Event: 18.434 Thread 0x00000208e89e8360 Unloading class 0x0000020881331700 'lombok/javac/apt/LombokProcessor$1'
Event: 18.434 Thread 0x00000208e89e8360 Unloading class 0x0000020881331468 'lombok/javac/apt/LombokProcessor'
Event: 18.434 Thread 0x00000208e89e8360 Unloading class 0x0000020881331238 'lombok/core/AnnotationProcessor$EcjDescriptor'
Event: 18.434 Thread 0x00000208e89e8360 Unloading class 0x0000020881331000 'lombok/core/AnnotationProcessor$JavacDescriptor'
Event: 18.434 Thread 0x00000208e89e8360 Unloading class 0x0000020881330a80 'lombok/core/AnnotationProcessor$ProcessorDescriptor'
Event: 18.434 Thread 0x00000208e89e8360 Unloading class 0x0000020881330800 'lombok/core/AnnotationProcessor'
Event: 18.434 Thread 0x00000208e89e8360 Unloading class 0x000002088136f800 'lombok/launch/AnnotationProcessorHider$ClaimingProcessor'
Event: 18.434 Thread 0x00000208e89e8360 Unloading class 0x0000020881330498 'lombok/launch/AnnotationProcessorHider$AstModificationNotifierData'
Event: 18.434 Thread 0x00000208e89e8360 Unloading class 0x0000020881330218 'lombok/launch/ClassFileMetaData'
Event: 18.434 Thread 0x00000208e89e8360 Unloading class 0x0000020881330000 'lombok/launch/PackageShader'
Event: 18.434 Thread 0x00000208e89e8360 Unloading class 0x0000020881308480 'lombok/launch/ShadowClassLoader'
Event: 18.434 Thread 0x00000208e89e8360 Unloading class 0x0000020881308280 'lombok/launch/Main'
Event: 18.434 Thread 0x00000208e89e8360 Unloading class 0x0000020881308000 'lombok/launch/AnnotationProcessorHider$AnnotationProcessor'

Classes redefined (0 events):
No events

Internal exceptions (20 events):
Event: 16.908 Thread 0x00000208cb1779a0 Exception <a 'sun/nio/fs/WindowsException'{0x00000000896eb608}> (0x00000000896eb608) 
thrown [s\open\src\hotspot\share\prims\jni.cpp, line 516]
Event: 16.913 Thread 0x00000208cb1779a0 Exception <a 'sun/nio/fs/WindowsException'{0x0000000089520928}> (0x0000000089520928) 
thrown [s\open\src\hotspot\share\prims\jni.cpp, line 516]
Event: 16.913 Thread 0x00000208cb1779a0 Exception <a 'sun/nio/fs/WindowsException'{0x0000000089520c28}> (0x0000000089520c28) 
thrown [s\open\src\hotspot\share\prims\jni.cpp, line 516]
Event: 16.913 Thread 0x00000208cb1779a0 Exception <a 'sun/nio/fs/WindowsException'{0x0000000089521e28}> (0x0000000089521e28) 
thrown [s\open\src\hotspot\share\prims\jni.cpp, line 516]
Event: 16.913 Thread 0x00000208cb1779a0 Exception <a 'sun/nio/fs/WindowsException'{0x00000000895221f8}> (0x00000000895221f8) 
thrown [s\open\src\hotspot\share\prims\jni.cpp, line 516]
Event: 16.913 Thread 0x00000208cb1779a0 Exception <a 'sun/nio/fs/WindowsException'{0x00000000895234c8}> (0x00000000895234c8) 
thrown [s\open\src\hotspot\share\prims\jni.cpp, line 516]
Event: 16.913 Thread 0x00000208cb1779a0 Exception <a 'sun/nio/fs/WindowsException'{0x00000000895237f8}> (0x00000000895237f8) 
thrown [s\open\src\hotspot\share\prims\jni.cpp, line 516]
Event: 16.920 Thread 0x00000208cb1779a0 Exception <a 'sun/nio/fs/WindowsException'{0x0000000089545be8}> (0x0000000089545be8) 
thrown [s\open\src\hotspot\share\prims\jni.cpp, line 516]
Event: 16.920 Thread 0x00000208cb1779a0 Exception <a 'sun/nio/fs/WindowsException'{0x0000000089545ee8}> (0x0000000089545ee8) 
thrown [s\open\src\hotspot\share\prims\jni.cpp, line 516]
Event: 16.921 Thread 0x00000208cb1779a0 Exception <a 'sun/nio/fs/WindowsException'{0x0000000089546e40}> (0x0000000089546e40) 
thrown [s\open\src\hotspot\share\prims\jni.cpp, line 516]
Event: 16.921 Thread 0x00000208cb1779a0 Exception <a 'sun/nio/fs/WindowsException'{0x0000000089547210}> (0x0000000089547210) 
thrown [s\open\src\hotspot\share\prims\jni.cpp, line 516]
Event: 16.921 Thread 0x00000208cb1779a0 Exception <a 'sun/nio/fs/WindowsException'{0x0000000089548238}> (0x0000000089548238) 
thrown [s\open\src\hotspot\share\prims\jni.cpp, line 516]
Event: 16.921 Thread 0x00000208cb1779a0 Exception <a 'sun/nio/fs/WindowsException'{0x0000000089548568}> (0x0000000089548568) 
thrown [s\open\src\hotspot\share\prims\jni.cpp, line 516]
Event: 18.551 Thread 0x00000208cb1779a0 Exception <a 'java/lang/NoSuchMethodError'{0x000000008a96ff18}: 'java.lang.Object java.lang.invoke.DirectMethodHandle$Holder.invokeStaticInit(java.lang.Object, java.lang.Object, int, int, int, int)'> (0x000000008a96ff18) 
thrown [s\open\src\hotspot\share\interpreter\linkResolver.cpp, line 759]
Event: 18.573 Thread 0x00000208cb1779a0 Exception <a 'java/lang/NoSuchMethodError'{0x000000008a9c6da8}: 'void java.lang.invoke.DirectMethodHandle$Holder.invokeStatic(java.lang.Object, long)'> (0x000000008a9c6da8) 
thrown [s\open\src\hotspot\share\interpreter\linkResolver.cpp, line 759]
Event: 18.574 Thread 0x00000208cb1779a0 Exception <a 'java/lang/NoSuchMethodError'{0x000000008a9cc300}: 'java.lang.Object java.lang.invoke.DirectMethodHandle$Holder.newInvokeSpecial(java.lang.Object, long)'> (0x000000008a9cc300) 
thrown [s\open\src\hotspot\share\interpreter\linkResolver.cpp, line 759]
Event: 18.576 Thread 0x00000208cb1779a0 Exception <a 'java/lang/NoSuchMethodError'{0x000000008a9d3468}: 'java.lang.Object java.lang.invoke.DirectMethodHandle$Holder.invokeStatic(java.lang.Object, java.lang.Object, long, java.lang.Object)'> (0x000000008a9d3468) 
thrown [s\open\src\hotspot\share\interpreter\linkResolver.cpp, line 759]
Event: 18.576 Thread 0x00000208cb1779a0 Exception <a 'java/lang/NoSuchMethodError'{0x000000008a9d6c40}: 'java.lang.Object java.lang.invoke.DirectMethodHandle$Holder.invokeStaticInit(java.lang.Object, java.lang.Object, long, java.lang.Object)'> (0x000000008a9d6c40) 
thrown [s\open\src\hotspot\share\interpreter\linkResolver.cpp, line 759]
Event: 18.577 Thread 0x00000208cb1779a0 Exception <a 'java/lang/NoSuchMethodError'{0x000000008a9dd250}: 'java.lang.Object java.lang.invoke.DirectMethodHandle$Holder.newInvokeSpecial(java.lang.Object, java.lang.Object, long)'> (0x000000008a9dd250) 
thrown [s\open\src\hotspot\share\interpreter\linkResolver.cpp, line 759]
Event: 18.577 Thread 0x00000208cb1779a0 Exception <a 'java/lang/NoSuchMethodError'{0x000000008a9e0dc0}: 'java.lang.Object java.lang.invoke.Invokers$Holder.linkToTargetMethod(java.lang.Object, long, java.lang.Object)'> (0x000000008a9e0dc0) 
thrown [s\open\src\hotspot\share\interpreter\linkResolver.cpp, line 759]

VM Operations (20 events):
Event: 15.917 Executing VM operation: Cleanup
Event: 15.932 Executing VM operation: Cleanup done
Event: 16.022 Executing VM operation: G1CollectForAllocation
Event: 16.055 Executing VM operation: G1CollectForAllocation done
Event: 17.066 Executing VM operation: Cleanup
Event: 17.067 Executing VM operation: Cleanup done
Event: 17.749 Executing VM operation: G1CollectForAllocation
Event: 17.762 Executing VM operation: G1CollectForAllocation done
Event: 18.234 Executing VM operation: HandshakeAllThreads
Event: 18.234 Executing VM operation: HandshakeAllThreads done
Event: 18.353 Executing VM operation: G1TryInitiateConcMark
Event: 18.361 Executing VM operation: G1TryInitiateConcMark done
Event: 18.429 Executing VM operation: G1Concurrent
Event: 18.451 Executing VM operation: G1Concurrent done
Event: 18.451 Executing VM operation: HandshakeAllThreads
Event: 18.467 Executing VM operation: HandshakeAllThreads done
Event: 18.487 Executing VM operation: G1Concurrent
Event: 18.489 Executing VM operation: G1Concurrent done
Event: 18.489 Executing VM operation: HandshakeAllThreads
Event: 18.489 Executing VM operation: HandshakeAllThreads done

Events (20 events):
Event: 18.579 loading class java/util/concurrent/SynchronousQueue$Transferer done
Event: 18.579 loading class java/util/concurrent/SynchronousQueue$TransferStack done
Event: 18.579 loading class java/util/concurrent/SynchronousQueue$TransferStack$SNode
Event: 18.579 loading class java/util/concurrent/SynchronousQueue$TransferStack$SNode done
Event: 18.579 loading class java/lang/ProcessImpl$2
Event: 18.579 loading class java/lang/ProcessImpl$2 done
Event: 18.579 loading class java/lang/ProcessBuilder$NullOutputStream
Event: 18.579 loading class java/lang/ProcessBuilder$NullOutputStream done
Event: 18.579 loading class java/lang/ProcessBuilder$NullInputStream
Event: 18.579 loading class java/lang/ProcessBuilder$NullInputStream done
Event: 18.579 loading class jdk/internal/event/ProcessStartEvent
Event: 18.579 loading class jdk/internal/event/ProcessStartEvent done
Event: 18.580 loading class sun/misc/Signal
Event: 18.580 loading class sun/misc/Signal done
Event: 18.580 loading class sun/misc/SignalHandler
Event: 18.581 loading class sun/misc/SignalHandler done
Event: 18.581 loading class sun/misc/Signal$InternalMiscHandler
Event: 18.581 loading class sun/misc/Signal$InternalMiscHandler done
Event: 18.581 loading class sun/misc/Signal$SunMiscHandler
Event: 18.581 loading class sun/misc/Signal$SunMiscHandler done


Dynamic libraries:
0x00007ff7bace0000 - 0x00007ff7bacf0000 	C:\Program Files\Java\jdk-17\bin\java.exe
0x00007ff824950000 - 0x00007ff824b67000 	C:\Windows\SYSTEM32\ntdll.dll
0x00007ff823e10000 - 0x00007ff823ed4000 	C:\Windows\System32\KERNEL32.DLL
0x00007ff821e60000 - 0x00007ff822217000 	C:\Windows\System32\KERNELBASE.dll
0x00007ff822340000 - 0x00007ff822451000 	C:\Windows\System32\ucrtbase.dll
0x00007ff81d9f0000 - 0x00007ff81da09000 	C:\Program Files\Java\jdk-17\bin\jli.dll
0x00007ff8101a0000 - 0x00007ff8101bb000 	C:\Program Files\Java\jdk-17\bin\VCRUNTIME140.dll
0x00007ff822d60000 - 0x00007ff822e12000 	C:\Windows\System32\ADVAPI32.dll
0x00007ff823d60000 - 0x00007ff823e07000 	C:\Windows\System32\msvcrt.dll
0x00007ff823300000 - 0x00007ff8233a8000 	C:\Windows\System32\sechost.dll
0x00007ff822460000 - 0x00007ff822488000 	C:\Windows\System32\bcrypt.dll
0x00007ff8233d0000 - 0x00007ff8234e4000 	C:\Windows\System32\RPCRT4.dll
0x00007ff824700000 - 0x00007ff8248af000 	C:\Windows\System32\USER32.dll
0x00007ff821d00000 - 0x00007ff821d26000 	C:\Windows\System32\win32u.dll
0x00007ff80dd60000 - 0x00007ff80dff3000 	C:\Windows\WinSxS\amd64_microsoft.windows.common-controls_6595b64144ccf1df_6.0.22621.3672_none_2713b9d173822955\COMCTL32.dll
0x00007ff822e40000 - 0x00007ff822e69000 	C:\Windows\System32\GDI32.dll
0x00007ff822220000 - 0x00007ff822338000 	C:\Windows\System32\gdi32full.dll
0x00007ff821c60000 - 0x00007ff821cfa000 	C:\Windows\System32\msvcp_win.dll
0x00007ff80fe50000 - 0x00007ff80fe5a000 	C:\Windows\SYSTEM32\VERSION.dll
0x00007ff822e70000 - 0x00007ff822ea1000 	C:\Windows\System32\IMM32.DLL
0x00007ff81d9e0000 - 0x00007ff81d9ec000 	C:\Program Files\Java\jdk-17\bin\vcruntime140_1.dll
0x00007ff810090000 - 0x00007ff81011e000 	C:\Program Files\Java\jdk-17\bin\msvcp140.dll
0x00007fffdc6b0000 - 0x00007fffdd290000 	C:\Program Files\Java\jdk-17\bin\server\jvm.dll
0x00007ff822d50000 - 0x00007ff822d58000 	C:\Windows\System32\PSAPI.DLL
0x00007ff81b1c0000 - 0x00007ff81b1f4000 	C:\Windows\SYSTEM32\WINMM.dll
0x00007ff81e9c0000 - 0x00007ff81e9c9000 	C:\Windows\SYSTEM32\WSOCK32.dll
0x00007ff822cd0000 - 0x00007ff822d41000 	C:\Windows\System32\WS2_32.dll
0x00007ff820c70000 - 0x00007ff820c88000 	C:\Windows\SYSTEM32\kernel.appcore.dll
0x00007ff810190000 - 0x00007ff81019a000 	C:\Program Files\Java\jdk-17\bin\jimage.dll
0x00007ff81f4f0000 - 0x00007ff81f722000 	C:\Windows\SYSTEM32\DBGHELP.DLL
0x00007ff823ee0000 - 0x00007ff82426e000 	C:\Windows\System32\combase.dll
0x00007ff824320000 - 0x00007ff8243f7000 	C:\Windows\System32\OLEAUT32.dll
0x00007ff80d160000 - 0x00007ff80d192000 	C:\Windows\SYSTEM32\dbgcore.DLL
0x00007ff822490000 - 0x00007ff82250b000 	C:\Windows\System32\bcryptPrimitives.dll
0x00007ff810160000 - 0x00007ff810185000 	C:\Program Files\Java\jdk-17\bin\java.dll
0x00007ff80e860000 - 0x00007ff80e937000 	C:\Program Files\Java\jdk-17\bin\jsvml.dll
0x00007ff8234f0000 - 0x00007ff823d59000 	C:\Windows\System32\SHELL32.dll
0x00007ff81fb80000 - 0x00007ff82047f000 	C:\Windows\SYSTEM32\windows.storage.dll
0x00007ff81fa40000 - 0x00007ff81fb7f000 	C:\Windows\SYSTEM32\wintypes.dll
0x00007ff8230f0000 - 0x00007ff8231e9000 	C:\Windows\System32\SHCORE.dll
0x00007ff8242c0000 - 0x00007ff82431e000 	C:\Windows\System32\shlwapi.dll
0x00007ff821b90000 - 0x00007ff821bb7000 	C:\Windows\SYSTEM32\profapi.dll
0x00007ff810070000 - 0x00007ff810089000 	C:\Program Files\Java\jdk-17\bin\net.dll
0x00007ff81b560000 - 0x00007ff81b696000 	C:\Windows\SYSTEM32\WINHTTP.dll
0x00007ff8210d0000 - 0x00007ff821139000 	C:\Windows\system32\mswsock.dll
0x00007ff810050000 - 0x00007ff810066000 	C:\Program Files\Java\jdk-17\bin\nio.dll
0x00007ff810030000 - 0x00007ff810048000 	C:\Program Files\Java\jdk-17\bin\zip.dll
0x00007ff810000000 - 0x00007ff810024000 	C:\Users\edhim\.m2\wrapper\dists\apache-maven-3.9.10\a38810a491b03367137adfdfbe7d14c4\lib\jansi-native\Windows\x86_64\jansi.dll
0x00007ff810140000 - 0x00007ff810150000 	C:\Program Files\Java\jdk-17\bin\verify.dll
0x00007ff821420000 - 0x00007ff82143b000 	C:\Windows\SYSTEM32\CRYPTSP.dll
0x00007ff820bd0000 - 0x00007ff820c05000 	C:\Windows\system32\rsaenh.dll
0x00007ff821170000 - 0x00007ff821198000 	C:\Windows\SYSTEM32\USERENV.dll
0x00007ff821400000 - 0x00007ff82140c000 	C:\Windows\SYSTEM32\CRYPTBASE.dll
0x00007ff8206e0000 - 0x00007ff82070d000 	C:\Windows\SYSTEM32\IPHLPAPI.DLL
0x00007ff822cc0000 - 0x00007ff822cc9000 	C:\Windows\System32\NSI.dll
0x00007ff81add0000 - 0x00007ff81ade9000 	C:\Windows\SYSTEM32\dhcpcsvc6.DLL
0x00007ff81ac10000 - 0x00007ff81ac2f000 	C:\Windows\SYSTEM32\dhcpcsvc.DLL
0x00007ff820750000 - 0x00007ff820852000 	C:\Windows\SYSTEM32\DNSAPI.dll

dbghelp: loaded successfully - version: 4.0.5 - missing functions: none
symbol engine: initialized successfully - sym options: 0x614 - pdb path: .;C:\Program Files\Java\jdk-17\bin;C:\Windows\SYSTEM32;C:\Windows\WinSxS\amd64_microsoft.windows.common-controls_6595b64144ccf1df_6.0.22621.3672_none_2713b9d173822955;C:\Program Files\Java\jdk-17\bin\server;C:\Users\edhim\.m2\wrapper\dists\apache-maven-3.9.10\a38810a491b03367137adfdfbe7d14c4\lib\jansi-native\Windows\x86_64

VM Arguments:
jvm_args: --enable-native-access=ALL-UNNAMED -Dclassworlds.conf=C:\Users\edhim\.m2\wrapper\dists\apache-maven-3.9.10\a38810a491b03367137adfdfbe7d14c4\bin\m2.conf -Dmaven.home=C:\Users\edhim\.m2\wrapper\dists\apache-maven-3.9.10\a38810a491b03367137adfdfbe7d14c4 -Dlibrary.jansi.path=C:\Users\edhim\.m2\wrapper\dists\apache-maven-3.9.10\a38810a491b03367137adfdfbe7d14c4\lib\jansi-native -Dmaven.multiModuleProjectDirectory=C:\Users\edhim\Desktop\uni_project\backend\demo 
java_command: org.codehaus.plexus.classworlds.launcher.Launcher spring-boot:run
java_class_path (initial): C:\Users\edhim\.m2\wrapper\dists\apache-maven-3.9.10\a38810a491b03367137adfdfbe7d14c4\boot\plexus-classworlds-2.9.0.jar
Launcher Type: SUN_STANDARD

[Global flags]
     intx CICompilerCount                          = 3                                         {product} {ergonomic}
     uint ConcGCThreads                            = 1                                         {product} {ergonomic}
     uint G1ConcRefinementThreads                  = 4                                         {product} {ergonomic}
   size_t G1HeapRegionSize                         = 1048576                                   {product} {ergonomic}
    uintx GCDrainStackTargetSize                   = 64                                        {product} {ergonomic}
   size_t InitialHeapSize                          = 134217728                                 {product} {ergonomic}
   size_t MarkStackSize                            = 4194304                                   {product} {ergonomic}
   size_t MaxHeapSize                              = 2118123520                                {product} {ergonomic}
   size_t MaxNewSize                               = 1270874112                                {product} {ergonomic}
   size_t MinHeapDeltaBytes                        = 1048576                                   {product} {ergonomic}
   size_t MinHeapSize                              = 8388608                                   {product} {ergonomic}
    uintx NonNMethodCodeHeapSize                   = 5832780                                {pd product} {ergonomic}
    uintx NonProfiledCodeHeapSize                  = 122912730                              {pd product} {ergonomic}
    uintx ProfiledCodeHeapSize                     = 122912730                              {pd product} {ergonomic}
    uintx ReservedCodeCacheSize                    = 251658240                              {pd product} {ergonomic}
     bool SegmentedCodeCache                       = true                                      {product} {ergonomic}
   size_t SoftMaxHeapSize                          = 2118123520                             {manageable} {ergonomic}
     bool UseCompressedClassPointers               = true                           {product lp64_product} {ergonomic}
     bool UseCompressedOops                        = true                           {product lp64_product} {ergonomic}
     bool UseG1GC                                  = true                                      {product} {ergonomic}
     bool UseLargePagesIndividualAllocation        = false                                  {pd product} {ergonomic}

Logging:
Log output configuration:
 #0: stdout all=warning uptime,level,tags
 #1: stderr all=off uptime,level,tags

Environment Variables:
JAVA_HOME=C:\Program Files\Java\jdk-17
PATH=C:\Program Files\IBM\ILOG\CPLEX_Studio_Community2212\opl\bin\x64_win64;C:\Program Files\IBM\ILOG\CPLEX_Studio_Community2212\opl\oplide\;C:\Program Files\IBM\ILOG\CPLEX_Studio_Community2212\cplex\bin\x64_win64;C:\Program Files\IBM\ILOG\CPLEX_Studio_Community2212\cpoptimizer\bin\x64_win64;c:\Users\edhim\AppData\Local\Programs\cursor\resources\app\bin;C:\Program Files\Google\Chrome\Application;C:\Program Files\Common Files\Oracle\Java\javapath;C:\Windows\system32;C:\Windows;C:\Windows\System32\Wbem;C:\Windows\System32\WindowsPowerShell\v1.0\;C:\Windows\System32\OpenSSH\;C:\Program Files\MiKTeX\miktex\bin\x64\;C:\Program Files\nodejs\;C:\Program Files\MySQL\MySQL Server 9.0\bin;C:\Program Files\Java\jdk-23\bin;C:\Program Files\MySQL\MySQL Server 9.0\bin;C:\Program Files\Git\cmd;C:\ProgramData\chocolatey\bin;C:\Strawberry\c\bin;C:\Strawberry\perl\site\bin;C:\Strawberry\perl\bin;C:\src\flutter\bin;C:\Users\edhim\AppData\Local\Microsoft\WindowsApps;C:\Program Files\mingw-w64\x86_64-8.1.0-posix-seh-rt_v6-rev0\min64\bin;C:\msys64\ucrt64\bin;C:\Users\edhim\Desktop\codes\python\manim;C:\ffmpeg;C:\Users\edhim\Downloads\platform-tools-latest-windows.zip\platform-tools;C:\Program Files\Java\jdk-23\bin;C:\Users\edhim\AppData\Roaming\npm;C:\src\flutter\bin;C:\Program Files\mybins;C:\Users\edhim\AppData\Loca;C:\Users\edhim\AppData\Local\Microsoft\WindowsApps;C:\Users\edhim\AppData\Local\Programs\Microsoft VS Code\bin;C:\Program Files\mingw-w64\x86_64-8.1.0-posix-seh-rt_v6-rev0\min64\bin;C:\msys64\ucrt64\bin;C:\Users\edhim\Desktop\codes\python\manim;C:\ffmpeg;C:\Users\edhim\Downloads\platform-tools-latest-windows.zip\platform-tools;C:\Program Files\Java\jdk-23\bin;C:\Users\edhim\AppData\Roaming\npm;C:\src\flutter\bin;C:\Program Files\mybins;C:\Users\edhim\AppData\Local\Microsoft\WinGet\Packages\Typst.Typst_Microsoft.Winget.Source_8wekyb3d8bbwe\typst-x86_64-pc-windows-msvc;C:\Users\edhim\AppData\Local\Packages\PythonSoftwareFoundation.Python.3.11_qbz5n2kfra8p0\LocalCache\local-packa
USERNAME=MED ELKHACHIE
OS=Windows_NT
PROCESSOR_IDENTIFIER=Intel64 Family 6 Model 78 Stepping 3, GenuineIntel



---------------  S Y S T E M  ---------------

OS:
 Windows 11 , 64 bit Build 22621 (10.0.22621.3958)
OS uptime: 0 days 6:00 hours
Hyper-V role detected

CPU: total 4 (initial active 4) (2 cores per cpu, 2 threads per core) family 6 model 78 stepping 3 microcode 0xf0, cx8, cmov, fxsr, ht, mmx, 3dnowpref, sse, sse2, sse3, ssse3, sse4.1, sse4.2, popcnt, lzcnt, tsc, tscinvbit, avx, avx2, aes, erms, clmul, bmi1, bmi2, rtm, adx, fma, vzeroupper, clflush, clflushopt, hv

Memory: 4k page, system-wide physical 8073M (375M free)
TotalPageFile size 12029M (AvailPageFile size 53M)
current process WorkingSet (physical memory assigned to process): 297M, peak: 299M
current process commit charge ("private bytes"): 329M, peak: 336M

vm_info: Java HotSpot(TM) 64-Bit Server VM (17.0.12+8-LTS-286) for windows-amd64 JRE (17.0.12+8-LTS-286), built on Jun  5 2024 06:46:59 by "mach5one" with MS VC++ 17.6 (VS2022)

END.
