#
# There is insufficient memory for the Java Runtime Environment to continue.
# Native memory allocation (mmap) failed to map 134217728 bytes for G1 virtual space
# Possible reasons:
#   The system is out of physical RAM or swap space
#   The process is running with CompressedOops enabled, and the Java Heap may be blocking the growth of the native heap
# Possible solutions:
#   Reduce memory load on the system
#   Increase physical memory or swap space
#   Check if swap backing store is full
#   Decrease Java heap size (-Xmx/-Xms)
#   Decrease number of Java threads
#   Decrease Java thread stack sizes (-Xss)
#   Set larger code cache with -XX:ReservedCodeCacheSize=
#   JVM is running with Unscaled Compressed Oops mode in which the Java heap is
#     placed in the first 4GB address space. The Java Heap base address is the
#     maximum limit for the native heap growth. Please use -XX:HeapBaseMinAddress
#     to set the Java Heap base and to place the Java Heap above 4GB virtual address.
# This output file may be truncated or incomplete.
#
#  Out of Memory Error (os_windows.cpp:3548), pid=12004, tid=2908
#
# JRE version:  (17.0.12+8) (build )
# Java VM: Java HotSpot(TM) 64-Bit Server VM (17.0.12+8-LTS-286, mixed mode, emulated-client, sharing, tiered, compressed oops, compressed class ptrs, g1 gc, windows-amd64)
# No core dump will be written. Minidumps are not enabled by default on client versions of Windows
#

---------------  S U M M A R Y ------------

Command Line: -XX:TieredStopAtLevel=1 com.example.demo.DemoApplication

Host: Intel(R) Core(TM) i5-6300U CPU @ 2.40GHz, 4 cores, 7G,  Windows 11 , 64 bit Build 22621 (10.0.22621.3958)
Time: Thu Jun 26 16:09:04 2025 Coordinated Universal Time elapsed time: 0.121822 seconds (0d 0h 0m 0s)

---------------  T H R E A D  ---------------

Current thread (0x000002444afaa080):  JavaThread "Unknown thread" [_thread_in_vm, id=2908, stack(0x0000007147d00000,0x0000007147e00000)]

Stack: [0x0000007147d00000,0x0000007147e00000]
Native frames: (J=compiled Java code, j=interpreted, Vv=VM code, C=native code)
V  [jvm.dll+0x67a04a]
V  [jvm.dll+0x7da4ed]
V  [jvm.dll+0x7dbe33]
V  [jvm.dll+0x7dc4a3]
V  [jvm.dll+0x24508f]
V  [jvm.dll+0x677089]
V  [jvm.dll+0x66bd32]
V  [jvm.dll+0x301fa6]
V  [jvm.dll+0x309546]
V  [jvm.dll+0x359d2e]
V  [jvm.dll+0x359f5f]
V  [jvm.dll+0x2d9078]
V  [jvm.dll+0x2d9fe4]
V  [jvm.dll+0x7aca21]
V  [jvm.dll+0x367591]
V  [jvm.dll+0x78b999]
V  [jvm.dll+0x3ec83f]
V  [jvm.dll+0x3ee471]
C  [jli.dll+0x5297]
C  [ucrtbase.dll+0x29333]
C  [KERNEL32.DLL+0x1257d]
C  [ntdll.dll+0x5af08]


---------------  P R O C E S S  ---------------

Threads class SMR info:
_java_thread_list=0x00007fffdd167a18, length=0, elements={
}

Java Threads: ( => current thread )

Other Threads:
  0x000002444b00a960 GCTaskThread "GC Thread#0" [stack: 0x0000007147e00000,0x0000007147f00000] [id=12396]
  0x000002444b01b440 ConcurrentGCThread "G1 Main Marker" [stack: 0x0000007147f00000,0x0000007148000000] [id=14936]
  0x000002444b01cd70 ConcurrentGCThread "G1 Conc#0" [stack: 0x0000007148000000,0x0000007148100000] [id=8268]

[error occurred during error reporting (printing all threads), id 0xc0000005, EXCEPTION_ACCESS_VIOLATION (0xc0000005) at pc=0x00007fffdc999b67]

VM state: not at safepoint (not fully initialized)

VM Mutex/Monitor currently owned by a thread:  ([mutex/lock_event])
[0x000002444afa6380] Heap_lock - owner thread: 0x000002444afaa080

Heap address: 0x0000000081c00000, size: 2020 MB, Compressed Oops mode: 32-bit

CDS archive(s) mapped at: [0x0000000000000000-0x0000000000000000-0x0000000000000000), size 0, SharedBaseAddress: 0x0000000800000000, ArchiveRelocationMode: 1.
Narrow klass base: 0x0000000000000000, Narrow klass shift: 0, Narrow klass range: 0x0

GC Precious Log:
<Empty>

Heap:
 garbage-first heap   total 0K, used 0K [0x0000000081c00000, 0x0000000100000000)
  region size 1024K, 0 young (0K), 0 survivors (0K)

[error occurred during error reporting (printing heap information), id 0xc0000005, EXCEPTION_ACCESS_VIOLATION (0xc0000005) at pc=0x00007fffdcd83859]

GC Heap History (0 events):
No events

Deoptimization events (0 events):
No events

Classes unloaded (0 events):
No events

Classes redefined (0 events):
No events

Internal exceptions (0 events):
No events

VM Operations (0 events):
No events

Events (1 events):
Event: 0.016 Loaded shared library C:\Program Files\Java\jdk-17\bin\java.dll


Dynamic libraries:
0x00007ff7bace0000 - 0x00007ff7bacf0000 	C:\Program Files\Java\jdk-17\bin\java.exe
0x00007ff824950000 - 0x00007ff824b67000 	C:\Windows\SYSTEM32\ntdll.dll
0x00007ff823e10000 - 0x00007ff823ed4000 	C:\Windows\System32\KERNEL32.DLL
0x00007ff821e60000 - 0x00007ff822217000 	C:\Windows\System32\KERNELBASE.dll
0x00007ff822340000 - 0x00007ff822451000 	C:\Windows\System32\ucrtbase.dll
0x00007ff8101a0000 - 0x00007ff8101bb000 	C:\Program Files\Java\jdk-17\bin\VCRUNTIME140.dll
0x00007ff81d9f0000 - 0x00007ff81da09000 	C:\Program Files\Java\jdk-17\bin\jli.dll
0x00007ff822d60000 - 0x00007ff822e12000 	C:\Windows\System32\ADVAPI32.dll
0x00007ff823d60000 - 0x00007ff823e07000 	C:\Windows\System32\msvcrt.dll
0x00007ff823300000 - 0x00007ff8233a8000 	C:\Windows\System32\sechost.dll
0x00007ff822460000 - 0x00007ff822488000 	C:\Windows\System32\bcrypt.dll
0x00007ff8233d0000 - 0x00007ff8234e4000 	C:\Windows\System32\RPCRT4.dll
0x00007ff824700000 - 0x00007ff8248af000 	C:\Windows\System32\USER32.dll
0x00007ff821d00000 - 0x00007ff821d26000 	C:\Windows\System32\win32u.dll
0x00007ff822e40000 - 0x00007ff822e69000 	C:\Windows\System32\GDI32.dll
0x00007ff80dd60000 - 0x00007ff80dff3000 	C:\Windows\WinSxS\amd64_microsoft.windows.common-controls_6595b64144ccf1df_6.0.22621.3672_none_2713b9d173822955\COMCTL32.dll
0x00007ff822220000 - 0x00007ff822338000 	C:\Windows\System32\gdi32full.dll
0x00007ff821c60000 - 0x00007ff821cfa000 	C:\Windows\System32\msvcp_win.dll
0x00007ff80fe50000 - 0x00007ff80fe5a000 	C:\Windows\SYSTEM32\VERSION.dll
0x00007ff822e70000 - 0x00007ff822ea1000 	C:\Windows\System32\IMM32.DLL
0x00007ff81d9e0000 - 0x00007ff81d9ec000 	C:\Program Files\Java\jdk-17\bin\vcruntime140_1.dll
0x00007ff810090000 - 0x00007ff81011e000 	C:\Program Files\Java\jdk-17\bin\msvcp140.dll
0x00007fffdc6b0000 - 0x00007fffdd290000 	C:\Program Files\Java\jdk-17\bin\server\jvm.dll
0x00007ff822d50000 - 0x00007ff822d58000 	C:\Windows\System32\PSAPI.DLL
0x00007ff81e9c0000 - 0x00007ff81e9c9000 	C:\Windows\SYSTEM32\WSOCK32.dll
0x00007ff822cd0000 - 0x00007ff822d41000 	C:\Windows\System32\WS2_32.dll
0x00007ff81b1c0000 - 0x00007ff81b1f4000 	C:\Windows\SYSTEM32\WINMM.dll
0x00007ff820c70000 - 0x00007ff820c88000 	C:\Windows\SYSTEM32\kernel.appcore.dll
0x00007ff810190000 - 0x00007ff81019a000 	C:\Program Files\Java\jdk-17\bin\jimage.dll
0x00007ff81f4f0000 - 0x00007ff81f722000 	C:\Windows\SYSTEM32\DBGHELP.DLL
0x00007ff823ee0000 - 0x00007ff82426e000 	C:\Windows\System32\combase.dll
0x00007ff824320000 - 0x00007ff8243f7000 	C:\Windows\System32\OLEAUT32.dll
0x00007ff80d160000 - 0x00007ff80d192000 	C:\Windows\SYSTEM32\dbgcore.DLL
0x00007ff822490000 - 0x00007ff82250b000 	C:\Windows\System32\bcryptPrimitives.dll
0x00007ff810160000 - 0x00007ff810185000 	C:\Program Files\Java\jdk-17\bin\java.dll

dbghelp: loaded successfully - version: 4.0.5 - missing functions: none
symbol engine: initialized successfully - sym options: 0x614 - pdb path: .;C:\Program Files\Java\jdk-17\bin;C:\Windows\SYSTEM32;C:\Windows\WinSxS\amd64_microsoft.windows.common-controls_6595b64144ccf1df_6.0.22621.3672_none_2713b9d173822955;C:\Program Files\Java\jdk-17\bin\server

VM Arguments:
jvm_args: -XX:TieredStopAtLevel=1 
java_command: com.example.demo.DemoApplication
java_class_path (initial): C:\Users\edhim\Desktop\uni_project\backend\demo\target\classes;C:\Users\edhim\.m2\repository\org\projectlombok\lombok\1.18.36\lombok-1.18.36.jar;C:\Users\edhim\.m2\repository\org\springframework\boot\spring-boot\3.5.0-SNAPSHOT\spring-boot-3.5.0-SNAPSHOT.jar;C:\Users\edhim\.m2\repository\org\springframework\boot\spring-boot-autoconfigure\3.5.0-SNAPSHOT\spring-boot-autoconfigure-3.5.0-SNAPSHOT.jar;C:\Users\edhim\.m2\repository\ch\qos\logback\logback-classic\1.5.18\logback-classic-1.5.18.jar;C:\Users\edhim\.m2\repository\ch\qos\logback\logback-core\1.5.18\logback-core-1.5.18.jar;C:\Users\edhim\.m2\repository\org\apache\logging\log4j\log4j-to-slf4j\2.24.3\log4j-to-slf4j-2.24.3.jar;C:\Users\edhim\.m2\repository\org\apache\logging\log4j\log4j-api\2.24.3\log4j-api-2.24.3.jar;C:\Users\edhim\.m2\repository\org\slf4j\jul-to-slf4j\2.0.17\jul-to-slf4j-2.0.17.jar;C:\Users\edhim\.m2\repository\jakarta\annotation\jakarta.annotation-api\2.1.1\jakarta.annotation-api-2.1.1.jar;C:\Users\edhim\.m2\repository\org\yaml\snakeyaml\2.4\snakeyaml-2.4.jar;C:\Users\edhim\.m2\repository\com\zaxxer\HikariCP\6.3.0\HikariCP-6.3.0.jar;C:\Users\edhim\.m2\repository\org\springframework\spring-jdbc\6.2.7\spring-jdbc-6.2.7.jar;C:\Users\edhim\.m2\repository\org\hibernate\orm\hibernate-core\6.6.15.Final\hibernate-core-6.6.15.Final.jar;C:\Users\edhim\.m2\repository\jakarta\persistence\jakarta.persistence-api\3.1.0\jakarta.persistence-api-3.1.0.jar;C:\Users\edhim\.m2\repository\jakarta\transaction\jakarta.transaction-api\2.0.1\jakarta.transaction-api-2.0.1.jar;C:\Users\edhim\.m2\repository\org\jboss\logging\jboss-logging\3.6.1.Final\jboss-logging-3.6.1.Final.jar;C:\Users\edhim\.m2\repository\org\hibernate\common\hibernate-commons-annotations\7.0.3.Final\hibernate-commons-annotations-7.0.3.Final.jar;C:\Users\edhim\.m2\repository\io\smallrye\jandex\3.2.0\jandex-3.2.0.jar;C:\Users\edhim\.m2\repository\com\fasterxml\classmate\1.7.0\classmate-1.7.0.jar;C:\Users\edhim\.m2\repository\
Launcher Type: SUN_STANDARD

[Global flags]
     intx CICompilerCount                          = 3                                         {product} {ergonomic}
     uint ConcGCThreads                            = 1                                         {product} {ergonomic}
     uint G1ConcRefinementThreads                  = 4                                         {product} {ergonomic}
   size_t G1HeapRegionSize                         = 1048576                                   {product} {ergonomic}
    uintx GCDrainStackTargetSize                   = 64                                        {product} {ergonomic}
   size_t InitialHeapSize                          = 134217728                                 {product} {ergonomic}
   size_t MarkStackSize                            = 4194304                                   {product} {ergonomic}
   size_t MaxHeapSize                              = 2118123520                                {product} {ergonomic}
   size_t MinHeapDeltaBytes                        = 1048576                                   {product} {ergonomic}
   size_t MinHeapSize                              = 8388608                                   {product} {ergonomic}
    uintx NonProfiledCodeHeapSize                  = 0                                      {pd product} {ergonomic}
     bool ProfileInterpreter                       = false                                  {pd product} {command line}
    uintx ProfiledCodeHeapSize                     = 0                                      {pd product} {ergonomic}
   size_t SoftMaxHeapSize                          = 2118123520                             {manageable} {ergonomic}
     intx TieredStopAtLevel                        = 1                                         {product} {command line}
     bool UseCompressedClassPointers               = true                           {product lp64_product} {ergonomic}
     bool UseCompressedOops                        = true                           {product lp64_product} {ergonomic}
     bool UseG1GC                                  = true                                      {product} {ergonomic}
     bool UseLargePagesIndividualAllocation        = false                                  {pd product} {ergonomic}

Logging:
Log output configuration:
 #0: stdout all=warning uptime,level,tags
 #1: stderr all=off uptime,level,tags

Environment Variables:
JAVA_HOME=C:\Program Files\Java\jdk-17
PATH=C:\Program Files\IBM\ILOG\CPLEX_Studio_Community2212\opl\bin\x64_win64;C:\Program Files\IBM\ILOG\CPLEX_Studio_Community2212\opl\oplide\;C:\Program Files\IBM\ILOG\CPLEX_Studio_Community2212\cplex\bin\x64_win64;C:\Program Files\IBM\ILOG\CPLEX_Studio_Community2212\cpoptimizer\bin\x64_win64;c:\Users\edhim\AppData\Local\Programs\cursor\resources\app\bin;C:\Program Files\Google\Chrome\Application;C:\Program Files\Common Files\Oracle\Java\javapath;C:\Windows\system32;C:\Windows;C:\Windows\System32\Wbem;C:\Windows\System32\WindowsPowerShell\v1.0\;C:\Windows\System32\OpenSSH\;C:\Program Files\MiKTeX\miktex\bin\x64\;C:\Program Files\nodejs\;C:\Program Files\MySQL\MySQL Server 9.0\bin;C:\Program Files\Java\jdk-23\bin;C:\Program Files\MySQL\MySQL Server 9.0\bin;C:\Program Files\Git\cmd;C:\ProgramData\chocolatey\bin;C:\Strawberry\c\bin;C:\Strawberry\perl\site\bin;C:\Strawberry\perl\bin;C:\src\flutter\bin;C:\Users\edhim\AppData\Local\Microsoft\WindowsApps;C:\Program Files\mingw-w64\x86_64-8.1.0-posix-seh-rt_v6-rev0\min64\bin;C:\msys64\ucrt64\bin;C:\Users\edhim\Desktop\codes\python\manim;C:\ffmpeg;C:\Users\edhim\Downloads\platform-tools-latest-windows.zip\platform-tools;C:\Program Files\Java\jdk-23\bin;C:\Users\edhim\AppData\Roaming\npm;C:\src\flutter\bin;C:\Program Files\mybins;C:\Users\edhim\AppData\Loca;C:\Users\edhim\AppData\Local\Microsoft\WindowsApps;C:\Users\edhim\AppData\Local\Programs\Microsoft VS Code\bin;C:\Program Files\mingw-w64\x86_64-8.1.0-posix-seh-rt_v6-rev0\min64\bin;C:\msys64\ucrt64\bin;C:\Users\edhim\Desktop\codes\python\manim;C:\ffmpeg;C:\Users\edhim\Downloads\platform-tools-latest-windows.zip\platform-tools;C:\Program Files\Java\jdk-23\bin;C:\Users\edhim\AppData\Roaming\npm;C:\src\flutter\bin;C:\Program Files\mybins;C:\Users\edhim\AppData\Local\Microsoft\WinGet\Packages\Typst.Typst_Microsoft.Winget.Source_8wekyb3d8bbwe\typst-x86_64-pc-windows-msvc;C:\Users\edhim\AppData\Local\Packages\PythonSoftwareFoundation.Python.3.11_qbz5n2kfra8p0\LocalCache\local-packa
USERNAME=MED ELKHACHIE
OS=Windows_NT
PROCESSOR_IDENTIFIER=Intel64 Family 6 Model 78 Stepping 3, GenuineIntel



---------------  S Y S T E M  ---------------

OS:
 Windows 11 , 64 bit Build 22621 (10.0.22621.3958)
OS uptime: 0 days 6:00 hours
Hyper-V role detected

CPU: total 4 (initial active 4) (2 cores per cpu, 2 threads per core) family 6 model 78 stepping 3 microcode 0xf0, cx8, cmov, fxsr, ht, mmx, 3dnowpref, sse, sse2, sse3, ssse3, sse4.1, sse4.2, popcnt, lzcnt, tsc, tscinvbit, avx, avx2, aes, erms, clmul, bmi1, bmi2, rtm, adx, fma, vzeroupper, clflush, clflushopt, hv

Memory: 4k page, system-wide physical 8073M (374M free)
TotalPageFile size 12029M (AvailPageFile size 6M)
current process WorkingSet (physical memory assigned to process): 11M, peak: 11M
current process commit charge ("private bytes"): 47M, peak: 175M

vm_info: Java HotSpot(TM) 64-Bit Server VM (17.0.12+8-LTS-286) for windows-amd64 JRE (17.0.12+8-LTS-286), built on Jun  5 2024 06:46:59 by "mach5one" with MS VC++ 17.6 (VS2022)

END.
