#
# There is insufficient memory for the Java Runtime Environment to continue.
# Native memory allocation (malloc) failed to allocate 32784 bytes. Error detail: Chunk::new
# Possible reasons:
#   The system is out of physical RAM or swap space
#   This process is running with CompressedOops enabled, and the Java Heap may be blocking the growth of the native heap
# Possible solutions:
#   Reduce memory load on the system
#   Increase physical memory or swap space
#   Check if swap backing store is full
#   Decrease Java heap size (-Xmx/-Xms)
#   Decrease number of Java threads
#   Decrease Java thread stack sizes (-Xss)
#   Set larger code cache with -XX:ReservedCodeCacheSize=
#   JVM is running with Unscaled Compressed Oops mode in which the Java heap is
#     placed in the first 4GB address space. The Java Heap base address is the
#     maximum limit for the native heap growth. Please use -XX:HeapBaseMinAddress
#     to set the Java Heap base and to place the Java Heap above 4GB virtual address.
# This output file may be truncated or incomplete.
#
#  Out of Memory Error (arena.cpp:168), pid=13564, tid=17304
#
# JRE version: OpenJDK Runtime Environment Temurin-21.0.7+6 (21.0.7+6) (build 21.0.7+6-LTS)
# Java VM: OpenJDK 64-Bit Server VM Temurin-21.0.7+6 (21.0.7+6-LTS, mixed mode, sharing, tiered, compressed oops, compressed class ptrs, parallel gc, windows-amd64)
# No core dump will be written. Minidumps are not enabled by default on client versions of Windows
#

---------------  S U M M A R Y ------------

Command Line: --add-modules=ALL-SYSTEM --add-opens=java.base/java.util=ALL-UNNAMED --add-opens=java.base/java.lang=ALL-UNNAMED --add-opens=java.base/sun.nio.fs=ALL-UNNAMED -Declipse.application=org.eclipse.jdt.ls.core.id1 -Dosgi.bundles.defaultStartLevel=4 -Declipse.product=org.eclipse.jdt.ls.core.product -Djava.import.generatesMetadataFilesAtProjectRoot=false -DDetectVMInstallationsJob.disabled=true -Dfile.encoding=utf8 -XX:+UseParallelGC -XX:GCTimeRatio=4 -XX:AdaptiveSizePolicyWeight=90 -Dsun.zip.disableMemoryMapping=true -Xmx1G -Xms100m -Xlog:disable -javaagent:c:\Users\edhim\.vscode\extensions\redhat.java-1.42.0-win32-x64\lombok\lombok-1.18.36.jar -XX:+HeapDumpOnOutOfMemoryError -XX:HeapDumpPath=c:\Users\edhim\AppData\Roaming\Code\User\workspaceStorage\f5c8dd7b6506a7865490afbc220914d0\redhat.java -Daether.dependencyCollector.impl=bf c:\Users\edhim\.vscode\extensions\redhat.java-1.42.0-win32-x64\server\plugins\org.eclipse.equinox.launcher_1.7.0.v20250424-1814.jar -configuration c:\Users\edhim\AppData\Roaming\Code\User\globalStorage\redhat.java\1.42.0\config_win -data c:\Users\edhim\AppData\Roaming\Code\User\workspaceStorage\f5c8dd7b6506a7865490afbc220914d0\redhat.java\jdt_ws --pipe=\\.\pipe\lsp-22e8aceead01e5852133e8a73fe53c18-sock

Host: Intel(R) Core(TM) i5-6300U CPU @ 2.40GHz, 4 cores, 7G,  Windows 11 , 64 bit Build 22621 (10.0.22621.3958)
Time: Wed Jun 25 15:33:27 2025 Coordinated Universal Time elapsed time: 56.555946 seconds (0d 0h 0m 56s)

---------------  T H R E A D  ---------------

Current thread (0x0000019a1e4d9790):  JavaThread "C2 CompilerThread0" daemon [_thread_in_native, id=17304, stack(0x0000000100f00000,0x0000000101000000) (1024K)]


Current CompileTask:
C2:56556 10977       4       org.apache.maven.model.ConfigurationContainer::setLocation (156 bytes)

Stack: [0x0000000100f00000,0x0000000101000000]
Native frames: (J=compiled Java code, j=interpreted, Vv=VM code, C=native code)
V  [jvm.dll+0x6ce119]
V  [jvm.dll+0x8a84a1]
V  [jvm.dll+0x8aa9ce]
V  [jvm.dll+0x8ab0b3]
V  [jvm.dll+0x27f8a6]
V  [jvm.dll+0xc507d]
V  [jvm.dll+0xc55b3]
V  [jvm.dll+0xc51a5]
V  [jvm.dll+0x6a96fc]
V  [jvm.dll+0x6573a1]
V  [jvm.dll+0x65ca8d]
V  [jvm.dll+0x65d9c6]
V  [jvm.dll+0x65bd5e]
V  [jvm.dll+0x247975]
V  [jvm.dll+0x2470cf]
V  [jvm.dll+0x1c760e]
V  [jvm.dll+0x25695a]
V  [jvm.dll+0x254efa]
V  [jvm.dll+0x3f03f6]
V  [jvm.dll+0x851f6b]
V  [jvm.dll+0x6cc7dd]
C  [ucrtbase.dll+0x29333]
C  [KERNEL32.DLL+0x1257d]
C  [ntdll.dll+0x5af08]


---------------  P R O C E S S  ---------------

Threads class SMR info:
_java_thread_list=0x0000019a67a9f9f0, length=43, elements={
0x0000019a0a1a4ac0, 0x0000019a1e4cf200, 0x0000019a1e4d1600, 0x0000019a1e4d2d70,
0x0000019a1e4d3c80, 0x0000019a1e4d4b90, 0x0000019a1e4d6950, 0x0000019a1e4d9790,
0x0000019a1e548730, 0x0000019a0a2109c0, 0x0000019a605b0090, 0x0000019a60e7f810,
0x0000019a60edd9c0, 0x0000019a651c1c90, 0x0000019a60ef3870, 0x0000019a65533650,
0x0000019a65166ce0, 0x0000019a655c0d60, 0x0000019a655c27a0, 0x0000019a655c06d0,
0x0000019a655c0040, 0x0000019a655c2e30, 0x0000019a655bf9b0, 0x0000019a655c13f0,
0x0000019a655c1a80, 0x0000019a655c2110, 0x0000019a657bdc10, 0x0000019a657be2a0,
0x0000019a657be930, 0x0000019a657bbb40, 0x0000019a657befc0, 0x0000019a657bcef0,
0x0000019a657bc860, 0x0000019a657bd580, 0x0000019a66a20050, 0x0000019a66a1b190,
0x0000019a66a22120, 0x0000019a66a206e0, 0x0000019a66a20d70, 0x0000019a66a1d8f0,
0x0000019a66a227b0, 0x0000019a66a1d260, 0x0000019a66a1e610
}

Java Threads: ( => current thread )
  0x0000019a0a1a4ac0 JavaThread "main"                              [_thread_blocked, id=14964, stack(0x0000000100500000,0x0000000100600000) (1024K)]
  0x0000019a1e4cf200 JavaThread "Reference Handler"          daemon [_thread_blocked, id=16876, stack(0x0000000100900000,0x0000000100a00000) (1024K)]
  0x0000019a1e4d1600 JavaThread "Finalizer"                  daemon [_thread_blocked, id=13204, stack(0x0000000100a00000,0x0000000100b00000) (1024K)]
  0x0000019a1e4d2d70 JavaThread "Signal Dispatcher"          daemon [_thread_blocked, id=9212, stack(0x0000000100b00000,0x0000000100c00000) (1024K)]
  0x0000019a1e4d3c80 JavaThread "Attach Listener"            daemon [_thread_blocked, id=7692, stack(0x0000000100c00000,0x0000000100d00000) (1024K)]
  0x0000019a1e4d4b90 JavaThread "Service Thread"             daemon [_thread_blocked, id=6760, stack(0x0000000100d00000,0x0000000100e00000) (1024K)]
  0x0000019a1e4d6950 JavaThread "Monitor Deflation Thread"   daemon [_thread_blocked, id=16880, stack(0x0000000100e00000,0x0000000100f00000) (1024K)]
=>0x0000019a1e4d9790 JavaThread "C2 CompilerThread0"         daemon [_thread_in_native, id=17304, stack(0x0000000100f00000,0x0000000101000000) (1024K)]
  0x0000019a1e548730 JavaThread "C1 CompilerThread0"         daemon [_thread_blocked, id=7384, stack(0x0000000101000000,0x0000000101100000) (1024K)]
  0x0000019a0a2109c0 JavaThread "Common-Cleaner"             daemon [_thread_blocked, id=5180, stack(0x0000000101100000,0x0000000101200000) (1024K)]
  0x0000019a605b0090 JavaThread "Notification Thread"        daemon [_thread_blocked, id=9464, stack(0x0000000101200000,0x0000000101300000) (1024K)]
  0x0000019a60e7f810 JavaThread "Active Thread: Equinox Container: 31bec13b-2f85-4b3d-ba9a-d01d8d45953b"        [_thread_blocked, id=18068, stack(0x0000000101600000,0x0000000101700000) (1024K)]
  0x0000019a60edd9c0 JavaThread "Refresh Thread: Equinox Container: 31bec13b-2f85-4b3d-ba9a-d01d8d45953b" daemon [_thread_blocked, id=17764, stack(0x0000000101800000,0x0000000101900000) (1024K)]
  0x0000019a651c1c90 JavaThread "Framework Event Dispatcher: Equinox Container: 31bec13b-2f85-4b3d-ba9a-d01d8d45953b" daemon [_thread_blocked, id=17364, stack(0x0000000101900000,0x0000000101a00000) (1024K)]
  0x0000019a60ef3870 JavaThread "Start Level: Equinox Container: 31bec13b-2f85-4b3d-ba9a-d01d8d45953b" daemon [_thread_blocked, id=17372, stack(0x0000000101700000,0x0000000101800000) (1024K)]
  0x0000019a65533650 JavaThread "Bundle File Closer"         daemon [_thread_blocked, id=11864, stack(0x0000000101b00000,0x0000000101c00000) (1024K)]
  0x0000019a65166ce0 JavaThread "SCR Component Actor"        daemon [_thread_blocked, id=17724, stack(0x0000000101c00000,0x0000000101d00000) (1024K)]
  0x0000019a655c0d60 JavaThread "Worker-JM"                         [_thread_blocked, id=15768, stack(0x0000000101d00000,0x0000000101e00000) (1024K)]
  0x0000019a655c27a0 JavaThread "JNA Cleaner"                daemon [_thread_blocked, id=15636, stack(0x0000000101e00000,0x0000000101f00000) (1024K)]
  0x0000019a655c06d0 JavaThread "Worker-0"                          [_thread_blocked, id=9056, stack(0x0000000101f00000,0x0000000102000000) (1024K)]
  0x0000019a655c0040 JavaThread "Worker-1"                          [_thread_blocked, id=16796, stack(0x0000000102000000,0x0000000102100000) (1024K)]
  0x0000019a655c2e30 JavaThread "Worker-2"                          [_thread_blocked, id=10648, stack(0x0000000102100000,0x0000000102200000) (1024K)]
  0x0000019a655bf9b0 JavaThread "Java indexing"              daemon [_thread_blocked, id=8884, stack(0x0000000102300000,0x0000000102400000) (1024K)]
  0x0000019a655c13f0 JavaThread "Worker-3"                          [_thread_blocked, id=15776, stack(0x0000000102400000,0x0000000102500000) (1024K)]
  0x0000019a655c1a80 JavaThread "Worker-4: Building"                [_thread_in_native, id=10260, stack(0x0000000102500000,0x0000000102600000) (1024K)]
  0x0000019a655c2110 JavaThread "Thread-2"                   daemon [_thread_in_native, id=15476, stack(0x0000000102800000,0x0000000102900000) (1024K)]
  0x0000019a657bdc10 JavaThread "Thread-3"                   daemon [_thread_in_native, id=12696, stack(0x0000000102900000,0x0000000102a00000) (1024K)]
  0x0000019a657be2a0 JavaThread "Thread-4"                   daemon [_thread_in_native, id=15660, stack(0x0000000102a00000,0x0000000102b00000) (1024K)]
  0x0000019a657be930 JavaThread "Thread-5"                   daemon [_thread_in_native, id=14956, stack(0x0000000102b00000,0x0000000102c00000) (1024K)]
  0x0000019a657bbb40 JavaThread "Thread-6"                   daemon [_thread_in_native, id=14868, stack(0x0000000102c00000,0x0000000102d00000) (1024K)]
  0x0000019a657befc0 JavaThread "Worker-5: Java indexing... "        [_thread_blocked, id=9700, stack(0x0000000102d00000,0x0000000102e00000) (1024K)]
  0x0000019a657bcef0 JavaThread "pool-2-thread-1"                   [_thread_blocked, id=1452, stack(0x0000000102e00000,0x0000000102f00000) (1024K)]
  0x0000019a657bc860 JavaThread "WorkspaceEventsHandler"            [_thread_blocked, id=14552, stack(0x0000000101a00000,0x0000000101b00000) (1024K)]
  0x0000019a657bd580 JavaThread "pool-1-thread-1"                   [_thread_blocked, id=16360, stack(0x0000000102f00000,0x0000000103000000) (1024K)]
  0x0000019a66a20050 JavaThread "LocalFile Deleter"          daemon [_thread_blocked, id=16988, stack(0x0000000103000000,0x0000000103100000) (1024K)]
  0x0000019a66a1b190 JavaThread "LocalFile Deleter"          daemon [_thread_blocked, id=7744, stack(0x0000000103100000,0x0000000103200000) (1024K)]
  0x0000019a66a22120 JavaThread "LocalFile Deleter"          daemon [_thread_blocked, id=17188, stack(0x0000000103200000,0x0000000103300000) (1024K)]
  0x0000019a66a206e0 JavaThread "LocalFile Deleter"          daemon [_thread_blocked, id=18288, stack(0x0000000103300000,0x0000000103400000) (1024K)]
  0x0000019a66a20d70 JavaThread "Compiler Source File Reader" daemon [_thread_blocked, id=13792, stack(0x0000000103400000,0x0000000103500000) (1024K)]
  0x0000019a66a1d8f0 JavaThread "Compiler Source File Reader" daemon [_thread_blocked, id=18372, stack(0x0000000103500000,0x0000000103600000) (1024K)]
  0x0000019a66a227b0 JavaThread "Compiler Processing Task"   daemon [_thread_blocked, id=13784, stack(0x0000000103600000,0x0000000103700000) (1024K)]
  0x0000019a66a1d260 JavaThread "Compiler Class File Writer" daemon [_thread_blocked, id=16764, stack(0x0000000102200000,0x0000000102300000) (1024K)]
  0x0000019a66a1e610 JavaThread "Compiler Class File Writer" daemon [_thread_blocked, id=18400, stack(0x0000000103700000,0x0000000103800000) (1024K)]
Total: 43

Other Threads:
  0x0000019a0a25e6f0 VMThread "VM Thread"                           [id=16868, stack(0x0000000100800000,0x0000000100900000) (1024K)]
  0x0000019a0a20ef60 WatcherThread "VM Periodic Task Thread"        [id=16904, stack(0x0000000100700000,0x0000000100800000) (1024K)]
  0x0000019a0a1c3010 WorkerThread "GC Thread#0"                     [id=16892, stack(0x0000000100600000,0x0000000100700000) (1024K)]
  0x0000019a60cc73c0 WorkerThread "GC Thread#1"                     [id=6852, stack(0x0000000101300000,0x0000000101400000) (1024K)]
  0x0000019a60c32700 WorkerThread "GC Thread#2"                     [id=3576, stack(0x0000000101400000,0x0000000101500000) (1024K)]
  0x0000019a605e1c10 WorkerThread "GC Thread#3"                     [id=16784, stack(0x0000000101500000,0x0000000101600000) (1024K)]
Total: 6

Threads with active compile tasks:
C2 CompilerThread0  56636 10977       4       org.apache.maven.model.ConfigurationContainer::setLocation (156 bytes)
Total: 1

VM state: not at safepoint (normal execution)

VM Mutex/Monitor currently owned by a thread: None

Heap address: 0x00000000c0000000, size: 1024 MB, Compressed Oops mode: 32-bit

CDS archive(s) mapped at: [0x0000019a1f000000-0x0000019a1fba0000-0x0000019a1fba0000), size 12189696, SharedBaseAddress: 0x0000019a1f000000, ArchiveRelocationMode: 1.
Compressed class space mapped at: 0x0000019a20000000-0x0000019a60000000, reserved size: 1073741824
Narrow klass base: 0x0000019a1f000000, Narrow klass shift: 0, Narrow klass range: 0x100000000

GC Precious Log:
 CardTable entry size: 512
 CPUs: 4 total, 4 available
 Memory: 8073M
 Large Page Support: Disabled
 NUMA Support: Disabled
 Compressed Oops: Enabled (32-bit)
 Alignments: Space 512K, Generation 512K, Heap 2M
 Heap Min Capacity: 100M
 Heap Initial Capacity: 100M
 Heap Max Capacity: 1G
 Pre-touch: Disabled
 Parallel Workers: 4

Heap:
 PSYoungGen      total 4096K, used 507K [0x00000000eab00000, 0x00000000eaf80000, 0x0000000100000000)
  eden space 3072K, 2% used [0x00000000eab00000,0x00000000eab15050,0x00000000eae00000)
  from space 1024K, 42% used [0x00000000eae00000,0x00000000eae6cf20,0x00000000eaf00000)
  to   space 512K, 0% used [0x00000000eaf00000,0x00000000eaf00000,0x00000000eaf80000)
 ParOldGen       total 88064K, used 76915K [0x00000000c0000000, 0x00000000c5600000, 0x00000000eab00000)
  object space 88064K, 87% used [0x00000000c0000000,0x00000000c4b1ced0,0x00000000c5600000)
 Metaspace       used 60595K, committed 61952K, reserved 1114112K
  class space    used 6171K, committed 6784K, reserved 1048576K

Card table byte_map: [0x0000019a09b60000,0x0000019a09d70000] _byte_map_base: 0x0000019a09560000

Marking Bits: (ParMarkBitMap*) 0x00007ffdfe0931f0
 Begin Bits: [0x0000019a1c390000, 0x0000019a1d390000)
 End Bits:   [0x0000019a1d390000, 0x0000019a1e390000)

Polling page: 0x0000019a080a0000

Metaspace:

Usage:
  Non-class:     53.15 MB used.
      Class:      6.03 MB used.
       Both:     59.18 MB used.

Virtual space:
  Non-class space:       64.00 MB reserved,      53.88 MB ( 84%) committed,  1 nodes.
      Class space:        1.00 GB reserved,       6.62 MB ( <1%) committed,  1 nodes.
             Both:        1.06 GB reserved,      60.50 MB (  6%) committed. 

Chunk freelists:
   Non-Class:  9.98 MB
       Class:  9.22 MB
        Both:  19.21 MB

MaxMetaspaceSize: unlimited
CompressedClassSpaceSize: 1.00 GB
Initial GC threshold: 21.00 MB
Current GC threshold: 97.31 MB
CDS: on
 - commit_granule_bytes: 65536.
 - commit_granule_words: 8192.
 - virtual_space_node_default_size: 8388608.
 - enlarge_chunks_in_place: 1.
 - use_allocation_guard: 0.


Internal statistics:

num_allocs_failed_limit: 9.
num_arena_births: 1192.
num_arena_deaths: 14.
num_vsnodes_births: 2.
num_vsnodes_deaths: 0.
num_space_committed: 968.
num_space_uncommitted: 0.
num_chunks_returned_to_freelist: 23.
num_chunks_taken_from_freelist: 4064.
num_chunk_merges: 15.
num_chunk_splits: 2483.
num_chunks_enlarged: 1375.
num_inconsistent_stats: 0.

CodeHeap 'non-profiled nmethods': size=120000Kb used=7446Kb max_used=7446Kb free=112553Kb
 bounds [0x0000019a14e60000, 0x0000019a155b0000, 0x0000019a1c390000]
CodeHeap 'profiled nmethods': size=120000Kb used=23683Kb max_used=23683Kb free=96316Kb
 bounds [0x0000019a0d390000, 0x0000019a0eac0000, 0x0000019a148c0000]
CodeHeap 'non-nmethods': size=5760Kb used=1413Kb max_used=1503Kb free=4347Kb
 bounds [0x0000019a148c0000, 0x0000019a14b30000, 0x0000019a14e60000]
 total_blobs=10980 nmethods=10253 adapters=632
 compilation: enabled
              stopped_count=0, restarted_count=0
 full_count=0

Compilation events (20 events):
Event: 56.530 Thread 0x0000019a1e548730 11028       1       org.apache.maven.model.Reporting::getExcludeDefaults (5 bytes)
Event: 56.530 Thread 0x0000019a1e548730 nmethod 11028 0x0000019a155a2290 code [0x0000019a155a2420, 0x0000019a155a24e8]
Event: 56.530 Thread 0x0000019a1e548730 11029       1       org.apache.maven.model.Model::getChildProjectUrlInheritAppendPath (5 bytes)
Event: 56.530 Thread 0x0000019a1e548730 nmethod 11029 0x0000019a155a2590 code [0x0000019a155a2720, 0x0000019a155a27f0]
Event: 56.530 Thread 0x0000019a1e548730 11027       3       org.eclipse.sisu.wire.EntryListAdapter::iterator (12 bytes)
Event: 56.531 Thread 0x0000019a1e548730 nmethod 11027 0x0000019a0ea8bb90 code [0x0000019a0ea8bd60, 0x0000019a0ea8c078]
Event: 56.531 Thread 0x0000019a1e548730 11030       1       org.apache.maven.model.Model::setUrl (6 bytes)
Event: 56.531 Thread 0x0000019a1e548730 nmethod 11030 0x0000019a155a2890 code [0x0000019a155a2a20, 0x0000019a155a2b00]
Event: 56.531 Thread 0x0000019a1e548730 11032       1       org.apache.maven.model.building.ModelData::getActiveProfiles (5 bytes)
Event: 56.531 Thread 0x0000019a1e548730 nmethod 11032 0x0000019a155a2b90 code [0x0000019a155a2d20, 0x0000019a155a2de8]
Event: 56.531 Thread 0x0000019a1e548730 11031       1       org.apache.maven.model.Scm::setUrl (6 bytes)
Event: 56.531 Thread 0x0000019a1e548730 nmethod 11031 0x0000019a155a2e90 code [0x0000019a155a3020, 0x0000019a155a3100]
Event: 56.531 Thread 0x0000019a1e548730 11033       3       java.lang.ThreadLocal::<init> (12 bytes)
Event: 56.531 Thread 0x0000019a1e548730 nmethod 11033 0x0000019a0ea8c190 code [0x0000019a0ea8c340, 0x0000019a0ea8c558]
Event: 56.531 Thread 0x0000019a1e548730 11034       3       java.lang.ThreadLocal::nextHashCode (9 bytes)
Event: 56.532 Thread 0x0000019a1e548730 nmethod 11034 0x0000019a0ea8c690 code [0x0000019a0ea8c840, 0x0000019a0ea8c970]
Event: 56.533 Thread 0x0000019a1e548730 11035       3       org.eclipse.aether.internal.impl.EnhancedLocalRepositoryManager::getKey (27 bytes)
Event: 56.533 Thread 0x0000019a1e548730 nmethod 11035 0x0000019a0ea8ca10 code [0x0000019a0ea8cc40, 0x0000019a0ea8d200]
Event: 56.533 Thread 0x0000019a1e548730 11036       3       org.apache.maven.model.License::setLocation (220 bytes)
Event: 56.535 Thread 0x0000019a1e548730 nmethod 11036 0x0000019a0ea8d490 code [0x0000019a0ea8d780, 0x0000019a0ea8e8f8]

GC Heap History (20 events):
Event: 49.045 GC heap before
{Heap before GC invocations=81 (full 3):
 PSYoungGen      total 4096K, used 3712K [0x00000000eab00000, 0x00000000eb180000, 0x0000000100000000)
  eden space 3072K, 100% used [0x00000000eab00000,0x00000000eae00000,0x00000000eae00000)
  from space 1024K, 62% used [0x00000000eaf80000,0x00000000eb020000,0x00000000eb080000)
  to   space 1024K, 0% used [0x00000000eb080000,0x00000000eb080000,0x00000000eb180000)
 ParOldGen       total 88064K, used 70403K [0x00000000c0000000, 0x00000000c5600000, 0x00000000eab00000)
  object space 88064K, 79% used [0x00000000c0000000,0x00000000c44c0d90,0x00000000c5600000)
 Metaspace       used 60356K, committed 61696K, reserved 1114112K
  class space    used 6167K, committed 6784K, reserved 1048576K
}
Event: 49.047 GC heap after
{Heap after GC invocations=81 (full 3):
 PSYoungGen      total 3584K, used 512K [0x00000000eab00000, 0x00000000eb100000, 0x0000000100000000)
  eden space 3072K, 0% used [0x00000000eab00000,0x00000000eab00000,0x00000000eae00000)
  from space 512K, 100% used [0x00000000eb080000,0x00000000eb100000,0x00000000eb100000)
  to   space 1024K, 0% used [0x00000000eaf00000,0x00000000eaf00000,0x00000000eb000000)
 ParOldGen       total 88064K, used 70959K [0x00000000c0000000, 0x00000000c5600000, 0x00000000eab00000)
  object space 88064K, 80% used [0x00000000c0000000,0x00000000c454bdf8,0x00000000c5600000)
 Metaspace       used 60356K, committed 61696K, reserved 1114112K
  class space    used 6167K, committed 6784K, reserved 1048576K
}
Event: 49.073 GC heap before
{Heap before GC invocations=82 (full 3):
 PSYoungGen      total 3584K, used 3584K [0x00000000eab00000, 0x00000000eb100000, 0x0000000100000000)
  eden space 3072K, 100% used [0x00000000eab00000,0x00000000eae00000,0x00000000eae00000)
  from space 512K, 100% used [0x00000000eb080000,0x00000000eb100000,0x00000000eb100000)
  to   space 1024K, 0% used [0x00000000eaf00000,0x00000000eaf00000,0x00000000eb000000)
 ParOldGen       total 88064K, used 70959K [0x00000000c0000000, 0x00000000c5600000, 0x00000000eab00000)
  object space 88064K, 80% used [0x00000000c0000000,0x00000000c454bdf8,0x00000000c5600000)
 Metaspace       used 60356K, committed 61696K, reserved 1114112K
  class space    used 6167K, committed 6784K, reserved 1048576K
}
Event: 49.079 GC heap after
{Heap after GC invocations=82 (full 3):
 PSYoungGen      total 4096K, used 768K [0x00000000eab00000, 0x00000000eb100000, 0x0000000100000000)
  eden space 3072K, 0% used [0x00000000eab00000,0x00000000eab00000,0x00000000eae00000)
  from space 1024K, 75% used [0x00000000eaf00000,0x00000000eafc0000,0x00000000eb000000)
  to   space 1024K, 0% used [0x00000000eb000000,0x00000000eb000000,0x00000000eb100000)
 ParOldGen       total 88064K, used 71418K [0x00000000c0000000, 0x00000000c5600000, 0x00000000eab00000)
  object space 88064K, 81% used [0x00000000c0000000,0x00000000c45bea50,0x00000000c5600000)
 Metaspace       used 60356K, committed 61696K, reserved 1114112K
  class space    used 6167K, committed 6784K, reserved 1048576K
}
Event: 49.730 GC heap before
{Heap before GC invocations=83 (full 3):
 PSYoungGen      total 4096K, used 3834K [0x00000000eab00000, 0x00000000eb100000, 0x0000000100000000)
  eden space 3072K, 99% used [0x00000000eab00000,0x00000000eadfea78,0x00000000eae00000)
  from space 1024K, 75% used [0x00000000eaf00000,0x00000000eafc0000,0x00000000eb000000)
  to   space 1024K, 0% used [0x00000000eb000000,0x00000000eb000000,0x00000000eb100000)
 ParOldGen       total 88064K, used 71418K [0x00000000c0000000, 0x00000000c5600000, 0x00000000eab00000)
  object space 88064K, 81% used [0x00000000c0000000,0x00000000c45bea50,0x00000000c5600000)
 Metaspace       used 60392K, committed 61760K, reserved 1114112K
  class space    used 6167K, committed 6784K, reserved 1048576K
}
Event: 49.735 GC heap after
{Heap after GC invocations=83 (full 3):
 PSYoungGen      total 3584K, used 480K [0x00000000eab00000, 0x00000000eb080000, 0x0000000100000000)
  eden space 3072K, 0% used [0x00000000eab00000,0x00000000eab00000,0x00000000eae00000)
  from space 512K, 93% used [0x00000000eb000000,0x00000000eb078000,0x00000000eb080000)
  to   space 1024K, 0% used [0x00000000eae80000,0x00000000eae80000,0x00000000eaf80000)
 ParOldGen       total 88064K, used 72996K [0x00000000c0000000, 0x00000000c5600000, 0x00000000eab00000)
  object space 88064K, 82% used [0x00000000c0000000,0x00000000c4749188,0x00000000c5600000)
 Metaspace       used 60392K, committed 61760K, reserved 1114112K
  class space    used 6167K, committed 6784K, reserved 1048576K
}
Event: 50.133 GC heap before
{Heap before GC invocations=84 (full 3):
 PSYoungGen      total 3584K, used 3552K [0x00000000eab00000, 0x00000000eb080000, 0x0000000100000000)
  eden space 3072K, 100% used [0x00000000eab00000,0x00000000eae00000,0x00000000eae00000)
  from space 512K, 93% used [0x00000000eb000000,0x00000000eb078000,0x00000000eb080000)
  to   space 1024K, 0% used [0x00000000eae80000,0x00000000eae80000,0x00000000eaf80000)
 ParOldGen       total 88064K, used 72996K [0x00000000c0000000, 0x00000000c5600000, 0x00000000eab00000)
  object space 88064K, 82% used [0x00000000c0000000,0x00000000c4749188,0x00000000c5600000)
 Metaspace       used 60430K, committed 61760K, reserved 1114112K
  class space    used 6168K, committed 6784K, reserved 1048576K
}
Event: 50.136 GC heap after
{Heap after GC invocations=84 (full 3):
 PSYoungGen      total 4096K, used 508K [0x00000000eab00000, 0x00000000eb080000, 0x0000000100000000)
  eden space 3072K, 0% used [0x00000000eab00000,0x00000000eab00000,0x00000000eae00000)
  from space 1024K, 49% used [0x00000000eae80000,0x00000000eaeff270,0x00000000eaf80000)
  to   space 1024K, 0% used [0x00000000eaf80000,0x00000000eaf80000,0x00000000eb080000)
 ParOldGen       total 88064K, used 73337K [0x00000000c0000000, 0x00000000c5600000, 0x00000000eab00000)
  object space 88064K, 83% used [0x00000000c0000000,0x00000000c479e578,0x00000000c5600000)
 Metaspace       used 60430K, committed 61760K, reserved 1114112K
  class space    used 6168K, committed 6784K, reserved 1048576K
}
Event: 50.579 GC heap before
{Heap before GC invocations=85 (full 3):
 PSYoungGen      total 4096K, used 3580K [0x00000000eab00000, 0x00000000eb080000, 0x0000000100000000)
  eden space 3072K, 100% used [0x00000000eab00000,0x00000000eae00000,0x00000000eae00000)
  from space 1024K, 49% used [0x00000000eae80000,0x00000000eaeff270,0x00000000eaf80000)
  to   space 1024K, 0% used [0x00000000eaf80000,0x00000000eaf80000,0x00000000eb080000)
 ParOldGen       total 88064K, used 73337K [0x00000000c0000000, 0x00000000c5600000, 0x00000000eab00000)
  object space 88064K, 83% used [0x00000000c0000000,0x00000000c479e578,0x00000000c5600000)
 Metaspace       used 60470K, committed 61824K, reserved 1114112K
  class space    used 6169K, committed 6784K, reserved 1048576K
}
Event: 50.586 GC heap after
{Heap after GC invocations=85 (full 3):
 PSYoungGen      total 3584K, used 512K [0x00000000eab00000, 0x00000000eb000000, 0x0000000100000000)
  eden space 3072K, 0% used [0x00000000eab00000,0x00000000eab00000,0x00000000eae00000)
  from space 512K, 100% used [0x00000000eaf80000,0x00000000eb000000,0x00000000eb000000)
  to   space 1024K, 0% used [0x00000000eae00000,0x00000000eae00000,0x00000000eaf00000)
 ParOldGen       total 88064K, used 73807K [0x00000000c0000000, 0x00000000c5600000, 0x00000000eab00000)
  object space 88064K, 83% used [0x00000000c0000000,0x00000000c4813e08,0x00000000c5600000)
 Metaspace       used 60470K, committed 61824K, reserved 1114112K
  class space    used 6169K, committed 6784K, reserved 1048576K
}
Event: 50.614 GC heap before
{Heap before GC invocations=86 (full 3):
 PSYoungGen      total 3584K, used 3584K [0x00000000eab00000, 0x00000000eb000000, 0x0000000100000000)
  eden space 3072K, 100% used [0x00000000eab00000,0x00000000eae00000,0x00000000eae00000)
  from space 512K, 100% used [0x00000000eaf80000,0x00000000eb000000,0x00000000eb000000)
  to   space 1024K, 0% used [0x00000000eae00000,0x00000000eae00000,0x00000000eaf00000)
 ParOldGen       total 88064K, used 73807K [0x00000000c0000000, 0x00000000c5600000, 0x00000000eab00000)
  object space 88064K, 83% used [0x00000000c0000000,0x00000000c4813e08,0x00000000c5600000)
 Metaspace       used 60470K, committed 61824K, reserved 1114112K
  class space    used 6169K, committed 6784K, reserved 1048576K
}
Event: 50.619 GC heap after
{Heap after GC invocations=86 (full 3):
 PSYoungGen      total 4096K, used 752K [0x00000000eab00000, 0x00000000eb000000, 0x0000000100000000)
  eden space 3072K, 0% used [0x00000000eab00000,0x00000000eab00000,0x00000000eae00000)
  from space 1024K, 73% used [0x00000000eae00000,0x00000000eaebc268,0x00000000eaf00000)
  to   space 1024K, 0% used [0x00000000eaf00000,0x00000000eaf00000,0x00000000eb000000)
 ParOldGen       total 88064K, used 74236K [0x00000000c0000000, 0x00000000c5600000, 0x00000000eab00000)
  object space 88064K, 84% used [0x00000000c0000000,0x00000000c487f250,0x00000000c5600000)
 Metaspace       used 60470K, committed 61824K, reserved 1114112K
  class space    used 6169K, committed 6784K, reserved 1048576K
}
Event: 55.106 GC heap before
{Heap before GC invocations=87 (full 3):
 PSYoungGen      total 4096K, used 3818K [0x00000000eab00000, 0x00000000eb000000, 0x0000000100000000)
  eden space 3072K, 99% used [0x00000000eab00000,0x00000000eadfe6a0,0x00000000eae00000)
  from space 1024K, 73% used [0x00000000eae00000,0x00000000eaebc268,0x00000000eaf00000)
  to   space 1024K, 0% used [0x00000000eaf00000,0x00000000eaf00000,0x00000000eb000000)
 ParOldGen       total 88064K, used 74236K [0x00000000c0000000, 0x00000000c5600000, 0x00000000eab00000)
  object space 88064K, 84% used [0x00000000c0000000,0x00000000c487f250,0x00000000c5600000)
 Metaspace       used 60473K, committed 61824K, reserved 1114112K
  class space    used 6169K, committed 6784K, reserved 1048576K
}
Event: 55.109 GC heap after
{Heap after GC invocations=87 (full 3):
 PSYoungGen      total 4096K, used 640K [0x00000000eab00000, 0x00000000eb000000, 0x0000000100000000)
  eden space 3072K, 0% used [0x00000000eab00000,0x00000000eab00000,0x00000000eae00000)
  from space 1024K, 62% used [0x00000000eaf00000,0x00000000eafa0000,0x00000000eb000000)
  to   space 1024K, 0% used [0x00000000eae00000,0x00000000eae00000,0x00000000eaf00000)
 ParOldGen       total 88064K, used 74957K [0x00000000c0000000, 0x00000000c5600000, 0x00000000eab00000)
  object space 88064K, 85% used [0x00000000c0000000,0x00000000c4933560,0x00000000c5600000)
 Metaspace       used 60473K, committed 61824K, reserved 1114112K
  class space    used 6169K, committed 6784K, reserved 1048576K
}
Event: 55.526 GC heap before
{Heap before GC invocations=88 (full 3):
 PSYoungGen      total 4096K, used 3712K [0x00000000eab00000, 0x00000000eb000000, 0x0000000100000000)
  eden space 3072K, 100% used [0x00000000eab00000,0x00000000eae00000,0x00000000eae00000)
  from space 1024K, 62% used [0x00000000eaf00000,0x00000000eafa0000,0x00000000eb000000)
  to   space 1024K, 0% used [0x00000000eae00000,0x00000000eae00000,0x00000000eaf00000)
 ParOldGen       total 88064K, used 74957K [0x00000000c0000000, 0x00000000c5600000, 0x00000000eab00000)
  object space 88064K, 85% used [0x00000000c0000000,0x00000000c4933560,0x00000000c5600000)
 Metaspace       used 60490K, committed 61824K, reserved 1114112K
  class space    used 6169K, committed 6784K, reserved 1048576K
}
Event: 55.529 GC heap after
{Heap after GC invocations=88 (full 3):
 PSYoungGen      total 4096K, used 384K [0x00000000eab00000, 0x00000000eaf80000, 0x0000000100000000)
  eden space 3072K, 0% used [0x00000000eab00000,0x00000000eab00000,0x00000000eae00000)
  from space 1024K, 37% used [0x00000000eae00000,0x00000000eae60000,0x00000000eaf00000)
  to   space 512K, 0% used [0x00000000eaf00000,0x00000000eaf00000,0x00000000eaf80000)
 ParOldGen       total 88064K, used 75510K [0x00000000c0000000, 0x00000000c5600000, 0x00000000eab00000)
  object space 88064K, 85% used [0x00000000c0000000,0x00000000c49bd878,0x00000000c5600000)
 Metaspace       used 60490K, committed 61824K, reserved 1114112K
  class space    used 6169K, committed 6784K, reserved 1048576K
}
Event: 55.917 GC heap before
{Heap before GC invocations=89 (full 3):
 PSYoungGen      total 4096K, used 3456K [0x00000000eab00000, 0x00000000eaf80000, 0x0000000100000000)
  eden space 3072K, 100% used [0x00000000eab00000,0x00000000eae00000,0x00000000eae00000)
  from space 1024K, 37% used [0x00000000eae00000,0x00000000eae60000,0x00000000eaf00000)
  to   space 512K, 0% used [0x00000000eaf00000,0x00000000eaf00000,0x00000000eaf80000)
 ParOldGen       total 88064K, used 75510K [0x00000000c0000000, 0x00000000c5600000, 0x00000000eab00000)
  object space 88064K, 85% used [0x00000000c0000000,0x00000000c49bd878,0x00000000c5600000)
 Metaspace       used 60519K, committed 61888K, reserved 1114112K
  class space    used 6170K, committed 6784K, reserved 1048576K
}
Event: 55.919 GC heap after
{Heap after GC invocations=89 (full 3):
 PSYoungGen      total 3584K, used 469K [0x00000000eab00000, 0x00000000eaf80000, 0x0000000100000000)
  eden space 3072K, 0% used [0x00000000eab00000,0x00000000eab00000,0x00000000eae00000)
  from space 512K, 91% used [0x00000000eaf00000,0x00000000eaf75668,0x00000000eaf80000)
  to   space 512K, 0% used [0x00000000eae80000,0x00000000eae80000,0x00000000eaf00000)
 ParOldGen       total 88064K, used 75838K [0x00000000c0000000, 0x00000000c5600000, 0x00000000eab00000)
  object space 88064K, 86% used [0x00000000c0000000,0x00000000c4a0f878,0x00000000c5600000)
 Metaspace       used 60519K, committed 61888K, reserved 1114112K
  class space    used 6170K, committed 6784K, reserved 1048576K
}
Event: 56.437 GC heap before
{Heap before GC invocations=90 (full 3):
 PSYoungGen      total 3584K, used 3541K [0x00000000eab00000, 0x00000000eaf80000, 0x0000000100000000)
  eden space 3072K, 100% used [0x00000000eab00000,0x00000000eae00000,0x00000000eae00000)
  from space 512K, 91% used [0x00000000eaf00000,0x00000000eaf75668,0x00000000eaf80000)
  to   space 512K, 0% used [0x00000000eae80000,0x00000000eae80000,0x00000000eaf00000)
 ParOldGen       total 88064K, used 75838K [0x00000000c0000000, 0x00000000c5600000, 0x00000000eab00000)
  object space 88064K, 86% used [0x00000000c0000000,0x00000000c4a0f878,0x00000000c5600000)
 Metaspace       used 60548K, committed 61888K, reserved 1114112K
  class space    used 6171K, committed 6784K, reserved 1048576K
}
Event: 56.440 GC heap after
{Heap after GC invocations=90 (full 3):
 PSYoungGen      total 3584K, used 512K [0x00000000eab00000, 0x00000000eb000000, 0x0000000100000000)
  eden space 3072K, 0% used [0x00000000eab00000,0x00000000eab00000,0x00000000eae00000)
  from space 512K, 100% used [0x00000000eae80000,0x00000000eaf00000,0x00000000eaf00000)
  to   space 1024K, 0% used [0x00000000eaf00000,0x00000000eaf00000,0x00000000eb000000)
 ParOldGen       total 88064K, used 76235K [0x00000000c0000000, 0x00000000c5600000, 0x00000000eab00000)
  object space 88064K, 86% used [0x00000000c0000000,0x00000000c4a72ed0,0x00000000c5600000)
 Metaspace       used 60548K, committed 61888K, reserved 1114112K
  class space    used 6171K, committed 6784K, reserved 1048576K
}

Dll operation events (10 events):
Event: 0.025 Loaded shared library c:\Users\edhim\.vscode\extensions\redhat.java-1.42.0-win32-x64\jre\21.0.7-win32-x86_64\bin\java.dll
Event: 0.246 Loaded shared library c:\Users\edhim\.vscode\extensions\redhat.java-1.42.0-win32-x64\jre\21.0.7-win32-x86_64\bin\zip.dll
Event: 0.359 Loaded shared library C:\Users\edhim\.vscode\extensions\redhat.java-1.42.0-win32-x64\jre\21.0.7-win32-x86_64\bin\instrument.dll
Event: 0.396 Loaded shared library C:\Users\edhim\.vscode\extensions\redhat.java-1.42.0-win32-x64\jre\21.0.7-win32-x86_64\bin\net.dll
Event: 0.399 Loaded shared library C:\Users\edhim\.vscode\extensions\redhat.java-1.42.0-win32-x64\jre\21.0.7-win32-x86_64\bin\nio.dll
Event: 0.406 Loaded shared library C:\Users\edhim\.vscode\extensions\redhat.java-1.42.0-win32-x64\jre\21.0.7-win32-x86_64\bin\zip.dll
Event: 0.474 Loaded shared library C:\Users\edhim\.vscode\extensions\redhat.java-1.42.0-win32-x64\jre\21.0.7-win32-x86_64\bin\jimage.dll
Event: 0.701 Loaded shared library c:\Users\edhim\.vscode\extensions\redhat.java-1.42.0-win32-x64\jre\21.0.7-win32-x86_64\bin\verify.dll
Event: 5.154 Loaded shared library C:\Users\edhim\AppData\Roaming\Code\User\globalStorage\redhat.java\1.42.0\config_win\org.eclipse.equinox.launcher\org.eclipse.equinox.launcher.win32.win32.x86_64_1.2.1300.v20250331-1702\eclipse_11911.dll
Event: 10.842 Loaded shared library C:\Users\edhim\AppData\Local\Temp\jna--1316540214\jna17279649283905790812.dll

Deoptimization events (20 events):
Event: 50.256 Thread 0x0000019a655c1a80 Uncommon trap: trap_request=0xffffff45 fr.pc=0x0000019a1555d528 relative=0x00000000000005c8
Event: 50.256 Thread 0x0000019a655c1a80 Uncommon trap: reason=unstable_if action=reinterpret pc=0x0000019a1555d528 method=java.lang.String.indexOf(Ljava/lang/String;)I @ 10 c2
Event: 50.256 Thread 0x0000019a655c1a80 DEOPT PACKING pc=0x0000019a1555d528 sp=0x00000001025fd9f0
Event: 50.256 Thread 0x0000019a655c1a80 DEOPT UNPACKING pc=0x0000019a14913aa2 sp=0x00000001025fd878 mode 2
Event: 50.592 Thread 0x0000019a655bf9b0 DEOPT PACKING pc=0x0000019a0e9a4fd3 sp=0x00000001023fe950
Event: 50.592 Thread 0x0000019a655bf9b0 DEOPT UNPACKING pc=0x0000019a14914242 sp=0x00000001023fdeb8 mode 0
Event: 50.600 Thread 0x0000019a655bf9b0 DEOPT PACKING pc=0x0000019a0e9a5053 sp=0x00000001023fe950
Event: 50.600 Thread 0x0000019a655bf9b0 DEOPT UNPACKING pc=0x0000019a14914242 sp=0x00000001023fdeb8 mode 0
Event: 50.610 Thread 0x0000019a655bf9b0 DEOPT PACKING pc=0x0000019a0e9a4fd3 sp=0x00000001023fe950
Event: 50.610 Thread 0x0000019a655bf9b0 DEOPT UNPACKING pc=0x0000019a14914242 sp=0x00000001023fdeb8 mode 0
Event: 50.625 Thread 0x0000019a655bf9b0 DEOPT PACKING pc=0x0000019a0e9a5053 sp=0x00000001023fe950
Event: 50.625 Thread 0x0000019a655bf9b0 DEOPT UNPACKING pc=0x0000019a14914242 sp=0x00000001023fdeb8 mode 0
Event: 50.640 Thread 0x0000019a655c1a80 Uncommon trap: trap_request=0xffffff45 fr.pc=0x0000019a155606f0 relative=0x00000000000000d0
Event: 50.640 Thread 0x0000019a655c1a80 Uncommon trap: reason=unstable_if action=reinterpret pc=0x0000019a155606f0 method=org.apache.maven.model.validation.DefaultModelValidator.isValidIdCharacter(C)Z @ 45 c2
Event: 50.640 Thread 0x0000019a655c1a80 DEOPT PACKING pc=0x0000019a155606f0 sp=0x00000001025fd800
Event: 50.640 Thread 0x0000019a655c1a80 DEOPT UNPACKING pc=0x0000019a14913aa2 sp=0x00000001025fd788 mode 2
Event: 56.144 Thread 0x0000019a655c1a80 DEOPT PACKING pc=0x0000019a0e9dccb9 sp=0x00000001025fd400
Event: 56.144 Thread 0x0000019a655c1a80 DEOPT UNPACKING pc=0x0000019a14914242 sp=0x00000001025fc900 mode 0
Event: 56.533 Thread 0x0000019a655c1a80 DEOPT PACKING pc=0x0000019a0e9b8bcd sp=0x00000001025fd370
Event: 56.533 Thread 0x0000019a655c1a80 DEOPT UNPACKING pc=0x0000019a14914242 sp=0x00000001025fc8a8 mode 0

Classes loaded (20 events):
Event: 39.410 Loading class java/util/stream/ReferencePipeline$4
Event: 39.414 Loading class java/util/stream/ReferencePipeline$4 done
Event: 39.415 Loading class java/util/stream/Nodes$IntFixedNodeBuilder
Event: 39.420 Loading class java/util/stream/Node$Builder$OfInt
Event: 39.420 Loading class java/util/stream/Node$Builder$OfInt done
Event: 39.420 Loading class java/util/stream/Nodes$IntArrayNode
Event: 39.421 Loading class java/util/stream/Nodes$IntArrayNode done
Event: 39.421 Loading class java/util/stream/Nodes$IntFixedNodeBuilder done
Event: 39.421 Loading class java/util/stream/ReferencePipeline$4$1
Event: 39.422 Loading class java/util/stream/ReferencePipeline$4$1 done
Event: 41.220 Loading class jdk/internal/module/IllegalAccessLogger
Event: 41.220 Loading class jdk/internal/module/IllegalAccessLogger done
Event: 41.937 Loading class java/util/concurrent/CompletableFuture$AltResult
Event: 41.938 Loading class java/util/concurrent/CompletableFuture$AltResult done
Event: 41.938 Loading class java/util/concurrent/CompletableFuture$Completion
Event: 41.943 Loading class java/util/concurrent/CompletableFuture$AsynchronousCompletionTask
Event: 41.943 Loading class java/util/concurrent/CompletableFuture$AsynchronousCompletionTask done
Event: 41.943 Loading class java/util/concurrent/CompletableFuture$Completion done
Event: 42.131 Loading class jdk/internal/math/FormattedFPDecimal
Event: 42.132 Loading class jdk/internal/math/FormattedFPDecimal done

Classes unloaded (7 events):
Event: 12.570 Thread 0x0000019a0a25e6f0 Unloading class 0x0000019a2019bc00 'java/lang/invoke/LambdaForm$MH+0x0000019a2019bc00'
Event: 12.570 Thread 0x0000019a0a25e6f0 Unloading class 0x0000019a2019b800 'java/lang/invoke/LambdaForm$MH+0x0000019a2019b800'
Event: 12.570 Thread 0x0000019a0a25e6f0 Unloading class 0x0000019a2019b400 'java/lang/invoke/LambdaForm$MH+0x0000019a2019b400'
Event: 12.570 Thread 0x0000019a0a25e6f0 Unloading class 0x0000019a2019b000 'java/lang/invoke/LambdaForm$MH+0x0000019a2019b000'
Event: 12.570 Thread 0x0000019a0a25e6f0 Unloading class 0x0000019a2019ac00 'java/lang/invoke/LambdaForm$BMH+0x0000019a2019ac00'
Event: 12.570 Thread 0x0000019a0a25e6f0 Unloading class 0x0000019a2019a800 'java/lang/invoke/LambdaForm$DMH+0x0000019a2019a800'
Event: 12.570 Thread 0x0000019a0a25e6f0 Unloading class 0x0000019a20199400 'java/lang/invoke/LambdaForm$DMH+0x0000019a20199400'

Classes redefined (0 events):
No events

Internal exceptions (20 events):
Event: 36.313 Thread 0x0000019a66a227b0 Exception <a 'java/lang/NoSuchMethodError'{0x00000000eb0ec6a8}: 'void java.lang.invoke.DirectMethodHandle$Holder.invokeStatic(java.lang.Object, int, java.lang.Object)'> (0x00000000eb0ec6a8) 
thrown [s\src\hotspot\share\interpreter\linkResolver.cpp, line 773]
Event: 36.415 Thread 0x0000019a655c13f0 Exception <a 'java/lang/NoSuchMethodError'{0x00000000eb1ed8a0}: 'java.lang.Object java.lang.invoke.DirectMethodHandle$Holder.newInvokeSpecial(java.lang.Object, java.lang.Object, int, int, java.lang.Object)'> (0x00000000eb1ed8a0) 
thrown [s\src\hotspot\share\interpreter\linkResolver.cpp, line 773]
Event: 36.777 Thread 0x0000019a66a227b0 Implicit null exception at 0x0000019a1530e947 to 0x0000019a1530f05c
Event: 39.181 Thread 0x0000019a66a227b0 Implicit null exception at 0x0000019a153fb84f to 0x0000019a153fb8dc
Event: 40.375 Thread 0x0000019a655c13f0 Exception <a 'sun/nio/fs/WindowsException'{0x00000000eb1c18f8}> (0x00000000eb1c18f8) 
thrown [s\src\hotspot\share\prims\jni.cpp, line 520]
Event: 40.376 Thread 0x0000019a66a20050 Exception <a 'sun/nio/fs/WindowsException'{0x00000000eb1c4110}> (0x00000000eb1c4110) 
thrown [s\src\hotspot\share\prims\jni.cpp, line 520]
Event: 40.377 Thread 0x0000019a66a206e0 Exception <a 'sun/nio/fs/WindowsException'{0x00000000eb1c63f8}> (0x00000000eb1c63f8) 
thrown [s\src\hotspot\share\prims\jni.cpp, line 520]
Event: 41.374 Thread 0x0000019a655c13f0 Exception <a 'sun/nio/fs/WindowsException'{0x00000000eadfa840}> (0x00000000eadfa840) 
thrown [s\src\hotspot\share\prims\jni.cpp, line 520]
Event: 41.374 Thread 0x0000019a655c13f0 Exception <a 'sun/nio/fs/WindowsException'{0x00000000eadfae70}> (0x00000000eadfae70) 
thrown [s\src\hotspot\share\prims\jni.cpp, line 520]
Event: 41.722 Thread 0x0000019a657bd580 Exception <a 'java/io/FileNotFoundException'{0x00000000eacbf930}> (0x00000000eacbf930) 
thrown [s\src\hotspot\share\prims\jni.cpp, line 520]
Event: 42.123 Thread 0x0000019a655c1a80 Exception <a 'java/lang/NoSuchMethodError'{0x00000000eab50f90}: 'int java.lang.invoke.DirectMethodHandle$Holder.invokeSpecialIFC(java.lang.Object, java.lang.Object, java.lang.Object, java.lang.Object)'> (0x00000000eab50f90) 
thrown [s\src\hotspot\share\interpreter\linkResolver.cpp, line 773]
Event: 42.125 Thread 0x0000019a655c1a80 Implicit null exception at 0x0000019a1502b389 to 0x0000019a1502b49c
Event: 42.125 Thread 0x0000019a655c1a80 Implicit null exception at 0x0000019a1502d8e0 to 0x0000019a1502d96d
Event: 42.184 Thread 0x0000019a655c1a80 Exception <a 'sun/nio/fs/WindowsException'{0x00000000eac263d0}> (0x00000000eac263d0) 
thrown [s\src\hotspot\share\prims\jni.cpp, line 520]
Event: 42.185 Thread 0x0000019a655c1a80 Exception <a 'sun/nio/fs/WindowsException'{0x00000000eac2d030}> (0x00000000eac2d030) 
thrown [s\src\hotspot\share\prims\jni.cpp, line 520]
Event: 42.608 Thread 0x0000019a655c1a80 Exception <a 'sun/nio/fs/WindowsException'{0x00000000eab68370}> (0x00000000eab68370) 
thrown [s\src\hotspot\share\prims\jni.cpp, line 520]
Event: 42.608 Thread 0x0000019a655c1a80 Exception <a 'sun/nio/fs/WindowsException'{0x00000000eab68c50}> (0x00000000eab68c50) 
thrown [s\src\hotspot\share\prims\jni.cpp, line 520]
Event: 43.349 Thread 0x0000019a657bd580 Exception <a 'java/lang/IncompatibleClassChangeError'{0x00000000eacbcaf8}: Found class java.lang.Object, but interface was expected> (0x00000000eacbcaf8) 
thrown [s\src\hotspot\share\interpreter\linkResolver.cpp, line 840]
Event: 47.540 Thread 0x0000019a655c1a80 Exception <a 'java/lang/NoSuchMethodError'{0x00000000eacd64b0}: 'void java.lang.invoke.DirectMethodHandle$Holder.invokeStatic(java.lang.Object, java.lang.Object, java.lang.Object, int)'> (0x00000000eacd64b0) 
thrown [s\src\hotspot\share\interpreter\linkResolver.cpp, line 773]
Event: 47.722 Thread 0x0000019a655c1a80 Exception <a 'java/lang/NoSuchMethodError'{0x00000000ead7f648}: 'void java.lang.invoke.DirectMethodHandle$Holder.invokeVirtual(java.lang.Object, java.lang.Object, int)'> (0x00000000ead7f648) 
thrown [s\src\hotspot\share\interpreter\linkResolver.cpp, line 773]

ZGC Phase Switch (0 events):
No events

VM Operations (20 events):
Event: 49.073 Executing VM operation: ParallelGCFailedAllocation (Allocation Failure)
Event: 49.079 Executing VM operation: ParallelGCFailedAllocation (Allocation Failure) done
Event: 49.564 Executing VM operation: ParallelGCFailedAllocation (Allocation Failure)
Event: 49.735 Executing VM operation: ParallelGCFailedAllocation (Allocation Failure) done
Event: 50.055 Executing VM operation: ParallelGCFailedAllocation (Allocation Failure)
Event: 50.136 Executing VM operation: ParallelGCFailedAllocation (Allocation Failure) done
Event: 50.579 Executing VM operation: ParallelGCFailedAllocation (Allocation Failure)
Event: 50.586 Executing VM operation: ParallelGCFailedAllocation (Allocation Failure) done
Event: 50.614 Executing VM operation: ParallelGCFailedAllocation (Allocation Failure)
Event: 50.619 Executing VM operation: ParallelGCFailedAllocation (Allocation Failure) done
Event: 51.630 Executing VM operation: Cleanup
Event: 54.707 Executing VM operation: Cleanup done
Event: 55.061 Executing VM operation: ParallelGCFailedAllocation (Allocation Failure)
Event: 55.109 Executing VM operation: ParallelGCFailedAllocation (Allocation Failure) done
Event: 55.403 Executing VM operation: ParallelGCFailedAllocation (Allocation Failure)
Event: 55.529 Executing VM operation: ParallelGCFailedAllocation (Allocation Failure) done
Event: 55.917 Executing VM operation: ParallelGCFailedAllocation (Allocation Failure)
Event: 55.919 Executing VM operation: ParallelGCFailedAllocation (Allocation Failure) done
Event: 56.252 Executing VM operation: ParallelGCFailedAllocation (Allocation Failure)
Event: 56.440 Executing VM operation: ParallelGCFailedAllocation (Allocation Failure) done

Memory protections (0 events):
No events

Nmethod flushes (20 events):
Event: 41.800 Thread 0x0000019a0a25e6f0 flushing  nmethod 0x0000019a0dd0f190
Event: 41.800 Thread 0x0000019a0a25e6f0 flushing  nmethod 0x0000019a0dd0f590
Event: 41.800 Thread 0x0000019a0a25e6f0 flushing  nmethod 0x0000019a0dd0fa10
Event: 41.800 Thread 0x0000019a0a25e6f0 flushing  nmethod 0x0000019a0dd10010
Event: 41.800 Thread 0x0000019a0a25e6f0 flushing  nmethod 0x0000019a0dd10410
Event: 41.800 Thread 0x0000019a0a25e6f0 flushing  nmethod 0x0000019a0dd10a10
Event: 41.800 Thread 0x0000019a0a25e6f0 flushing  nmethod 0x0000019a0dd31d90
Event: 41.800 Thread 0x0000019a0a25e6f0 flushing  nmethod 0x0000019a0dd32910
Event: 41.800 Thread 0x0000019a0a25e6f0 flushing osr nmethod 0x0000019a0dd36890
Event: 41.800 Thread 0x0000019a0a25e6f0 flushing  nmethod 0x0000019a0dd42d90
Event: 41.800 Thread 0x0000019a0a25e6f0 flushing  nmethod 0x0000019a0dd43b10
Event: 41.800 Thread 0x0000019a0a25e6f0 flushing  nmethod 0x0000019a0dd4ef10
Event: 41.800 Thread 0x0000019a0a25e6f0 flushing  nmethod 0x0000019a0dd89810
Event: 41.800 Thread 0x0000019a0a25e6f0 flushing  nmethod 0x0000019a0dd8a190
Event: 41.800 Thread 0x0000019a0a25e6f0 flushing  nmethod 0x0000019a0dd8c790
Event: 41.800 Thread 0x0000019a0a25e6f0 flushing  nmethod 0x0000019a0ddc2010
Event: 41.800 Thread 0x0000019a0a25e6f0 flushing  nmethod 0x0000019a0de19a10
Event: 41.800 Thread 0x0000019a0a25e6f0 flushing  nmethod 0x0000019a0de1a010
Event: 41.800 Thread 0x0000019a0a25e6f0 flushing  nmethod 0x0000019a0de1a890
Event: 41.800 Thread 0x0000019a0a25e6f0 flushing  nmethod 0x0000019a0de1ec90

Events (20 events):
Event: 31.903 Thread 0x0000019a653855a0 Thread exited: 0x0000019a653855a0
Event: 32.194 Thread 0x0000019a1e548730 Thread added: 0x0000019a653855a0
Event: 32.402 Thread 0x0000019a653855a0 Thread exited: 0x0000019a653855a0
Event: 34.503 Thread 0x0000019a1e548730 Thread added: 0x0000019a67b7d0d0
Event: 35.377 Thread 0x0000019a655c13f0 Thread added: 0x0000019a66a227b0
Event: 35.484 Thread 0x0000019a67b7d0d0 Thread exited: 0x0000019a67b7d0d0
Event: 36.416 Thread 0x0000019a655c13f0 Thread added: 0x0000019a66a1d260
Event: 36.668 Thread 0x0000019a655c13f0 Thread added: 0x0000019a66a1e610
Event: 36.946 Thread 0x0000019a1e548730 Thread added: 0x0000019a67b7d0d0
Event: 37.327 Thread 0x0000019a67b7d0d0 Thread exited: 0x0000019a67b7d0d0
Event: 37.372 Thread 0x0000019a1e548730 Thread added: 0x0000019a67b7d0d0
Event: 38.143 Thread 0x0000019a67b7d0d0 Thread exited: 0x0000019a67b7d0d0
Event: 38.396 Thread 0x0000019a1e548730 Thread added: 0x0000019a67b7d0d0
Event: 39.421 Thread 0x0000019a67b7d0d0 Thread exited: 0x0000019a67b7d0d0
Event: 39.438 Thread 0x0000019a1e548730 Thread added: 0x0000019a67b7d0d0
Event: 40.505 Thread 0x0000019a67b7d0d0 Thread exited: 0x0000019a67b7d0d0
Event: 41.260 Thread 0x0000019a1e548730 Thread added: 0x0000019a67b7d0d0
Event: 42.449 Thread 0x0000019a67b7d0d0 Thread exited: 0x0000019a67b7d0d0
Event: 43.351 Thread 0x0000019a1e548730 Thread added: 0x0000019a67b7d0d0
Event: 47.238 Thread 0x0000019a67b7d0d0 Thread exited: 0x0000019a67b7d0d0


Dynamic libraries:
0x00007ff632cf0000 - 0x00007ff632cfe000 	c:\Users\edhim\.vscode\extensions\redhat.java-1.42.0-win32-x64\jre\21.0.7-win32-x86_64\bin\java.exe
0x00007ffec9bd0000 - 0x00007ffec9de7000 	C:\Windows\SYSTEM32\ntdll.dll
0x00007ffec84a0000 - 0x00007ffec8564000 	C:\Windows\System32\KERNEL32.DLL
0x00007ffec7000000 - 0x00007ffec73b7000 	C:\Windows\System32\KERNELBASE.dll
0x00007ffec7640000 - 0x00007ffec7751000 	C:\Windows\System32\ucrtbase.dll
0x00007ffea6cc0000 - 0x00007ffea6cd8000 	c:\Users\edhim\.vscode\extensions\redhat.java-1.42.0-win32-x64\jre\21.0.7-win32-x86_64\bin\jli.dll
0x00007ffec88a0000 - 0x00007ffec8a4f000 	C:\Windows\System32\USER32.dll
0x00007ffec77e0000 - 0x00007ffec7806000 	C:\Windows\System32\win32u.dll
0x00007ffec7cb0000 - 0x00007ffec7cd9000 	C:\Windows\System32\GDI32.dll
0x00007ffec6ee0000 - 0x00007ffec6ff8000 	C:\Windows\System32\gdi32full.dll
0x00007ffec75a0000 - 0x00007ffec763a000 	C:\Windows\System32\msvcp_win.dll
0x00007ffeb2cc0000 - 0x00007ffeb2f53000 	C:\Windows\WinSxS\amd64_microsoft.windows.common-controls_6595b64144ccf1df_6.0.22621.3672_none_2713b9d173822955\COMCTL32.dll
0x00007ffec86b0000 - 0x00007ffec8757000 	C:\Windows\System32\msvcrt.dll
0x00007ffea58a0000 - 0x00007ffea58be000 	c:\Users\edhim\.vscode\extensions\redhat.java-1.42.0-win32-x64\jre\21.0.7-win32-x86_64\bin\VCRUNTIME140.dll
0x00007ffec8570000 - 0x00007ffec85a1000 	C:\Windows\System32\IMM32.DLL
0x00007ffeb67d0000 - 0x00007ffeb67dc000 	c:\Users\edhim\.vscode\extensions\redhat.java-1.42.0-win32-x64\jre\21.0.7-win32-x86_64\bin\vcruntime140_1.dll
0x00007ffe571d0000 - 0x00007ffe5725d000 	c:\Users\edhim\.vscode\extensions\redhat.java-1.42.0-win32-x64\jre\21.0.7-win32-x86_64\bin\msvcp140.dll
0x00007ffdfd3e0000 - 0x00007ffdfe170000 	c:\Users\edhim\.vscode\extensions\redhat.java-1.42.0-win32-x64\jre\21.0.7-win32-x86_64\bin\server\jvm.dll
0x00007ffec8070000 - 0x00007ffec8122000 	C:\Windows\System32\ADVAPI32.dll
0x00007ffec8130000 - 0x00007ffec81d8000 	C:\Windows\System32\sechost.dll
0x00007ffec7810000 - 0x00007ffec7838000 	C:\Windows\System32\bcrypt.dll
0x00007ffec9940000 - 0x00007ffec9a54000 	C:\Windows\System32\RPCRT4.dll
0x00007ffec8770000 - 0x00007ffec87e1000 	C:\Windows\System32\WS2_32.dll
0x00007ffec6db0000 - 0x00007ffec6dfd000 	C:\Windows\SYSTEM32\POWRPROF.dll
0x00007ffebfea0000 - 0x00007ffebfed4000 	C:\Windows\SYSTEM32\WINMM.dll
0x00007ffeb5270000 - 0x00007ffeb527a000 	C:\Windows\SYSTEM32\VERSION.dll
0x00007ffec6d90000 - 0x00007ffec6da3000 	C:\Windows\SYSTEM32\UMPDC.dll
0x00007ffec5ef0000 - 0x00007ffec5f08000 	C:\Windows\SYSTEM32\kernel.appcore.dll
0x00007ffeb6110000 - 0x00007ffeb611a000 	c:\Users\edhim\.vscode\extensions\redhat.java-1.42.0-win32-x64\jre\21.0.7-win32-x86_64\bin\jimage.dll
0x00007ffec4770000 - 0x00007ffec49a2000 	C:\Windows\SYSTEM32\DBGHELP.DLL
0x00007ffec7ce0000 - 0x00007ffec806e000 	C:\Windows\System32\combase.dll
0x00007ffec7a10000 - 0x00007ffec7ae7000 	C:\Windows\System32\OLEAUT32.dll
0x00007ffeb2460000 - 0x00007ffeb2492000 	C:\Windows\SYSTEM32\dbgcore.DLL
0x00007ffec7760000 - 0x00007ffec77db000 	C:\Windows\System32\bcryptPrimitives.dll
0x00007ffeb5e70000 - 0x00007ffeb5e7f000 	c:\Users\edhim\.vscode\extensions\redhat.java-1.42.0-win32-x64\jre\21.0.7-win32-x86_64\bin\instrument.dll
0x00007ffe81fa0000 - 0x00007ffe81fbf000 	c:\Users\edhim\.vscode\extensions\redhat.java-1.42.0-win32-x64\jre\21.0.7-win32-x86_64\bin\java.dll
0x00007ffec8a50000 - 0x00007ffec92b9000 	C:\Windows\System32\SHELL32.dll
0x00007ffec4e00000 - 0x00007ffec56ff000 	C:\Windows\SYSTEM32\windows.storage.dll
0x00007ffec4cc0000 - 0x00007ffec4dff000 	C:\Windows\SYSTEM32\wintypes.dll
0x00007ffec85b0000 - 0x00007ffec86a9000 	C:\Windows\System32\SHCORE.dll
0x00007ffec9a60000 - 0x00007ffec9abe000 	C:\Windows\System32\shlwapi.dll
0x00007ffec6e10000 - 0x00007ffec6e37000 	C:\Windows\SYSTEM32\profapi.dll
0x00007ffe81890000 - 0x00007ffe818a8000 	c:\Users\edhim\.vscode\extensions\redhat.java-1.42.0-win32-x64\jre\21.0.7-win32-x86_64\bin\zip.dll
0x00007ffeb5280000 - 0x00007ffeb5290000 	C:\Users\edhim\.vscode\extensions\redhat.java-1.42.0-win32-x64\jre\21.0.7-win32-x86_64\bin\net.dll
0x00007ffec06e0000 - 0x00007ffec0816000 	C:\Windows\SYSTEM32\WINHTTP.dll
0x00007ffec6350000 - 0x00007ffec63b9000 	C:\Windows\system32\mswsock.dll
0x00007ffe81560000 - 0x00007ffe81576000 	C:\Users\edhim\.vscode\extensions\redhat.java-1.42.0-win32-x64\jre\21.0.7-win32-x86_64\bin\nio.dll
0x00007ffeb51e0000 - 0x00007ffeb51f0000 	c:\Users\edhim\.vscode\extensions\redhat.java-1.42.0-win32-x64\jre\21.0.7-win32-x86_64\bin\verify.dll
0x00007ffe81ed0000 - 0x00007ffe81f15000 	C:\Users\edhim\AppData\Roaming\Code\User\globalStorage\redhat.java\1.42.0\config_win\org.eclipse.equinox.launcher\org.eclipse.equinox.launcher.win32.win32.x86_64_1.2.1300.v20250331-1702\eclipse_11911.dll
0x00007ffec9740000 - 0x00007ffec98e5000 	C:\Windows\System32\ole32.dll
0x00007ffec66a0000 - 0x00007ffec66bb000 	C:\Windows\SYSTEM32\CRYPTSP.dll
0x00007ffec5e50000 - 0x00007ffec5e85000 	C:\Windows\system32\rsaenh.dll
0x00007ffec63f0000 - 0x00007ffec6418000 	C:\Windows\SYSTEM32\USERENV.dll
0x00007ffec6680000 - 0x00007ffec668c000 	C:\Windows\SYSTEM32\CRYPTBASE.dll
0x00007ffec5960000 - 0x00007ffec598d000 	C:\Windows\SYSTEM32\IPHLPAPI.DLL
0x00007ffec9ac0000 - 0x00007ffec9ac9000 	C:\Windows\System32\NSI.dll
0x00007ffe814a0000 - 0x00007ffe814e9000 	C:\Users\edhim\AppData\Local\Temp\jna--1316540214\jna17279649283905790812.dll
0x00007ffec7900000 - 0x00007ffec7908000 	C:\Windows\System32\PSAPI.DLL
0x00007ffec0330000 - 0x00007ffec0349000 	C:\Windows\SYSTEM32\dhcpcsvc6.DLL
0x00007ffec0230000 - 0x00007ffec024f000 	C:\Windows\SYSTEM32\dhcpcsvc.DLL

dbghelp: loaded successfully - version: 4.0.5 - missing functions: none
symbol engine: initialized successfully - sym options: 0x614 - pdb path: .;c:\Users\edhim\.vscode\extensions\redhat.java-1.42.0-win32-x64\jre\21.0.7-win32-x86_64\bin;C:\Windows\SYSTEM32;C:\Windows\WinSxS\amd64_microsoft.windows.common-controls_6595b64144ccf1df_6.0.22621.3672_none_2713b9d173822955;c:\Users\edhim\.vscode\extensions\redhat.java-1.42.0-win32-x64\jre\21.0.7-win32-x86_64\bin\server;C:\Users\edhim\AppData\Roaming\Code\User\globalStorage\redhat.java\1.42.0\config_win\org.eclipse.equinox.launcher\org.eclipse.equinox.launcher.win32.win32.x86_64_1.2.1300.v20250331-1702;C:\Users\edhim\AppData\Local\Temp\jna--1316540214

VM Arguments:
jvm_args: --add-modules=ALL-SYSTEM --add-opens=java.base/java.util=ALL-UNNAMED --add-opens=java.base/java.lang=ALL-UNNAMED --add-opens=java.base/sun.nio.fs=ALL-UNNAMED -Declipse.application=org.eclipse.jdt.ls.core.id1 -Dosgi.bundles.defaultStartLevel=4 -Declipse.product=org.eclipse.jdt.ls.core.product -Djava.import.generatesMetadataFilesAtProjectRoot=false -DDetectVMInstallationsJob.disabled=true -Dfile.encoding=utf8 -XX:+UseParallelGC -XX:GCTimeRatio=4 -XX:AdaptiveSizePolicyWeight=90 -Dsun.zip.disableMemoryMapping=true -Xmx1G -Xms100m -Xlog:disable -javaagent:c:\Users\edhim\.vscode\extensions\redhat.java-1.42.0-win32-x64\lombok\lombok-1.18.36.jar -XX:+HeapDumpOnOutOfMemoryError -XX:HeapDumpPath=c:\Users\edhim\AppData\Roaming\Code\User\workspaceStorage\f5c8dd7b6506a7865490afbc220914d0\redhat.java -Daether.dependencyCollector.impl=bf 
java_command: c:\Users\edhim\.vscode\extensions\redhat.java-1.42.0-win32-x64\server\plugins\org.eclipse.equinox.launcher_1.7.0.v20250424-1814.jar -configuration c:\Users\edhim\AppData\Roaming\Code\User\globalStorage\redhat.java\1.42.0\config_win -data c:\Users\edhim\AppData\Roaming\Code\User\workspaceStorage\f5c8dd7b6506a7865490afbc220914d0\redhat.java\jdt_ws --pipe=\\.\pipe\lsp-22e8aceead01e5852133e8a73fe53c18-sock
java_class_path (initial): c:\Users\edhim\.vscode\extensions\redhat.java-1.42.0-win32-x64\server\plugins\org.eclipse.equinox.launcher_1.7.0.v20250424-1814.jar
Launcher Type: SUN_STANDARD

[Global flags]
    uintx AdaptiveSizePolicyWeight                 = 90                                        {product} {command line}
     intx CICompilerCount                          = 3                                         {product} {ergonomic}
    uintx GCTimeRatio                              = 4                                         {product} {command line}
     bool HeapDumpOnOutOfMemoryError               = true                                   {manageable} {command line}
    ccstr HeapDumpPath                             = c:\Users\edhim\AppData\Roaming\Code\User\workspaceStorage\f5c8dd7b6506a7865490afbc220914d0\redhat.java         {manageable} {command line}
   size_t InitialHeapSize                          = 104857600                                 {product} {command line}
   size_t MaxHeapSize                              = 1073741824                                {product} {command line}
   size_t MaxNewSize                               = 357564416                                 {product} {ergonomic}
   size_t MinHeapDeltaBytes                        = 524288                                    {product} {ergonomic}
   size_t MinHeapSize                              = 104857600                                 {product} {command line}
   size_t NewSize                                  = 34603008                                  {product} {ergonomic}
    uintx NonNMethodCodeHeapSize                   = 5832780                                {pd product} {ergonomic}
    uintx NonProfiledCodeHeapSize                  = 122912730                              {pd product} {ergonomic}
   size_t OldSize                                  = 70254592                                  {product} {ergonomic}
    uintx ProfiledCodeHeapSize                     = 122912730                              {pd product} {ergonomic}
    uintx ReservedCodeCacheSize                    = 251658240                              {pd product} {ergonomic}
     bool SegmentedCodeCache                       = true                                      {product} {ergonomic}
   size_t SoftMaxHeapSize                          = 1073741824                             {manageable} {ergonomic}
     bool UseCompressedOops                        = true                           {product lp64_product} {ergonomic}
     bool UseLargePagesIndividualAllocation        = false                                  {pd product} {ergonomic}
     bool UseParallelGC                            = true                                      {product} {command line}

Logging:
Log output configuration:
 #0: stdout all=off uptime,level,tags foldmultilines=false
 #1: stderr all=off uptime,level,tags foldmultilines=false

Environment Variables:
JAVA_HOME=C:\Program Files\Java\jdk-17
PATH=C:\Program Files\IBM\ILOG\CPLEX_Studio_Community2212\opl\bin\x64_win64;C:\Program Files\IBM\ILOG\CPLEX_Studio_Community2212\opl\oplide\;C:\Program Files\IBM\ILOG\CPLEX_Studio_Community2212\cplex\bin\x64_win64;C:\Program Files\IBM\ILOG\CPLEX_Studio_Community2212\cpoptimizer\bin\x64_win64;c:\Users\edhim\AppData\Local\Programs\cursor\resources\app\bin;C:\Program Files\Google\Chrome\Application;C:\Program Files\Common Files\Oracle\Java\javapath;C:\Windows\system32;C:\Windows;C:\Windows\System32\Wbem;C:\Windows\System32\WindowsPowerShell\v1.0\;C:\Windows\System32\OpenSSH\;C:\Program Files\MiKTeX\miktex\bin\x64\;C:\Program Files\nodejs\;C:\Program Files\MySQL\MySQL Server 9.0\bin;C:\Program Files\Java\jdk-23\bin;C:\Program Files\MySQL\MySQL Server 9.0\bin;C:\Program Files\Git\cmd;C:\ProgramData\chocolatey\bin;C:\Strawberry\c\bin;C:\Strawberry\perl\site\bin;C:\Strawberry\perl\bin;C:\src\flutter\bin;C:\Users\edhim\AppData\Local\Microsoft\WindowsApps;C:\Program Files\mingw-w64\x86_64-8.1.0-posix-seh-rt_v6-rev0\min64\bin;C:\msys64\ucrt64\bin;C:\Users\edhim\Desktop\codes\python\manim;C:\ffmpeg;C:\Users\edhim\Downloads\platform-tools-latest-windows.zip\platform-tools;C:\Program Files\Java\jdk-23\bin;C:\Users\edhim\AppData\Roaming\npm;C:\src\flutter\bin;C:\Program Files\mybins;C:\Users\edhim\AppData\Loca;C:\Users\edhim\AppData\Local\Microsoft\WindowsApps;C:\Users\edhim\AppData\Local\Programs\Microsoft VS Code\bin;C:\Program Files\mingw-w64\x86_64-8.1.0-posix-seh-rt_v6-rev0\min64\bin;C:\msys64\ucrt64\bin;C:\Users\edhim\Desktop\codes\python\manim;C:\ffmpeg;C:\Users\edhim\Downloads\platform-tools-latest-windows.zip\platform-tools;C:\Program Files\Java\jdk-23\bin;C:\Users\edhim\AppData\Roaming\npm;C:\src\flutter\bin;C:\Program Files\mybins;C:\Users\edhim\AppData\Local\Microsoft\WinGet\Packages\Typst.Typst_Microsoft.Winget.Source_8wekyb3d8bbwe\typst-x86_64-pc-windows-msvc;C:\Users\edhim\AppData\Local\Packages\PythonSoftwareFoundation.Python.3.11_qbz5n2kfra8p0\LocalCache\local-packages\Python311\Scripts;C:\Users\edhim\Downloads\apache-maven-3.9.10-bin\apache-maven-3.9.10\bin;C:\Program Files\Java\jdk-17\bin;C:\Users\edhim\AppData\Local\Programs\cursor\resources\app\bin
USERNAME=MED ELKHACHIE
OS=Windows_NT
PROCESSOR_IDENTIFIER=Intel64 Family 6 Model 78 Stepping 3, GenuineIntel
TMP=C:\Users\edhim\AppData\Local\Temp
TEMP=C:\Users\edhim\AppData\Local\Temp




Periodic native trim disabled

---------------  S Y S T E M  ---------------

OS:
 Windows 11 , 64 bit Build 22621 (10.0.22621.3958)
OS uptime: 0 days 1:11 hours
Hyper-V role detected

CPU: total 4 (initial active 4) (2 cores per cpu, 2 threads per core) family 6 model 78 stepping 3 microcode 0xf0, cx8, cmov, fxsr, ht, mmx, 3dnowpref, sse, sse2, sse3, ssse3, sse4.1, sse4.2, popcnt, lzcnt, tsc, tscinvbit, avx, avx2, aes, erms, clmul, bmi1, bmi2, rtm, adx, fma, vzeroupper, clflush, clflushopt, hv, rdtscp, f16c
Processor Information for processor 0
  Max Mhz: 2501, Current Mhz: 2501, Mhz Limit: 2501
Processor Information for processor 1
  Max Mhz: 2501, Current Mhz: 2501, Mhz Limit: 2501
Processor Information for processor 2
  Max Mhz: 2501, Current Mhz: 2501, Mhz Limit: 2501
Processor Information for processor 3
  Max Mhz: 2501, Current Mhz: 1500, Mhz Limit: 2501

Memory: 4k page, system-wide physical 8073M (292M free)
TotalPageFile size 12721M (AvailPageFile size 8M)
current process WorkingSet (physical memory assigned to process): 300M, peak: 318M
current process commit charge ("private bytes"): 311M, peak: 340M

vm_info: OpenJDK 64-Bit Server VM (21.0.7+6-LTS) for windows-amd64 JRE (21.0.7+6-LTS), built on 2025-04-15T00:00:00Z by "admin" with MS VC++ 17.7 (VS2022)

END.
