#
# There is insufficient memory for the Java Runtime Environment to continue.
# Native memory allocation (malloc) failed to allocate 1140576 bytes. Error detail: Chunk::new
# Possible reasons:
#   The system is out of physical RAM or swap space
#   This process is running with CompressedOops enabled, and the Java Heap may be blocking the growth of the native heap
# Possible solutions:
#   Reduce memory load on the system
#   Increase physical memory or swap space
#   Check if swap backing store is full
#   Decrease Java heap size (-Xmx/-Xms)
#   Decrease number of Java threads
#   Decrease Java thread stack sizes (-Xss)
#   Set larger code cache with -XX:ReservedCodeCacheSize=
#   JVM is running with Unscaled Compressed Oops mode in which the Java heap is
#     placed in the first 4GB address space. The Java Heap base address is the
#     maximum limit for the native heap growth. Please use -XX:HeapBaseMinAddress
#     to set the Java Heap base and to place the Java Heap above 4GB virtual address.
# This output file may be truncated or incomplete.
#
#  Out of Memory Error (arena.cpp:168), pid=7868, tid=6536
#
# JRE version: OpenJDK Runtime Environment Temurin-21.0.7+6 (21.0.7+6) (build 21.0.7+6-LTS)
# Java VM: OpenJDK 64-Bit Server VM Temurin-21.0.7+6 (21.0.7+6-LTS, mixed mode, sharing, tiered, compressed oops, compressed class ptrs, parallel gc, windows-amd64)
# No core dump will be written. Minidumps are not enabled by default on client versions of Windows
#

---------------  S U M M A R Y ------------

Command Line: --add-modules=ALL-SYSTEM --add-opens=java.base/java.util=ALL-UNNAMED --add-opens=java.base/java.lang=ALL-UNNAMED --add-opens=java.base/sun.nio.fs=ALL-UNNAMED -Declipse.application=org.eclipse.jdt.ls.core.id1 -Dosgi.bundles.defaultStartLevel=4 -Declipse.product=org.eclipse.jdt.ls.core.product -Djava.import.generatesMetadataFilesAtProjectRoot=false -DDetectVMInstallationsJob.disabled=true -Dfile.encoding=utf8 -XX:+UseParallelGC -XX:GCTimeRatio=4 -XX:AdaptiveSizePolicyWeight=90 -Dsun.zip.disableMemoryMapping=true -Xmx1G -Xms100m -Xlog:disable -javaagent:c:\Users\edhim\.vscode\extensions\redhat.java-1.42.0-win32-x64\lombok\lombok-1.18.36.jar -XX:+HeapDumpOnOutOfMemoryError -XX:HeapDumpPath=c:\Users\edhim\AppData\Roaming\Code\User\workspaceStorage\f5c8dd7b6506a7865490afbc220914d0\redhat.java -Daether.dependencyCollector.impl=bf c:\Users\edhim\.vscode\extensions\redhat.java-1.42.0-win32-x64\server\plugins\org.eclipse.equinox.launcher_1.7.0.v20250424-1814.jar -configuration c:\Users\edhim\AppData\Roaming\Code\User\globalStorage\redhat.java\1.42.0\config_win -data c:\Users\edhim\AppData\Roaming\Code\User\workspaceStorage\f5c8dd7b6506a7865490afbc220914d0\redhat.java\jdt_ws --pipe=\\.\pipe\lsp-0d6e604ebf4d432e13b71a85e17320e0-sock

Host: Intel(R) Core(TM) i5-6300U CPU @ 2.40GHz, 4 cores, 7G,  Windows 11 , 64 bit Build 22621 (10.0.22621.3958)
Time: Wed Jun 25 15:31:00 2025 Coordinated Universal Time elapsed time: 2843.777321 seconds (0d 0h 47m 23s)

---------------  T H R E A D  ---------------

Current thread (0x0000020ae5bda040):  JavaThread "C2 CompilerThread0" daemon [_thread_in_native, id=6536, stack(0x000000f578f00000,0x000000f579000000) (1024K)]


Current CompileTask:
C2:2843778 20652   !   4       org.eclipse.jdt.internal.compiler.lookup.BinaryTypeBinding::cachePartsFrom2 (1921 bytes)

Stack: [0x000000f578f00000,0x000000f579000000]
Native frames: (J=compiled Java code, j=interpreted, Vv=VM code, C=native code)
V  [jvm.dll+0x6ce119]
V  [jvm.dll+0x8a84a1]
V  [jvm.dll+0x8aa9ce]
V  [jvm.dll+0x8ab0b3]
V  [jvm.dll+0x27f8a6]
V  [jvm.dll+0xc507d]
V  [jvm.dll+0xc55b3]
V  [jvm.dll+0x2f2c6d]
V  [jvm.dll+0x5f6bca]
V  [jvm.dll+0x250cb2]
V  [jvm.dll+0x25106f]
V  [jvm.dll+0x249934]
V  [jvm.dll+0x246fc4]
V  [jvm.dll+0x1c760e]
V  [jvm.dll+0x25695a]
V  [jvm.dll+0x254efa]
V  [jvm.dll+0x3f03f6]
V  [jvm.dll+0x851f6b]
V  [jvm.dll+0x6cc7dd]
C  [ucrtbase.dll+0x29333]
C  [KERNEL32.DLL+0x1257d]
C  [ntdll.dll+0x5af08]


---------------  P R O C E S S  ---------------

Threads class SMR info:
_java_thread_list=0x0000020aed1ad850, length=34, elements={
0x0000020ad18a0060, 0x0000020ae5bcf090, 0x0000020ae5bd1100, 0x0000020ae5bd3620,
0x0000020ae5bd4530, 0x0000020ae5bd5440, 0x0000020ae5bd7200, 0x0000020ae5bda040,
0x0000020ae5c47f10, 0x0000020ae6963100, 0x0000020ae6bfbaa0, 0x0000020aeb7b9030,
0x0000020aeb543d70, 0x0000020aeb1b5da0, 0x0000020aeb1bc920, 0x0000020ae5c193f0,
0x0000020aeb745e70, 0x0000020aeb5394e0, 0x0000020aeb537410, 0x0000020aeb5387c0,
0x0000020aeb538130, 0x0000020aeb536d80, 0x0000020aecc2ef10, 0x0000020aecc29330,
0x0000020aecc2e880, 0x0000020aecc27f80, 0x0000020aecc2a6e0, 0x0000020aecc2db60,
0x0000020aecc299c0, 0x0000020aecc2a050, 0x0000020aebf9cd90, 0x0000020aebf99910,
0x0000020aebfa0210, 0x0000020aeb48b240
}

Java Threads: ( => current thread )
  0x0000020ad18a0060 JavaThread "main"                              [_thread_blocked, id=6852, stack(0x000000f578500000,0x000000f578600000) (1024K)]
  0x0000020ae5bcf090 JavaThread "Reference Handler"          daemon [_thread_blocked, id=248, stack(0x000000f578900000,0x000000f578a00000) (1024K)]
  0x0000020ae5bd1100 JavaThread "Finalizer"                  daemon [_thread_blocked, id=7044, stack(0x000000f578a00000,0x000000f578b00000) (1024K)]
  0x0000020ae5bd3620 JavaThread "Signal Dispatcher"          daemon [_thread_blocked, id=11168, stack(0x000000f578b00000,0x000000f578c00000) (1024K)]
  0x0000020ae5bd4530 JavaThread "Attach Listener"            daemon [_thread_blocked, id=11164, stack(0x000000f578c00000,0x000000f578d00000) (1024K)]
  0x0000020ae5bd5440 JavaThread "Service Thread"             daemon [_thread_blocked, id=9272, stack(0x000000f578d00000,0x000000f578e00000) (1024K)]
  0x0000020ae5bd7200 JavaThread "Monitor Deflation Thread"   daemon [_thread_blocked, id=9828, stack(0x000000f578e00000,0x000000f578f00000) (1024K)]
=>0x0000020ae5bda040 JavaThread "C2 CompilerThread0"         daemon [_thread_in_native, id=6536, stack(0x000000f578f00000,0x000000f579000000) (1024K)]
  0x0000020ae5c47f10 JavaThread "C1 CompilerThread0"         daemon [_thread_blocked, id=10728, stack(0x000000f579000000,0x000000f579100000) (1024K)]
  0x0000020ae6963100 JavaThread "Common-Cleaner"             daemon [_thread_blocked, id=8380, stack(0x000000f579100000,0x000000f579200000) (1024K)]
  0x0000020ae6bfbaa0 JavaThread "Notification Thread"        daemon [_thread_blocked, id=9264, stack(0x000000f579300000,0x000000f579400000) (1024K)]
  0x0000020aeb7b9030 JavaThread "Active Thread: Equinox Container: 26f1d2b5-1fe8-49ae-abac-442ab17ec8c4"        [_thread_blocked, id=5844, stack(0x000000f579700000,0x000000f579800000) (1024K)]
  0x0000020aeb543d70 JavaThread "Refresh Thread: Equinox Container: 26f1d2b5-1fe8-49ae-abac-442ab17ec8c4" daemon [_thread_blocked, id=9920, stack(0x000000f579200000,0x000000f579300000) (1024K)]
  0x0000020aeb1b5da0 JavaThread "Framework Event Dispatcher: Equinox Container: 26f1d2b5-1fe8-49ae-abac-442ab17ec8c4" daemon [_thread_blocked, id=11336, stack(0x000000f579800000,0x000000f579900000) (1024K)]
  0x0000020aeb1bc920 JavaThread "Start Level: Equinox Container: 26f1d2b5-1fe8-49ae-abac-442ab17ec8c4" daemon [_thread_blocked, id=11752, stack(0x000000f579900000,0x000000f579a00000) (1024K)]
  0x0000020ae5c193f0 JavaThread "Bundle File Closer"         daemon [_thread_blocked, id=7196, stack(0x000000f579a00000,0x000000f579b00000) (1024K)]
  0x0000020aeb745e70 JavaThread "SCR Component Actor"        daemon [_thread_blocked, id=2052, stack(0x000000f579b00000,0x000000f579c00000) (1024K)]
  0x0000020aeb5394e0 JavaThread "Worker-JM"                         [_thread_blocked, id=2272, stack(0x000000f579d00000,0x000000f579e00000) (1024K)]
  0x0000020aeb537410 JavaThread "JNA Cleaner"                daemon [_thread_blocked, id=5392, stack(0x000000f579e00000,0x000000f579f00000) (1024K)]
  0x0000020aeb5387c0 JavaThread "Worker-1"                          [_thread_blocked, id=9360, stack(0x000000f57a000000,0x000000f57a100000) (1024K)]
  0x0000020aeb538130 JavaThread "Java indexing"              daemon [_thread_blocked, id=8868, stack(0x000000f57a200000,0x000000f57a300000) (1024K)]
  0x0000020aeb536d80 JavaThread "Worker-4"                          [_thread_blocked, id=11404, stack(0x000000f57a700000,0x000000f57a800000) (1024K)]
  0x0000020aecc2ef10 JavaThread "Thread-2"                   daemon [_thread_in_native, id=4908, stack(0x000000f57a800000,0x000000f57a900000) (1024K)]
  0x0000020aecc29330 JavaThread "Thread-3"                   daemon [_thread_in_native, id=11220, stack(0x000000f57a900000,0x000000f57aa00000) (1024K)]
  0x0000020aecc2e880 JavaThread "Thread-4"                   daemon [_thread_in_native, id=6840, stack(0x000000f57aa00000,0x000000f57ab00000) (1024K)]
  0x0000020aecc27f80 JavaThread "Thread-5"                   daemon [_thread_in_native, id=11724, stack(0x000000f57ab00000,0x000000f57ac00000) (1024K)]
  0x0000020aecc2a6e0 JavaThread "Thread-6"                   daemon [_thread_in_native, id=6464, stack(0x000000f57ac00000,0x000000f57ad00000) (1024K)]
  0x0000020aecc2db60 JavaThread "pool-2-thread-1"                   [_thread_blocked, id=7776, stack(0x000000f57ad00000,0x000000f57ae00000) (1024K)]
  0x0000020aecc299c0 JavaThread "WorkspaceEventsHandler"            [_thread_blocked, id=11772, stack(0x000000f57ae00000,0x000000f57af00000) (1024K)]
  0x0000020aecc2a050 JavaThread "pool-1-thread-1"                   [_thread_blocked, id=2056, stack(0x000000f57af00000,0x000000f57b000000) (1024K)]
  0x0000020aebf9cd90 JavaThread "Cleaner-0"                  daemon [_thread_blocked, id=11412, stack(0x000000f578300000,0x000000f578400000) (1024K)]
  0x0000020aebf99910 JavaThread "ForkJoinPool.commonPool-worker-10" daemon [_thread_blocked, id=12716, stack(0x000000f579f00000,0x000000f57a000000) (1024K)]
  0x0000020aebfa0210 JavaThread "ForkJoinPool.commonPool-worker-11" daemon [_thread_blocked, id=1580, stack(0x000000f579c00000,0x000000f579d00000) (1024K)]
  0x0000020aeb48b240 JavaThread "ForkJoinPool.commonPool-worker-12" daemon [_thread_blocked, id=17220, stack(0x000000f57a100000,0x000000f57a200000) (1024K)]
Total: 34

Other Threads:
  0x0000020ad195e8b0 VMThread "VM Thread"                           [id=4768, stack(0x000000f578800000,0x000000f578900000) (1024K)]
  0x0000020ad190a2a0 WatcherThread "VM Periodic Task Thread"        [id=9384, stack(0x000000f578700000,0x000000f578800000) (1024K)]
  0x0000020ad18be350 WorkerThread "GC Thread#0"                     [id=7076, stack(0x000000f578600000,0x000000f578700000) (1024K)]
  0x0000020aeb13f820 WorkerThread "GC Thread#1"                     [id=10648, stack(0x000000f579400000,0x000000f579500000) (1024K)]
  0x0000020aeb04e0b0 WorkerThread "GC Thread#2"                     [id=11420, stack(0x000000f579500000,0x000000f579600000) (1024K)]
  0x0000020aeb13fbc0 WorkerThread "GC Thread#3"                     [id=7460, stack(0x000000f579600000,0x000000f579700000) (1024K)]
Total: 6

Threads with active compile tasks:
C2 CompilerThread0  2843893 20652   !   4       org.eclipse.jdt.internal.compiler.lookup.BinaryTypeBinding::cachePartsFrom2 (1921 bytes)
Total: 1

VM state: at safepoint (normal execution)

VM Mutex/Monitor currently owned by a thread:  ([mutex/lock_event])
[0x00007ffe470ae308] Threads_lock - owner thread: 0x0000020ad195e8b0
[0x00007ffe470ae408] Heap_lock - owner thread: 0x0000020aeb48b240

Heap address: 0x00000000c0000000, size: 1024 MB, Compressed Oops mode: 32-bit

CDS archive(s) mapped at: [0x0000020a80000000-0x0000020a80ba0000-0x0000020a80ba0000), size 12189696, SharedBaseAddress: 0x0000020a80000000, ArchiveRelocationMode: 1.
Compressed class space mapped at: 0x0000020a81000000-0x0000020ac1000000, reserved size: 1073741824
Narrow klass base: 0x0000020a80000000, Narrow klass shift: 0, Narrow klass range: 0x100000000

GC Precious Log:
 CardTable entry size: 512
 CPUs: 4 total, 4 available
 Memory: 8073M
 Large Page Support: Disabled
 NUMA Support: Disabled
 Compressed Oops: Enabled (32-bit)
 Alignments: Space 512K, Generation 512K, Heap 2M
 Heap Min Capacity: 100M
 Heap Initial Capacity: 100M
 Heap Max Capacity: 1G
 Pre-touch: Disabled
 Parallel Workers: 4

Heap:
 PSYoungGen      total 12800K, used 12788K [0x00000000eab00000, 0x00000000eba80000, 0x0000000100000000)
  eden space 11776K, 100% used [0x00000000eab00000,0x00000000eb680000,0x00000000eb680000)
  from space 1024K, 98% used [0x00000000eb880000,0x00000000eb97d220,0x00000000eb980000)
  to   space 2048K, 31% used [0x00000000eb680000,0x00000000eb720060,0x00000000eb880000)
 ParOldGen       total 321536K, used 321263K [0x00000000c0000000, 0x00000000d3a00000, 0x00000000eab00000)
  object space 321536K, 99% used [0x00000000c0000000,0x00000000d39bdc60,0x00000000d3a00000)
 Metaspace       used 82053K, committed 83584K, reserved 1179648K
  class space    used 8071K, committed 8768K, reserved 1048576K

Card table byte_map: [0x0000020ad1240000,0x0000020ad1450000] _byte_map_base: 0x0000020ad0c40000

Marking Bits: (ParMarkBitMap*) 0x00007ffe470b31f0
 Begin Bits: [0x0000020ae3a90000, 0x0000020ae4a90000)
 End Bits:   [0x0000020ae4a90000, 0x0000020ae5a90000)

Polling page: 0x0000020acf8f0000

Metaspace:

Usage:
  Non-class:     72.25 MB used.
      Class:      7.88 MB used.
       Both:     80.13 MB used.

Virtual space:
  Non-class space:      128.00 MB reserved,      73.06 MB ( 57%) committed,  2 nodes.
      Class space:        1.00 GB reserved,       8.56 MB ( <1%) committed,  1 nodes.
             Both:        1.12 GB reserved,      81.62 MB (  7%) committed. 

Chunk freelists:
   Non-Class:  6.09 MB
       Class:  7.48 MB
        Both:  13.58 MB

MaxMetaspaceSize: unlimited
CompressedClassSpaceSize: 1.00 GB
Initial GC threshold: 21.00 MB
Current GC threshold: 129.69 MB
CDS: on
 - commit_granule_bytes: 65536.
 - commit_granule_words: 8192.
 - virtual_space_node_default_size: 8388608.
 - enlarge_chunks_in_place: 1.
 - use_allocation_guard: 0.


Internal statistics:

num_allocs_failed_limit: 9.
num_arena_births: 1760.
num_arena_deaths: 448.
num_vsnodes_births: 3.
num_vsnodes_deaths: 0.
num_space_committed: 1306.
num_space_uncommitted: 0.
num_chunks_returned_to_freelist: 541.
num_chunks_taken_from_freelist: 6090.
num_chunk_merges: 162.
num_chunk_splits: 3499.
num_chunks_enlarged: 1924.
num_inconsistent_stats: 0.

CodeHeap 'non-profiled nmethods': size=120000Kb used=19252Kb max_used=19252Kb free=100747Kb
 bounds [0x0000020adc560000, 0x0000020add830000, 0x0000020ae3a90000]
CodeHeap 'profiled nmethods': size=120000Kb used=42687Kb max_used=42687Kb free=77312Kb
 bounds [0x0000020ad4a90000, 0x0000020ad7440000, 0x0000020adbfc0000]
CodeHeap 'non-nmethods': size=5760Kb used=1486Kb max_used=1597Kb free=4273Kb
 bounds [0x0000020adbfc0000, 0x0000020adc230000, 0x0000020adc560000]
 total_blobs=17795 nmethods=16985 adapters=712
 compilation: enabled
              stopped_count=0, restarted_count=0
 full_count=0

Compilation events (20 events):
Event: 2838.601 Thread 0x0000020ae5bda040 nmethod 20631 0x0000020add81af90 code [0x0000020add81b200, 0x0000020add81c328]
Event: 2838.601 Thread 0x0000020ae5bda040 20644       4       org.eclipse.jdt.core.dom.Modifier::accept0 (12 bytes)
Event: 2838.603 Thread 0x0000020ae5bda040 nmethod 20644 0x0000020add81ce10 code [0x0000020add81cfa0, 0x0000020add81d080]
Event: 2838.603 Thread 0x0000020ae5bda040 20628       4       org.eclipse.core.runtime.Assert::isTrue (7 bytes)
Event: 2838.604 Thread 0x0000020ae5bda040 nmethod 20628 0x0000020add81d190 code [0x0000020add81d320, 0x0000020add81d3a8]
Event: 2839.322 Thread 0x0000020ae5c47f10 20648   !   3       org.eclipse.jdt.ls.core.internal.JDTUtils::findResource (319 bytes)
Event: 2839.332 Thread 0x0000020ae5c47f10 nmethod 20648 0x0000020ad743af10 code [0x0000020ad743b440, 0x0000020ad743d830]
Event: 2842.776 Thread 0x0000020ae5bda040 20649       4       org.eclipse.jdt.internal.compiler.impl.CompilerOptions::getSeverityString (49 bytes)
Event: 2842.782 Thread 0x0000020ae5bda040 nmethod 20649 0x0000020add81d490 code [0x0000020add81d640, 0x0000020add81d858]
Event: 2842.793 Thread 0x0000020ae5bda040 20650       4       org.eclipse.jdt.internal.core.JavaProject::filterLimitedModules (179 bytes)
Event: 2842.800 Thread 0x0000020ae5c47f10 20651       1       org.eclipse.jdt.internal.core.BasicCompilationUnit::getFileName (5 bytes)
Event: 2842.800 Thread 0x0000020ae5c47f10 nmethod 20651 0x0000020add81da90 code [0x0000020add81dc20, 0x0000020add81dce8]
Event: 2843.113 Thread 0x0000020ae5c47f10 20654       2       org.eclipse.jdt.internal.compiler.lookup.AnnotationBinding::<init> (15 bytes)
Event: 2843.113 Thread 0x0000020ae5c47f10 nmethod 20654 0x0000020ad743e710 code [0x0000020ad743e8a0, 0x0000020ad743e9d0]
Event: 2843.121 Thread 0x0000020ae5c47f10 20655       3       java.util.TimSort::gallopRight (335 bytes)
Event: 2843.123 Thread 0x0000020ae5c47f10 nmethod 20655 0x0000020ad743ea90 code [0x0000020ad743ecc0, 0x0000020ad743f770]
Event: 2843.275 Thread 0x0000020ae5bda040 nmethod 20650 0x0000020add81dd90 code [0x0000020add81e3e0, 0x0000020add822b20]
Event: 2843.277 Thread 0x0000020ae5bda040 20653       4       org.eclipse.jdt.internal.compiler.lookup.ReferenceBinding::computeId (3060 bytes)
Event: 2843.453 Thread 0x0000020ae5bda040 nmethod 20653 0x0000020add826b90 code [0x0000020add8270a0, 0x0000020add82c840]
Event: 2843.454 Thread 0x0000020ae5bda040 20652   !   4       org.eclipse.jdt.internal.compiler.lookup.BinaryTypeBinding::cachePartsFrom2 (1921 bytes)

GC Heap History (20 events):
Event: 2125.610 GC heap before
{Heap before GC invocations=1637 (full 5):
 PSYoungGen      total 13312K, used 13028K [0x00000000eab00000, 0x00000000eba80000, 0x0000000100000000)
  eden space 11776K, 100% used [0x00000000eab00000,0x00000000eb680000,0x00000000eb680000)
  from space 1536K, 81% used [0x00000000eb900000,0x00000000eba39210,0x00000000eba80000)
  to   space 1536K, 0% used [0x00000000eb780000,0x00000000eb780000,0x00000000eb900000)
 ParOldGen       total 311296K, used 311181K [0x00000000c0000000, 0x00000000d3000000, 0x00000000eab00000)
  object space 311296K, 99% used [0x00000000c0000000,0x00000000d2fe34f0,0x00000000d3000000)
 Metaspace       used 82027K, committed 83584K, reserved 1179648K
  class space    used 8071K, committed 8768K, reserved 1048576K
}
Event: 2125.617 GC heap after
{Heap after GC invocations=1637 (full 5):
 PSYoungGen      total 13312K, used 1194K [0x00000000eab00000, 0x00000000eb980000, 0x0000000100000000)
  eden space 11776K, 0% used [0x00000000eab00000,0x00000000eab00000,0x00000000eb680000)
  from space 1536K, 77% used [0x00000000eb780000,0x00000000eb8aa930,0x00000000eb900000)
  to   space 512K, 0% used [0x00000000eb900000,0x00000000eb900000,0x00000000eb980000)
 ParOldGen       total 312320K, used 312319K [0x00000000c0000000, 0x00000000d3100000, 0x00000000eab00000)
  object space 312320K, 99% used [0x00000000c0000000,0x00000000d30ffe60,0x00000000d3100000)
 Metaspace       used 82027K, committed 83584K, reserved 1179648K
  class space    used 8071K, committed 8768K, reserved 1048576K
}
Event: 2128.718 GC heap before
{Heap before GC invocations=1638 (full 5):
 PSYoungGen      total 13312K, used 12970K [0x00000000eab00000, 0x00000000eb980000, 0x0000000100000000)
  eden space 11776K, 100% used [0x00000000eab00000,0x00000000eb680000,0x00000000eb680000)
  from space 1536K, 77% used [0x00000000eb780000,0x00000000eb8aa930,0x00000000eb900000)
  to   space 512K, 0% used [0x00000000eb900000,0x00000000eb900000,0x00000000eb980000)
 ParOldGen       total 312320K, used 312319K [0x00000000c0000000, 0x00000000d3100000, 0x00000000eab00000)
  object space 312320K, 99% used [0x00000000c0000000,0x00000000d30ffe60,0x00000000d3100000)
 Metaspace       used 82027K, committed 83584K, reserved 1179648K
  class space    used 8071K, committed 8768K, reserved 1048576K
}
Event: 2128.723 GC heap after
{Heap after GC invocations=1638 (full 5):
 PSYoungGen      total 12288K, used 500K [0x00000000eab00000, 0x00000000ebb80000, 0x0000000100000000)
  eden space 11776K, 0% used [0x00000000eab00000,0x00000000eab00000,0x00000000eb680000)
  from space 512K, 97% used [0x00000000eb900000,0x00000000eb97d200,0x00000000eb980000)
  to   space 2560K, 0% used [0x00000000eb680000,0x00000000eb680000,0x00000000eb900000)
 ParOldGen       total 314368K, used 313937K [0x00000000c0000000, 0x00000000d3300000, 0x00000000eab00000)
  object space 314368K, 99% used [0x00000000c0000000,0x00000000d3294598,0x00000000d3300000)
 Metaspace       used 82027K, committed 83584K, reserved 1179648K
  class space    used 8071K, committed 8768K, reserved 1048576K
}
Event: 2129.808 GC heap before
{Heap before GC invocations=1639 (full 5):
 PSYoungGen      total 12288K, used 12276K [0x00000000eab00000, 0x00000000ebb80000, 0x0000000100000000)
  eden space 11776K, 100% used [0x00000000eab00000,0x00000000eb680000,0x00000000eb680000)
  from space 512K, 97% used [0x00000000eb900000,0x00000000eb97d200,0x00000000eb980000)
  to   space 2560K, 0% used [0x00000000eb680000,0x00000000eb680000,0x00000000eb900000)
 ParOldGen       total 314368K, used 313937K [0x00000000c0000000, 0x00000000d3300000, 0x00000000eab00000)
  object space 314368K, 99% used [0x00000000c0000000,0x00000000d3294598,0x00000000d3300000)
 Metaspace       used 82030K, committed 83584K, reserved 1179648K
  class space    used 8071K, committed 8768K, reserved 1048576K
}
Event: 2129.812 GC heap after
{Heap after GC invocations=1639 (full 5):
 PSYoungGen      total 12800K, used 848K [0x00000000eab00000, 0x00000000eb980000, 0x0000000100000000)
  eden space 11776K, 0% used [0x00000000eab00000,0x00000000eab00000,0x00000000eb680000)
  from space 1024K, 82% used [0x00000000eb680000,0x00000000eb754030,0x00000000eb780000)
  to   space 1536K, 0% used [0x00000000eb800000,0x00000000eb800000,0x00000000eb980000)
 ParOldGen       total 314880K, used 314421K [0x00000000c0000000, 0x00000000d3380000, 0x00000000eab00000)
  object space 314880K, 99% used [0x00000000c0000000,0x00000000d330d7a8,0x00000000d3380000)
 Metaspace       used 82030K, committed 83584K, reserved 1179648K
  class space    used 8071K, committed 8768K, reserved 1048576K
}
Event: 2132.634 GC heap before
{Heap before GC invocations=1640 (full 5):
 PSYoungGen      total 12800K, used 12624K [0x00000000eab00000, 0x00000000eb980000, 0x0000000100000000)
  eden space 11776K, 100% used [0x00000000eab00000,0x00000000eb680000,0x00000000eb680000)
  from space 1024K, 82% used [0x00000000eb680000,0x00000000eb754030,0x00000000eb780000)
  to   space 1536K, 0% used [0x00000000eb800000,0x00000000eb800000,0x00000000eb980000)
 ParOldGen       total 314880K, used 314421K [0x00000000c0000000, 0x00000000d3380000, 0x00000000eab00000)
  object space 314880K, 99% used [0x00000000c0000000,0x00000000d330d7a8,0x00000000d3380000)
 Metaspace       used 82032K, committed 83584K, reserved 1179648K
  class space    used 8071K, committed 8768K, reserved 1048576K
}
Event: 2132.637 GC heap after
{Heap after GC invocations=1640 (full 5):
 PSYoungGen      total 13312K, used 1108K [0x00000000eab00000, 0x00000000eb980000, 0x0000000100000000)
  eden space 11776K, 0% used [0x00000000eab00000,0x00000000eab00000,0x00000000eb680000)
  from space 1536K, 72% used [0x00000000eb800000,0x00000000eb915200,0x00000000eb980000)
  to   space 1536K, 0% used [0x00000000eb680000,0x00000000eb680000,0x00000000eb800000)
 ParOldGen       total 315392K, used 315178K [0x00000000c0000000, 0x00000000d3400000, 0x00000000eab00000)
  object space 315392K, 99% used [0x00000000c0000000,0x00000000d33ca930,0x00000000d3400000)
 Metaspace       used 82032K, committed 83584K, reserved 1179648K
  class space    used 8071K, committed 8768K, reserved 1048576K
}
Event: 2134.460 GC heap before
{Heap before GC invocations=1641 (full 5):
 PSYoungGen      total 13312K, used 12884K [0x00000000eab00000, 0x00000000eb980000, 0x0000000100000000)
  eden space 11776K, 100% used [0x00000000eab00000,0x00000000eb680000,0x00000000eb680000)
  from space 1536K, 72% used [0x00000000eb800000,0x00000000eb915200,0x00000000eb980000)
  to   space 1536K, 0% used [0x00000000eb680000,0x00000000eb680000,0x00000000eb800000)
 ParOldGen       total 315392K, used 315178K [0x00000000c0000000, 0x00000000d3400000, 0x00000000eab00000)
  object space 315392K, 99% used [0x00000000c0000000,0x00000000d33ca930,0x00000000d3400000)
 Metaspace       used 82037K, committed 83584K, reserved 1179648K
  class space    used 8071K, committed 8768K, reserved 1048576K
}
Event: 2134.589 GC heap after
{Heap after GC invocations=1641 (full 5):
 PSYoungGen      total 12800K, used 874K [0x00000000eab00000, 0x00000000eb880000, 0x0000000100000000)
  eden space 11776K, 0% used [0x00000000eab00000,0x00000000eab00000,0x00000000eb680000)
  from space 1024K, 85% used [0x00000000eb680000,0x00000000eb75a930,0x00000000eb780000)
  to   space 1024K, 0% used [0x00000000eb780000,0x00000000eb780000,0x00000000eb880000)
 ParOldGen       total 316416K, used 316171K [0x00000000c0000000, 0x00000000d3500000, 0x00000000eab00000)
  object space 316416K, 99% used [0x00000000c0000000,0x00000000d34c2ce8,0x00000000d3500000)
 Metaspace       used 82037K, committed 83584K, reserved 1179648K
  class space    used 8071K, committed 8768K, reserved 1048576K
}
Event: 2837.067 GC heap before
{Heap before GC invocations=1642 (full 5):
 PSYoungGen      total 12800K, used 12650K [0x00000000eab00000, 0x00000000eb880000, 0x0000000100000000)
  eden space 11776K, 100% used [0x00000000eab00000,0x00000000eb680000,0x00000000eb680000)
  from space 1024K, 85% used [0x00000000eb680000,0x00000000eb75a930,0x00000000eb780000)
  to   space 1024K, 0% used [0x00000000eb780000,0x00000000eb780000,0x00000000eb880000)
 ParOldGen       total 316416K, used 316171K [0x00000000c0000000, 0x00000000d3500000, 0x00000000eab00000)
  object space 316416K, 99% used [0x00000000c0000000,0x00000000d34c2ce8,0x00000000d3500000)
 Metaspace       used 82038K, committed 83584K, reserved 1179648K
  class space    used 8071K, committed 8768K, reserved 1048576K
}
Event: 2837.074 GC heap after
{Heap after GC invocations=1642 (full 5):
 PSYoungGen      total 12800K, used 996K [0x00000000eab00000, 0x00000000eb880000, 0x0000000100000000)
  eden space 11776K, 0% used [0x00000000eab00000,0x00000000eab00000,0x00000000eb680000)
  from space 1024K, 97% used [0x00000000eb780000,0x00000000eb879230,0x00000000eb880000)
  to   space 1024K, 0% used [0x00000000eb680000,0x00000000eb680000,0x00000000eb780000)
 ParOldGen       total 317440K, used 316988K [0x00000000c0000000, 0x00000000d3600000, 0x00000000eab00000)
  object space 317440K, 99% used [0x00000000c0000000,0x00000000d358f378,0x00000000d3600000)
 Metaspace       used 82038K, committed 83584K, reserved 1179648K
  class space    used 8071K, committed 8768K, reserved 1048576K
}
Event: 2837.390 GC heap before
{Heap before GC invocations=1643 (full 5):
 PSYoungGen      total 12800K, used 12772K [0x00000000eab00000, 0x00000000eb880000, 0x0000000100000000)
  eden space 11776K, 100% used [0x00000000eab00000,0x00000000eb680000,0x00000000eb680000)
  from space 1024K, 97% used [0x00000000eb780000,0x00000000eb879230,0x00000000eb880000)
  to   space 1024K, 0% used [0x00000000eb680000,0x00000000eb680000,0x00000000eb780000)
 ParOldGen       total 317440K, used 316988K [0x00000000c0000000, 0x00000000d3600000, 0x00000000eab00000)
  object space 317440K, 99% used [0x00000000c0000000,0x00000000d358f378,0x00000000d3600000)
 Metaspace       used 82038K, committed 83584K, reserved 1179648K
  class space    used 8071K, committed 8768K, reserved 1048576K
}
Event: 2837.397 GC heap after
{Heap after GC invocations=1643 (full 5):
 PSYoungGen      total 12800K, used 1008K [0x00000000eab00000, 0x00000000ebb80000, 0x0000000100000000)
  eden space 11776K, 0% used [0x00000000eab00000,0x00000000eab00000,0x00000000eb680000)
  from space 1024K, 98% used [0x00000000eb680000,0x00000000eb77c030,0x00000000eb780000)
  to   space 2560K, 0% used [0x00000000eb900000,0x00000000eb900000,0x00000000ebb80000)
 ParOldGen       total 318464K, used 318045K [0x00000000c0000000, 0x00000000d3700000, 0x00000000eab00000)
  object space 318464K, 99% used [0x00000000c0000000,0x00000000d36975d8,0x00000000d3700000)
 Metaspace       used 82038K, committed 83584K, reserved 1179648K
  class space    used 8071K, committed 8768K, reserved 1048576K
}
Event: 2838.180 GC heap before
{Heap before GC invocations=1644 (full 5):
 PSYoungGen      total 12800K, used 12784K [0x00000000eab00000, 0x00000000ebb80000, 0x0000000100000000)
  eden space 11776K, 100% used [0x00000000eab00000,0x00000000eb680000,0x00000000eb680000)
  from space 1024K, 98% used [0x00000000eb680000,0x00000000eb77c030,0x00000000eb780000)
  to   space 2560K, 0% used [0x00000000eb900000,0x00000000eb900000,0x00000000ebb80000)
 ParOldGen       total 318464K, used 318045K [0x00000000c0000000, 0x00000000d3700000, 0x00000000eab00000)
  object space 318464K, 99% used [0x00000000c0000000,0x00000000d36975d8,0x00000000d3700000)
 Metaspace       used 82041K, committed 83584K, reserved 1179648K
  class space    used 8071K, committed 8768K, reserved 1048576K
}
Event: 2838.302 GC heap after
{Heap after GC invocations=1644 (full 5):
 PSYoungGen      total 13312K, used 1028K [0x00000000eab00000, 0x00000000eba80000, 0x0000000100000000)
  eden space 11776K, 0% used [0x00000000eab00000,0x00000000eab00000,0x00000000eb680000)
  from space 1536K, 66% used [0x00000000eb900000,0x00000000eba01230,0x00000000eba80000)
  to   space 1536K, 0% used [0x00000000eb780000,0x00000000eb780000,0x00000000eb900000)
 ParOldGen       total 319488K, used 319021K [0x00000000c0000000, 0x00000000d3800000, 0x00000000eab00000)
  object space 319488K, 99% used [0x00000000c0000000,0x00000000d378b6a0,0x00000000d3800000)
 Metaspace       used 82041K, committed 83584K, reserved 1179648K
  class space    used 8071K, committed 8768K, reserved 1048576K
}
Event: 2838.930 GC heap before
{Heap before GC invocations=1645 (full 5):
 PSYoungGen      total 13312K, used 12800K [0x00000000eab00000, 0x00000000eba80000, 0x0000000100000000)
  eden space 11776K, 99% used [0x00000000eab00000,0x00000000eb67ee10,0x00000000eb680000)
  from space 1536K, 66% used [0x00000000eb900000,0x00000000eba01230,0x00000000eba80000)
  to   space 1536K, 0% used [0x00000000eb780000,0x00000000eb780000,0x00000000eb900000)
 ParOldGen       total 319488K, used 319021K [0x00000000c0000000, 0x00000000d3800000, 0x00000000eab00000)
  object space 319488K, 99% used [0x00000000c0000000,0x00000000d378b6a0,0x00000000d3800000)
 Metaspace       used 82052K, committed 83584K, reserved 1179648K
  class space    used 8071K, committed 8768K, reserved 1048576K
}
Event: 2838.935 GC heap after
{Heap after GC invocations=1645 (full 5):
 PSYoungGen      total 12800K, used 816K [0x00000000eab00000, 0x00000000eb980000, 0x0000000100000000)
  eden space 11776K, 0% used [0x00000000eab00000,0x00000000eab00000,0x00000000eb680000)
  from space 1024K, 79% used [0x00000000eb780000,0x00000000eb84c030,0x00000000eb880000)
  to   space 1024K, 0% used [0x00000000eb880000,0x00000000eb880000,0x00000000eb980000)
 ParOldGen       total 320000K, used 319978K [0x00000000c0000000, 0x00000000d3880000, 0x00000000eab00000)
  object space 320000K, 99% used [0x00000000c0000000,0x00000000d387a8e0,0x00000000d3880000)
 Metaspace       used 82052K, committed 83584K, reserved 1179648K
  class space    used 8071K, committed 8768K, reserved 1048576K
}
Event: 2843.059 GC heap before
{Heap before GC invocations=1646 (full 5):
 PSYoungGen      total 12800K, used 12592K [0x00000000eab00000, 0x00000000eb980000, 0x0000000100000000)
  eden space 11776K, 100% used [0x00000000eab00000,0x00000000eb680000,0x00000000eb680000)
  from space 1024K, 79% used [0x00000000eb780000,0x00000000eb84c030,0x00000000eb880000)
  to   space 1024K, 0% used [0x00000000eb880000,0x00000000eb880000,0x00000000eb980000)
 ParOldGen       total 320000K, used 319978K [0x00000000c0000000, 0x00000000d3880000, 0x00000000eab00000)
  object space 320000K, 99% used [0x00000000c0000000,0x00000000d387a8e0,0x00000000d3880000)
 Metaspace       used 82053K, committed 83584K, reserved 1179648K
  class space    used 8071K, committed 8768K, reserved 1048576K
}
Event: 2843.069 GC heap after
{Heap after GC invocations=1646 (full 5):
 PSYoungGen      total 12800K, used 1012K [0x00000000eab00000, 0x00000000eba80000, 0x0000000100000000)
  eden space 11776K, 0% used [0x00000000eab00000,0x00000000eab00000,0x00000000eb680000)
  from space 1024K, 98% used [0x00000000eb880000,0x00000000eb97d220,0x00000000eb980000)
  to   space 2048K, 0% used [0x00000000eb680000,0x00000000eb680000,0x00000000eb880000)
 ParOldGen       total 321024K, used 320801K [0x00000000c0000000, 0x00000000d3980000, 0x00000000eab00000)
  object space 321024K, 99% used [0x00000000c0000000,0x00000000d3948658,0x00000000d3980000)
 Metaspace       used 82053K, committed 83584K, reserved 1179648K
  class space    used 8071K, committed 8768K, reserved 1048576K
}

Dll operation events (10 events):
Event: 0.018 Loaded shared library c:\Users\edhim\.vscode\extensions\redhat.java-1.42.0-win32-x64\jre\21.0.7-win32-x86_64\bin\java.dll
Event: 0.273 Loaded shared library c:\Users\edhim\.vscode\extensions\redhat.java-1.42.0-win32-x64\jre\21.0.7-win32-x86_64\bin\zip.dll
Event: 0.313 Loaded shared library C:\Users\edhim\.vscode\extensions\redhat.java-1.42.0-win32-x64\jre\21.0.7-win32-x86_64\bin\instrument.dll
Event: 0.327 Loaded shared library C:\Users\edhim\.vscode\extensions\redhat.java-1.42.0-win32-x64\jre\21.0.7-win32-x86_64\bin\net.dll
Event: 0.330 Loaded shared library C:\Users\edhim\.vscode\extensions\redhat.java-1.42.0-win32-x64\jre\21.0.7-win32-x86_64\bin\nio.dll
Event: 0.338 Loaded shared library C:\Users\edhim\.vscode\extensions\redhat.java-1.42.0-win32-x64\jre\21.0.7-win32-x86_64\bin\zip.dll
Event: 0.389 Loaded shared library C:\Users\edhim\.vscode\extensions\redhat.java-1.42.0-win32-x64\jre\21.0.7-win32-x86_64\bin\jimage.dll
Event: 0.530 Loaded shared library c:\Users\edhim\.vscode\extensions\redhat.java-1.42.0-win32-x64\jre\21.0.7-win32-x86_64\bin\verify.dll
Event: 19.805 Loaded shared library C:\Users\edhim\AppData\Roaming\Code\User\globalStorage\redhat.java\1.42.0\config_win\org.eclipse.equinox.launcher\org.eclipse.equinox.launcher.win32.win32.x86_64_1.2.1300.v20250331-1702\eclipse_11911.dll
Event: 48.689 Loaded shared library C:\Users\edhim\AppData\Local\Temp\jna--1316540214\jna10890151933596132952.dll

Deoptimization events (20 events):
Event: 2123.999 Thread 0x0000020aecc2a050 DEOPT PACKING pc=0x0000020add5d0864 sp=0x000000f57affded0
Event: 2123.999 Thread 0x0000020aecc2a050 DEOPT UNPACKING pc=0x0000020adc013aa2 sp=0x000000f57affde50 mode 2
Event: 2124.013 Thread 0x0000020aecc2a050 Uncommon trap: trap_request=0xffffff45 fr.pc=0x0000020add316610 relative=0x0000000000001830
Event: 2124.013 Thread 0x0000020aecc2a050 Uncommon trap: reason=unstable_if action=reinterpret pc=0x0000020add316610 method=java.util.Arrays.sort([Ljava/lang/Object;IILjava/util/Comparator;)V @ 1 c2
Event: 2124.013 Thread 0x0000020aecc2a050 DEOPT PACKING pc=0x0000020add316610 sp=0x000000f57affdc60
Event: 2124.013 Thread 0x0000020aecc2a050 DEOPT UNPACKING pc=0x0000020adc013aa2 sp=0x000000f57affdc50 mode 2
Event: 2124.031 Thread 0x0000020aebfa0210 DEOPT PACKING pc=0x0000020ad4de7ff8 sp=0x000000f579cfe910
Event: 2124.031 Thread 0x0000020aebfa0210 DEOPT UNPACKING pc=0x0000020adc014242 sp=0x000000f579cfde00 mode 0
Event: 2124.547 Thread 0x0000020aebf9c700 DEOPT PACKING pc=0x0000020ad67c3f65 sp=0x000000f5784fdec0
Event: 2124.547 Thread 0x0000020aebf9c700 DEOPT UNPACKING pc=0x0000020adc014242 sp=0x000000f5784fd360 mode 0
Event: 2128.697 Thread 0x0000020aebf9c700 Uncommon trap: trap_request=0xffffff6e fr.pc=0x0000020add7da738 relative=0x00000000000007f8
Event: 2128.697 Thread 0x0000020aebf9c700 Uncommon trap: reason=loop_limit_check action=maybe_recompile pc=0x0000020add7da738 method=org.eclipse.jdt.internal.compiler.util.HashtableOfObjectToInt.rehash()V @ 50 c2
Event: 2128.697 Thread 0x0000020aebf9c700 DEOPT PACKING pc=0x0000020add7da738 sp=0x000000f5784fdec0
Event: 2128.697 Thread 0x0000020aebf9c700 DEOPT UNPACKING pc=0x0000020adc013aa2 sp=0x000000f5784fde70 mode 2
Event: 2128.709 Thread 0x0000020aebf9c700 Uncommon trap: trap_request=0xffffff6e fr.pc=0x0000020add7c6cc4 relative=0x0000000000008104
Event: 2128.709 Thread 0x0000020aebf9c700 Uncommon trap: reason=loop_limit_check action=maybe_recompile pc=0x0000020add7c6cc4 method=org.eclipse.jdt.internal.compiler.lookup.AnnotationBinding.setMethodBindings(Lorg/eclipse/jdt/internal/compiler/lookup/ReferenceBinding;[Lorg/eclipse/jdt/internal/c
Event: 2128.709 Thread 0x0000020aebf9c700 DEOPT PACKING pc=0x0000020add7c6cc4 sp=0x000000f5784fdda0
Event: 2128.709 Thread 0x0000020aebf9c700 DEOPT UNPACKING pc=0x0000020adc013aa2 sp=0x000000f5784fdc60 mode 2
Event: 2842.793 Thread 0x0000020aebfa0210 DEOPT PACKING pc=0x0000020ad6d756b0 sp=0x000000f579cfdab0
Event: 2842.793 Thread 0x0000020aebfa0210 DEOPT UNPACKING pc=0x0000020adc014242 sp=0x000000f579cfcfa0 mode 0

Classes loaded (20 events):
Event: 283.184 Loading class java/util/regex/Pattern$Bound
Event: 283.184 Loading class java/util/regex/Pattern$Bound done
Event: 359.077 Loading class java/util/stream/Nodes$CollectorTask$OfRef
Event: 359.078 Loading class java/util/stream/Nodes$CollectorTask
Event: 359.078 Loading class java/util/stream/Nodes$CollectorTask done
Event: 359.078 Loading class java/util/stream/Nodes$CollectorTask$OfRef done
Event: 359.081 Loading class java/util/function/LongFunction
Event: 359.081 Loading class java/util/function/LongFunction done
Event: 359.082 Loading class java/util/stream/Nodes$ConcNode
Event: 359.082 Loading class java/util/stream/Nodes$AbstractConcNode
Event: 359.082 Loading class java/util/stream/Nodes$AbstractConcNode done
Event: 359.082 Loading class java/util/stream/Nodes$ConcNode done
Event: 359.094 Loading class java/io/ObjectOutputStream$BlockDataOutputStream
Event: 359.099 Loading class java/io/ObjectOutputStream$BlockDataOutputStream done
Event: 359.100 Loading class java/io/ObjectOutputStream$HandleTable
Event: 359.100 Loading class java/io/ObjectOutputStream$HandleTable done
Event: 359.100 Loading class java/io/ObjectOutputStream$ReplaceTable
Event: 359.100 Loading class java/io/ObjectOutputStream$ReplaceTable done
Event: 2100.834 Loading class java/util/Spliterators$IntArraySpliterator
Event: 2100.835 Loading class java/util/Spliterators$IntArraySpliterator done

Classes unloaded (20 events):
Event: 1986.616 Thread 0x0000020ad195e8b0 Unloading class 0x0000020a81016400 'java/lang/invoke/LambdaForm$MH+0x0000020a81016400'
Event: 1986.616 Thread 0x0000020ad195e8b0 Unloading class 0x0000020a81014800 'java/lang/invoke/LambdaForm$MH+0x0000020a81014800'
Event: 1986.616 Thread 0x0000020ad195e8b0 Unloading class 0x0000020a8100d800 'java/lang/invoke/LambdaForm$MH+0x0000020a8100d800'
Event: 1986.616 Thread 0x0000020ad195e8b0 Unloading class 0x0000020a8100d400 'java/lang/invoke/LambdaForm$MH+0x0000020a8100d400'
Event: 1986.616 Thread 0x0000020ad195e8b0 Unloading class 0x0000020a8100d000 'java/lang/invoke/LambdaForm$MH+0x0000020a8100d000'
Event: 1986.616 Thread 0x0000020ad195e8b0 Unloading class 0x0000020a8100cc00 'java/lang/invoke/LambdaForm$MH+0x0000020a8100cc00'
Event: 1986.616 Thread 0x0000020ad195e8b0 Unloading class 0x0000020a8100c800 'java/lang/invoke/LambdaForm$BMH+0x0000020a8100c800'
Event: 1986.616 Thread 0x0000020ad195e8b0 Unloading class 0x0000020a8100c000 'java/lang/invoke/LambdaForm$DMH+0x0000020a8100c000'
Event: 1986.616 Thread 0x0000020ad195e8b0 Unloading class 0x0000020a81008400 'java/lang/invoke/LambdaForm$MH+0x0000020a81008400'
Event: 1986.616 Thread 0x0000020ad195e8b0 Unloading class 0x0000020a81008000 'java/lang/invoke/LambdaForm$MH+0x0000020a81008000'
Event: 1986.616 Thread 0x0000020ad195e8b0 Unloading class 0x0000020a81007c00 'java/lang/invoke/LambdaForm$MH+0x0000020a81007c00'
Event: 1986.616 Thread 0x0000020ad195e8b0 Unloading class 0x0000020a81006800 'java/lang/invoke/LambdaForm$MH+0x0000020a81006800'
Event: 1986.616 Thread 0x0000020ad195e8b0 Unloading class 0x0000020a81006000 'java/lang/invoke/LambdaForm$MH+0x0000020a81006000'
Event: 1986.616 Thread 0x0000020ad195e8b0 Unloading class 0x0000020a81005c00 'java/lang/invoke/LambdaForm$MH+0x0000020a81005c00'
Event: 1986.616 Thread 0x0000020ad195e8b0 Unloading class 0x0000020a81005800 'java/lang/invoke/LambdaForm$MH+0x0000020a81005800'
Event: 1986.616 Thread 0x0000020ad195e8b0 Unloading class 0x0000020a81005400 'java/lang/invoke/LambdaForm$BMH+0x0000020a81005400'
Event: 1986.616 Thread 0x0000020ad195e8b0 Unloading class 0x0000020a81004000 'java/lang/invoke/LambdaForm$DMH+0x0000020a81004000'
Event: 1986.616 Thread 0x0000020ad195e8b0 Unloading class 0x0000020a81002400 'java/lang/invoke/LambdaForm$MH+0x0000020a81002400'
Event: 1986.616 Thread 0x0000020ad195e8b0 Unloading class 0x0000020a81002000 'java/lang/invoke/LambdaForm$MH+0x0000020a81002000'
Event: 1986.616 Thread 0x0000020ad195e8b0 Unloading class 0x0000020a81001800 'java/lang/invoke/LambdaForm$MH+0x0000020a81001800'

Classes redefined (0 events):
No events

Internal exceptions (20 events):
Event: 2041.531 Thread 0x0000020aebf99910 Implicit null exception at 0x0000020add56cfeb to 0x0000020add56f6b8
Event: 2050.481 Thread 0x0000020aeb536d80 Implicit null exception at 0x0000020add17c6c0 to 0x0000020add186510
Event: 2084.232 Thread 0x0000020aebf99910 Implicit null exception at 0x0000020add2733a0 to 0x0000020add274890
Event: 2084.232 Thread 0x0000020aebf99910 Implicit null exception at 0x0000020add176cc0 to 0x0000020add176f40
Event: 2085.058 Thread 0x0000020aebfa0210 Implicit null exception at 0x0000020adcad6e92 to 0x0000020adcad6f3d
Event: 2099.340 Thread 0x0000020aecc2a050 Implicit null exception at 0x0000020add275c40 to 0x0000020add275e60
Event: 2099.626 Thread 0x0000020aecc2a050 Exception <a 'java/lang/IncompatibleClassChangeError'{0x00000000eaef1be0}: Found class java.lang.Object, but interface was expected> (0x00000000eaef1be0) 
thrown [s\src\hotspot\share\interpreter\linkResolver.cpp, line 840]
Event: 2099.626 Thread 0x0000020aecc2a050 Implicit null exception at 0x0000020adc75dff5 to 0x0000020adc761888
Event: 2099.809 Thread 0x0000020aecc2a050 Exception <a 'java/lang/ArrayIndexOutOfBoundsException'{0x00000000eaefd5c0}: Index 2193 out of bounds for length 2193> (0x00000000eaefd5c0) 
thrown [s\src\hotspot\share\interpreter\interpreterRuntime.cpp, line 439]
Event: 2099.908 Thread 0x0000020aecc2a050 Exception <a 'java/lang/ArrayIndexOutOfBoundsException'{0x00000000eaefde30}: Index 2193 out of bounds for length 2193> (0x00000000eaefde30) 
thrown [s\src\hotspot\share\interpreter\interpreterRuntime.cpp, line 439]
Event: 2099.908 Thread 0x0000020aecc2a050 Exception <a 'java/lang/ArrayIndexOutOfBoundsException'{0x00000000eaefe1a0}: Index 2194 out of bounds for length 2193> (0x00000000eaefe1a0) 
thrown [s\src\hotspot\share\interpreter\interpreterRuntime.cpp, line 439]
Event: 2099.924 Thread 0x0000020aecc2a050 Exception <a 'java/lang/NoSuchMethodError'{0x00000000eab2a248}: 'void java.lang.invoke.DelegatingMethodHandle$Holder.reinvoke_L(java.lang.Object, java.lang.Object, java.lang.Object, int, java.lang.Object, int, int)'> (0x00000000eab2a248) 
thrown [s\src\hotspot\share\interpreter\linkResolver.cpp, line 773]
Event: 2100.856 Thread 0x0000020aecc2a050 Implicit null exception at 0x0000020adcf3e9e0 to 0x0000020adcf3ec64
Event: 2101.225 Thread 0x0000020aecc2a050 Implicit null exception at 0x0000020adccff940 to 0x0000020adcd00080
Event: 2101.654 Thread 0x0000020aecc2a050 Implicit null exception at 0x0000020adce4c8c0 to 0x0000020adce4cb08
Event: 2123.812 Thread 0x0000020aecc2a050 Implicit null exception at 0x0000020add6324d5 to 0x0000020add633c28
Event: 2123.922 Thread 0x0000020aecc2a050 Exception <a 'java/lang/ArrayIndexOutOfBoundsException'{0x00000000eb192bd0}: Index 74 out of bounds for length 74> (0x00000000eb192bd0) 
thrown [s\src\hotspot\share\interpreter\interpreterRuntime.cpp, line 439]
Event: 2123.928 Thread 0x0000020aecc2a050 Implicit null exception at 0x0000020adcf7918c to 0x0000020adcf7ac9c
Event: 2123.999 Thread 0x0000020aecc2a050 Implicit null exception at 0x0000020add5cfdc0 to 0x0000020add5d0850
Event: 2124.013 Thread 0x0000020aecc2a050 Implicit null exception at 0x0000020add314e12 to 0x0000020add3165f8

ZGC Phase Switch (0 events):
No events

VM Operations (20 events):
Event: 2135.590 Executing VM operation: Cleanup
Event: 2135.590 Executing VM operation: Cleanup done
Event: 2149.598 Executing VM operation: Cleanup
Event: 2149.598 Executing VM operation: Cleanup done
Event: 2164.738 Executing VM operation: HandshakeAllThreads (HandshakeForDeflation)
Event: 2164.738 Executing VM operation: HandshakeAllThreads (HandshakeForDeflation) done
Event: 2164.738 Executing VM operation: RendezvousGCThreads
Event: 2164.738 Executing VM operation: RendezvousGCThreads done
Event: 2837.067 Executing VM operation: ParallelGCFailedAllocation (Allocation Failure)
Event: 2837.074 Executing VM operation: ParallelGCFailedAllocation (Allocation Failure) done
Event: 2837.390 Executing VM operation: ParallelGCFailedAllocation (Allocation Failure)
Event: 2837.397 Executing VM operation: ParallelGCFailedAllocation (Allocation Failure) done
Event: 2838.180 Executing VM operation: ParallelGCFailedAllocation (Allocation Failure)
Event: 2838.302 Executing VM operation: ParallelGCFailedAllocation (Allocation Failure) done
Event: 2838.930 Executing VM operation: ParallelGCFailedAllocation (Allocation Failure)
Event: 2838.935 Executing VM operation: ParallelGCFailedAllocation (Allocation Failure) done
Event: 2842.968 Executing VM operation: Cleanup
Event: 2843.036 Executing VM operation: Cleanup done
Event: 2843.059 Executing VM operation: ParallelGCFailedAllocation (Allocation Failure)
Event: 2843.069 Executing VM operation: ParallelGCFailedAllocation (Allocation Failure) done

Memory protections (0 events):
No events

Nmethod flushes (20 events):
Event: 1987.095 Thread 0x0000020ad195e8b0 flushing  nmethod 0x0000020ad671dc10
Event: 1987.095 Thread 0x0000020ad195e8b0 flushing  nmethod 0x0000020ad672be90
Event: 1987.095 Thread 0x0000020ad195e8b0 flushing  nmethod 0x0000020ad6753e10
Event: 1987.095 Thread 0x0000020ad195e8b0 flushing  nmethod 0x0000020ad6755510
Event: 1987.095 Thread 0x0000020ad195e8b0 flushing  nmethod 0x0000020ad6755f10
Event: 1987.095 Thread 0x0000020ad195e8b0 flushing  nmethod 0x0000020ad6757290
Event: 1987.095 Thread 0x0000020ad195e8b0 flushing  nmethod 0x0000020ad675ff90
Event: 1987.095 Thread 0x0000020ad195e8b0 flushing  nmethod 0x0000020ad6761690
Event: 1987.095 Thread 0x0000020ad195e8b0 flushing  nmethod 0x0000020ad6762690
Event: 1987.095 Thread 0x0000020ad195e8b0 flushing  nmethod 0x0000020ad6763410
Event: 1987.095 Thread 0x0000020ad195e8b0 flushing  nmethod 0x0000020ad6764910
Event: 1987.095 Thread 0x0000020ad195e8b0 flushing  nmethod 0x0000020ad6764f90
Event: 1987.095 Thread 0x0000020ad195e8b0 flushing osr nmethod 0x0000020ad6765890
Event: 1987.095 Thread 0x0000020ad195e8b0 flushing osr nmethod 0x0000020ad6768c10
Event: 1987.095 Thread 0x0000020ad195e8b0 flushing  nmethod 0x0000020ad676b790
Event: 1987.095 Thread 0x0000020ad195e8b0 flushing  nmethod 0x0000020ad6771a90
Event: 1987.095 Thread 0x0000020ad195e8b0 flushing  nmethod 0x0000020ad6774790
Event: 1987.095 Thread 0x0000020ad195e8b0 flushing osr nmethod 0x0000020ad6776d10
Event: 1987.095 Thread 0x0000020ad195e8b0 flushing osr nmethod 0x0000020ad677df10
Event: 1987.095 Thread 0x0000020ad195e8b0 flushing  nmethod 0x0000020ad6789c10

Events (20 events):
Event: 2041.510 Thread 0x0000020ae5bda040 Thread added: 0x0000020aee4878e0
Event: 2041.701 Thread 0x0000020aee4878e0 Thread exited: 0x0000020aee4878e0
Event: 2048.032 Thread 0x0000020ae5c47f10 Thread added: 0x0000020aee4878e0
Event: 2048.314 Thread 0x0000020aee4878e0 Thread exited: 0x0000020aee4878e0
Event: 2050.600 Thread 0x0000020ae5c47f10 Thread added: 0x0000020aee4878e0
Event: 2051.049 Thread 0x0000020aee4878e0 Thread exited: 0x0000020aee4878e0
Event: 2051.406 Thread 0x0000020ae5bda040 Thread added: 0x0000020aee4878e0
Event: 2051.593 Thread 0x0000020aee4878e0 Thread exited: 0x0000020aee4878e0
Event: 2057.802 Thread 0x0000020ae5c47f10 Thread added: 0x0000020aee4878e0
Event: 2059.994 Thread 0x0000020aee4878e0 Thread exited: 0x0000020aee4878e0
Event: 2064.073 Thread 0x0000020ae5c47f10 Thread added: 0x0000020aee4878e0
Event: 2065.144 Thread 0x0000020aee4878e0 Thread exited: 0x0000020aee4878e0
Event: 2071.872 Thread 0x0000020ae5bda040 Thread added: 0x0000020aee4878e0
Event: 2072.934 Thread 0x0000020aee4878e0 Thread exited: 0x0000020aee4878e0
Event: 2078.705 Thread 0x0000020ae5c47f10 Thread added: 0x0000020aeb02b770
Event: 2079.312 Thread 0x0000020aeb02b770 Thread exited: 0x0000020aeb02b770
Event: 2081.930 Thread 0x0000020ae5c47f10 Thread added: 0x0000020aeb02b0a0
Event: 2084.137 Thread 0x0000020aeb02b0a0 Thread exited: 0x0000020aeb02b0a0
Event: 2195.016 Thread 0x0000020aebf9c700 Thread exited: 0x0000020aebf9c700
Event: 2837.987 Thread 0x0000020aebfa0210 Thread added: 0x0000020aeb48b240


Dynamic libraries:
0x00007ff632cf0000 - 0x00007ff632cfe000 	c:\Users\edhim\.vscode\extensions\redhat.java-1.42.0-win32-x64\jre\21.0.7-win32-x86_64\bin\java.exe
0x00007ffec9bd0000 - 0x00007ffec9de7000 	C:\Windows\SYSTEM32\ntdll.dll
0x00007ffec84a0000 - 0x00007ffec8564000 	C:\Windows\System32\KERNEL32.DLL
0x00007ffec7000000 - 0x00007ffec73b7000 	C:\Windows\System32\KERNELBASE.dll
0x00007ffec7640000 - 0x00007ffec7751000 	C:\Windows\System32\ucrtbase.dll
0x00007ffea8820000 - 0x00007ffea8838000 	c:\Users\edhim\.vscode\extensions\redhat.java-1.42.0-win32-x64\jre\21.0.7-win32-x86_64\bin\jli.dll
0x00007ffec88a0000 - 0x00007ffec8a4f000 	C:\Windows\System32\USER32.dll
0x00007ffec77e0000 - 0x00007ffec7806000 	C:\Windows\System32\win32u.dll
0x00007ffec7cb0000 - 0x00007ffec7cd9000 	C:\Windows\System32\GDI32.dll
0x00007ffec6ee0000 - 0x00007ffec6ff8000 	C:\Windows\System32\gdi32full.dll
0x00007ffec75a0000 - 0x00007ffec763a000 	C:\Windows\System32\msvcp_win.dll
0x00007ffea7ee0000 - 0x00007ffea7efe000 	c:\Users\edhim\.vscode\extensions\redhat.java-1.42.0-win32-x64\jre\21.0.7-win32-x86_64\bin\VCRUNTIME140.dll
0x00007ffeb2cc0000 - 0x00007ffeb2f53000 	C:\Windows\WinSxS\amd64_microsoft.windows.common-controls_6595b64144ccf1df_6.0.22621.3672_none_2713b9d173822955\COMCTL32.dll
0x00007ffec86b0000 - 0x00007ffec8757000 	C:\Windows\System32\msvcrt.dll
0x00007ffec8570000 - 0x00007ffec85a1000 	C:\Windows\System32\IMM32.DLL
0x00007ffeb6110000 - 0x00007ffeb611c000 	c:\Users\edhim\.vscode\extensions\redhat.java-1.42.0-win32-x64\jre\21.0.7-win32-x86_64\bin\vcruntime140_1.dll
0x00007ffe93a40000 - 0x00007ffe93acd000 	c:\Users\edhim\.vscode\extensions\redhat.java-1.42.0-win32-x64\jre\21.0.7-win32-x86_64\bin\msvcp140.dll
0x00007ffe46400000 - 0x00007ffe47190000 	c:\Users\edhim\.vscode\extensions\redhat.java-1.42.0-win32-x64\jre\21.0.7-win32-x86_64\bin\server\jvm.dll
0x00007ffec8070000 - 0x00007ffec8122000 	C:\Windows\System32\ADVAPI32.dll
0x00007ffec8130000 - 0x00007ffec81d8000 	C:\Windows\System32\sechost.dll
0x00007ffec7810000 - 0x00007ffec7838000 	C:\Windows\System32\bcrypt.dll
0x00007ffec9940000 - 0x00007ffec9a54000 	C:\Windows\System32\RPCRT4.dll
0x00007ffec8770000 - 0x00007ffec87e1000 	C:\Windows\System32\WS2_32.dll
0x00007ffec6db0000 - 0x00007ffec6dfd000 	C:\Windows\SYSTEM32\POWRPROF.dll
0x00007ffebfea0000 - 0x00007ffebfed4000 	C:\Windows\SYSTEM32\WINMM.dll
0x00007ffeb5270000 - 0x00007ffeb527a000 	C:\Windows\SYSTEM32\VERSION.dll
0x00007ffec6d90000 - 0x00007ffec6da3000 	C:\Windows\SYSTEM32\UMPDC.dll
0x00007ffec5ef0000 - 0x00007ffec5f08000 	C:\Windows\SYSTEM32\kernel.appcore.dll
0x00007ffeb5e70000 - 0x00007ffeb5e7a000 	c:\Users\edhim\.vscode\extensions\redhat.java-1.42.0-win32-x64\jre\21.0.7-win32-x86_64\bin\jimage.dll
0x00007ffec4770000 - 0x00007ffec49a2000 	C:\Windows\SYSTEM32\DBGHELP.DLL
0x00007ffec7ce0000 - 0x00007ffec806e000 	C:\Windows\System32\combase.dll
0x00007ffec7a10000 - 0x00007ffec7ae7000 	C:\Windows\System32\OLEAUT32.dll
0x00007ffeb2460000 - 0x00007ffeb2492000 	C:\Windows\SYSTEM32\dbgcore.DLL
0x00007ffec7760000 - 0x00007ffec77db000 	C:\Windows\System32\bcryptPrimitives.dll
0x00007ffeb5280000 - 0x00007ffeb528f000 	c:\Users\edhim\.vscode\extensions\redhat.java-1.42.0-win32-x64\jre\21.0.7-win32-x86_64\bin\instrument.dll
0x00007ffea6cc0000 - 0x00007ffea6cdf000 	c:\Users\edhim\.vscode\extensions\redhat.java-1.42.0-win32-x64\jre\21.0.7-win32-x86_64\bin\java.dll
0x00007ffec8a50000 - 0x00007ffec92b9000 	C:\Windows\System32\SHELL32.dll
0x00007ffec4e00000 - 0x00007ffec56ff000 	C:\Windows\SYSTEM32\windows.storage.dll
0x00007ffec4cc0000 - 0x00007ffec4dff000 	C:\Windows\SYSTEM32\wintypes.dll
0x00007ffec85b0000 - 0x00007ffec86a9000 	C:\Windows\System32\SHCORE.dll
0x00007ffec9a60000 - 0x00007ffec9abe000 	C:\Windows\System32\shlwapi.dll
0x00007ffec6e10000 - 0x00007ffec6e37000 	C:\Windows\SYSTEM32\profapi.dll
0x00007ffea6a50000 - 0x00007ffea6a68000 	c:\Users\edhim\.vscode\extensions\redhat.java-1.42.0-win32-x64\jre\21.0.7-win32-x86_64\bin\zip.dll
0x00007ffeb51e0000 - 0x00007ffeb51f0000 	C:\Users\edhim\.vscode\extensions\redhat.java-1.42.0-win32-x64\jre\21.0.7-win32-x86_64\bin\net.dll
0x00007ffec06e0000 - 0x00007ffec0816000 	C:\Windows\SYSTEM32\WINHTTP.dll
0x00007ffec6350000 - 0x00007ffec63b9000 	C:\Windows\system32\mswsock.dll
0x00007ffea6ca0000 - 0x00007ffea6cb6000 	C:\Users\edhim\.vscode\extensions\redhat.java-1.42.0-win32-x64\jre\21.0.7-win32-x86_64\bin\nio.dll
0x00007ffeabd60000 - 0x00007ffeabd70000 	c:\Users\edhim\.vscode\extensions\redhat.java-1.42.0-win32-x64\jre\21.0.7-win32-x86_64\bin\verify.dll
0x00007ffea58a0000 - 0x00007ffea58e5000 	C:\Users\edhim\AppData\Roaming\Code\User\globalStorage\redhat.java\1.42.0\config_win\org.eclipse.equinox.launcher\org.eclipse.equinox.launcher.win32.win32.x86_64_1.2.1300.v20250331-1702\eclipse_11911.dll
0x00007ffec9740000 - 0x00007ffec98e5000 	C:\Windows\System32\ole32.dll
0x00007ffec66a0000 - 0x00007ffec66bb000 	C:\Windows\SYSTEM32\CRYPTSP.dll
0x00007ffec5e50000 - 0x00007ffec5e85000 	C:\Windows\system32\rsaenh.dll
0x00007ffec63f0000 - 0x00007ffec6418000 	C:\Windows\SYSTEM32\USERENV.dll
0x00007ffec6680000 - 0x00007ffec668c000 	C:\Windows\SYSTEM32\CRYPTBASE.dll
0x00007ffec5960000 - 0x00007ffec598d000 	C:\Windows\SYSTEM32\IPHLPAPI.DLL
0x00007ffec9ac0000 - 0x00007ffec9ac9000 	C:\Windows\System32\NSI.dll
0x00007ffeb67d0000 - 0x00007ffeb6819000 	C:\Users\edhim\AppData\Local\Temp\jna--1316540214\jna10890151933596132952.dll
0x00007ffec7900000 - 0x00007ffec7908000 	C:\Windows\System32\PSAPI.DLL
0x00007ffec0330000 - 0x00007ffec0349000 	C:\Windows\SYSTEM32\dhcpcsvc6.DLL
0x00007ffec0230000 - 0x00007ffec024f000 	C:\Windows\SYSTEM32\dhcpcsvc.DLL

dbghelp: loaded successfully - version: 4.0.5 - missing functions: none
symbol engine: initialized successfully - sym options: 0x614 - pdb path: .;c:\Users\edhim\.vscode\extensions\redhat.java-1.42.0-win32-x64\jre\21.0.7-win32-x86_64\bin;C:\Windows\SYSTEM32;C:\Windows\WinSxS\amd64_microsoft.windows.common-controls_6595b64144ccf1df_6.0.22621.3672_none_2713b9d173822955;c:\Users\edhim\.vscode\extensions\redhat.java-1.42.0-win32-x64\jre\21.0.7-win32-x86_64\bin\server;C:\Users\edhim\AppData\Roaming\Code\User\globalStorage\redhat.java\1.42.0\config_win\org.eclipse.equinox.launcher\org.eclipse.equinox.launcher.win32.win32.x86_64_1.2.1300.v20250331-1702;C:\Users\edhim\AppData\Local\Temp\jna--1316540214

VM Arguments:
jvm_args: --add-modules=ALL-SYSTEM --add-opens=java.base/java.util=ALL-UNNAMED --add-opens=java.base/java.lang=ALL-UNNAMED --add-opens=java.base/sun.nio.fs=ALL-UNNAMED -Declipse.application=org.eclipse.jdt.ls.core.id1 -Dosgi.bundles.defaultStartLevel=4 -Declipse.product=org.eclipse.jdt.ls.core.product -Djava.import.generatesMetadataFilesAtProjectRoot=false -DDetectVMInstallationsJob.disabled=true -Dfile.encoding=utf8 -XX:+UseParallelGC -XX:GCTimeRatio=4 -XX:AdaptiveSizePolicyWeight=90 -Dsun.zip.disableMemoryMapping=true -Xmx1G -Xms100m -Xlog:disable -javaagent:c:\Users\edhim\.vscode\extensions\redhat.java-1.42.0-win32-x64\lombok\lombok-1.18.36.jar -XX:+HeapDumpOnOutOfMemoryError -XX:HeapDumpPath=c:\Users\edhim\AppData\Roaming\Code\User\workspaceStorage\f5c8dd7b6506a7865490afbc220914d0\redhat.java -Daether.dependencyCollector.impl=bf 
java_command: c:\Users\edhim\.vscode\extensions\redhat.java-1.42.0-win32-x64\server\plugins\org.eclipse.equinox.launcher_1.7.0.v20250424-1814.jar -configuration c:\Users\edhim\AppData\Roaming\Code\User\globalStorage\redhat.java\1.42.0\config_win -data c:\Users\edhim\AppData\Roaming\Code\User\workspaceStorage\f5c8dd7b6506a7865490afbc220914d0\redhat.java\jdt_ws --pipe=\\.\pipe\lsp-0d6e604ebf4d432e13b71a85e17320e0-sock
java_class_path (initial): c:\Users\edhim\.vscode\extensions\redhat.java-1.42.0-win32-x64\server\plugins\org.eclipse.equinox.launcher_1.7.0.v20250424-1814.jar
Launcher Type: SUN_STANDARD

[Global flags]
    uintx AdaptiveSizePolicyWeight                 = 90                                        {product} {command line}
     intx CICompilerCount                          = 3                                         {product} {ergonomic}
    uintx GCTimeRatio                              = 4                                         {product} {command line}
     bool HeapDumpOnOutOfMemoryError               = true                                   {manageable} {command line}
    ccstr HeapDumpPath                             = c:\Users\edhim\AppData\Roaming\Code\User\workspaceStorage\f5c8dd7b6506a7865490afbc220914d0\redhat.java         {manageable} {command line}
   size_t InitialHeapSize                          = 104857600                                 {product} {command line}
   size_t MaxHeapSize                              = 1073741824                                {product} {command line}
   size_t MaxNewSize                               = 357564416                                 {product} {ergonomic}
   size_t MinHeapDeltaBytes                        = 524288                                    {product} {ergonomic}
   size_t MinHeapSize                              = 104857600                                 {product} {command line}
   size_t NewSize                                  = 34603008                                  {product} {ergonomic}
    uintx NonNMethodCodeHeapSize                   = 5832780                                {pd product} {ergonomic}
    uintx NonProfiledCodeHeapSize                  = 122912730                              {pd product} {ergonomic}
   size_t OldSize                                  = 70254592                                  {product} {ergonomic}
    uintx ProfiledCodeHeapSize                     = 122912730                              {pd product} {ergonomic}
    uintx ReservedCodeCacheSize                    = 251658240                              {pd product} {ergonomic}
     bool SegmentedCodeCache                       = true                                      {product} {ergonomic}
   size_t SoftMaxHeapSize                          = 1073741824                             {manageable} {ergonomic}
     bool UseCompressedOops                        = true                           {product lp64_product} {ergonomic}
     bool UseLargePagesIndividualAllocation        = false                                  {pd product} {ergonomic}
     bool UseParallelGC                            = true                                      {product} {command line}

Logging:
Log output configuration:
 #0: stdout all=off uptime,level,tags foldmultilines=false
 #1: stderr all=off uptime,level,tags foldmultilines=false

Environment Variables:
JAVA_HOME=C:\Program Files\Java\jdk-17
PATH=C:\Program Files\IBM\ILOG\CPLEX_Studio_Community2212\opl\bin\x64_win64;C:\Program Files\IBM\ILOG\CPLEX_Studio_Community2212\opl\oplide\;C:\Program Files\IBM\ILOG\CPLEX_Studio_Community2212\cplex\bin\x64_win64;C:\Program Files\IBM\ILOG\CPLEX_Studio_Community2212\cpoptimizer\bin\x64_win64;c:\Users\edhim\AppData\Local\Programs\cursor\resources\app\bin;C:\Program Files\Google\Chrome\Application;C:\Program Files\Common Files\Oracle\Java\javapath;C:\Windows\system32;C:\Windows;C:\Windows\System32\Wbem;C:\Windows\System32\WindowsPowerShell\v1.0\;C:\Windows\System32\OpenSSH\;C:\Program Files\MiKTeX\miktex\bin\x64\;C:\Program Files\nodejs\;C:\Program Files\MySQL\MySQL Server 9.0\bin;C:\Program Files\Java\jdk-23\bin;C:\Program Files\MySQL\MySQL Server 9.0\bin;C:\Program Files\Git\cmd;C:\ProgramData\chocolatey\bin;C:\Strawberry\c\bin;C:\Strawberry\perl\site\bin;C:\Strawberry\perl\bin;C:\src\flutter\bin;C:\Users\edhim\AppData\Local\Microsoft\WindowsApps;C:\Program Files\mingw-w64\x86_64-8.1.0-posix-seh-rt_v6-rev0\min64\bin;C:\msys64\ucrt64\bin;C:\Users\edhim\Desktop\codes\python\manim;C:\ffmpeg;C:\Users\edhim\Downloads\platform-tools-latest-windows.zip\platform-tools;C:\Program Files\Java\jdk-23\bin;C:\Users\edhim\AppData\Roaming\npm;C:\src\flutter\bin;C:\Program Files\mybins;C:\Users\edhim\AppData\Loca;C:\Users\edhim\AppData\Local\Microsoft\WindowsApps;C:\Users\edhim\AppData\Local\Programs\Microsoft VS Code\bin;C:\Program Files\mingw-w64\x86_64-8.1.0-posix-seh-rt_v6-rev0\min64\bin;C:\msys64\ucrt64\bin;C:\Users\edhim\Desktop\codes\python\manim;C:\ffmpeg;C:\Users\edhim\Downloads\platform-tools-latest-windows.zip\platform-tools;C:\Program Files\Java\jdk-23\bin;C:\Users\edhim\AppData\Roaming\npm;C:\src\flutter\bin;C:\Program Files\mybins;C:\Users\edhim\AppData\Local\Microsoft\WinGet\Packages\Typst.Typst_Microsoft.Winget.Source_8wekyb3d8bbwe\typst-x86_64-pc-windows-msvc;C:\Users\edhim\AppData\Local\Packages\PythonSoftwareFoundation.Python.3.11_qbz5n2kfra8p0\LocalCache\local-packages\Python311\Scripts;C:\Users\edhim\Downloads\apache-maven-3.9.10-bin\apache-maven-3.9.10\bin;C:\Program Files\Java\jdk-17\bin;C:\Users\edhim\AppData\Local\Programs\cursor\resources\app\bin
USERNAME=MED ELKHACHIE
OS=Windows_NT
PROCESSOR_IDENTIFIER=Intel64 Family 6 Model 78 Stepping 3, GenuineIntel
TMP=C:\Users\edhim\AppData\Local\Temp
TEMP=C:\Users\edhim\AppData\Local\Temp




Periodic native trim disabled

---------------  S Y S T E M  ---------------

OS:
 Windows 11 , 64 bit Build 22621 (10.0.22621.3958)
OS uptime: 0 days 1:08 hours
Hyper-V role detected

CPU: total 4 (initial active 4) (2 cores per cpu, 2 threads per core) family 6 model 78 stepping 3 microcode 0xf0, cx8, cmov, fxsr, ht, mmx, 3dnowpref, sse, sse2, sse3, ssse3, sse4.1, sse4.2, popcnt, lzcnt, tsc, tscinvbit, avx, avx2, aes, erms, clmul, bmi1, bmi2, rtm, adx, fma, vzeroupper, clflush, clflushopt, hv, rdtscp, f16c
Processor Information for the first 4 processors :
  Max Mhz: 2501, Current Mhz: 2200, Mhz Limit: 2175

Memory: 4k page, system-wide physical 8073M (423M free)
TotalPageFile size 12678M (AvailPageFile size 3M)
current process WorkingSet (physical memory assigned to process): 590M, peak: 978M
current process commit charge ("private bytes"): 636M, peak: 1005M

vm_info: OpenJDK 64-Bit Server VM (21.0.7+6-LTS) for windows-amd64 JRE (21.0.7+6-LTS), built on 2025-04-15T00:00:00Z by "admin" with MS VC++ 17.7 (VS2022)

END.
