#
# There is insufficient memory for the Java Runtime Environment to continue.
# Native memory allocation (mmap) failed to map 65536 bytes. Error detail: Failed to commit metaspace.
# Possible reasons:
#   The system is out of physical RAM or swap space
#   This process is running with CompressedOops enabled, and the Java Heap may be blocking the growth of the native heap
# Possible solutions:
#   Reduce memory load on the system
#   Increase physical memory or swap space
#   Check if swap backing store is full
#   Decrease Java heap size (-Xmx/-Xms)
#   Decrease number of Java threads
#   Decrease Java thread stack sizes (-Xss)
#   Set larger code cache with -XX:ReservedCodeCacheSize=
#   JVM is running with Unscaled Compressed Oops mode in which the Java heap is
#     placed in the first 4GB address space. The Java Heap base address is the
#     maximum limit for the native heap growth. Please use -XX:HeapBaseMinAddress
#     to set the Java Heap base and to place the Java Heap above 4GB virtual address.
# This output file may be truncated or incomplete.
#
#  Out of Memory Error (virtualSpaceNode.cpp:113), pid=13928, tid=13744
#
# JRE version: OpenJDK Runtime Environment Temurin-21.0.7+6 (21.0.7+6) (build 21.0.7+6-LTS)
# Java VM: OpenJDK 64-Bit Server VM Temurin-21.0.7+6 (21.0.7+6-LTS, mixed mode, sharing, tiered, compressed oops, compressed class ptrs, parallel gc, windows-amd64)
# No core dump will be written. Minidumps are not enabled by default on client versions of Windows
#

---------------  S U M M A R Y ------------

Command Line: --add-modules=ALL-SYSTEM --add-opens=java.base/java.util=ALL-UNNAMED --add-opens=java.base/java.lang=ALL-UNNAMED --add-opens=java.base/sun.nio.fs=ALL-UNNAMED -Declipse.application=org.eclipse.jdt.ls.core.id1 -Dosgi.bundles.defaultStartLevel=4 -Declipse.product=org.eclipse.jdt.ls.core.product -Djava.import.generatesMetadataFilesAtProjectRoot=false -DDetectVMInstallationsJob.disabled=true -Dfile.encoding=utf8 -XX:+UseParallelGC -XX:GCTimeRatio=4 -XX:AdaptiveSizePolicyWeight=90 -Dsun.zip.disableMemoryMapping=true -Xmx2G -Xms100m -Xlog:disable -javaagent:c:\Users\edhim\.vscode\extensions\redhat.java-1.43.0-win32-x64\lombok\lombok-1.18.39-4050.jar c:\Users\edhim\.vscode\extensions\redhat.java-1.43.0-win32-x64\server\plugins\org.eclipse.equinox.launcher_1.7.0.v20250519-0528.jar -configuration c:\Users\edhim\AppData\Roaming\Code\User\globalStorage\redhat.java\1.43.0\config_ss_win -data c:\Users\edhim\AppData\Roaming\Code\User\workspaceStorage\f5c8dd7b6506a7865490afbc220914d0\redhat.java\ss_ws --pipe=\\.\pipe\lsp-0a8bf78f7cca93f6f4323fff93cd1433-sock

Host: Intel(R) Core(TM) i5-6300U CPU @ 2.40GHz, 4 cores, 7G,  Windows 11 , 64 bit Build 22621 (10.0.22621.3958)
Time: Thu Jun 26 18:44:02 2025 Coordinated Universal Time elapsed time: 16.302131 seconds (0d 0h 0m 16s)

---------------  T H R E A D  ---------------

Current thread (0x000002141828b440):  JavaThread "main"             [_thread_in_vm, id=13744, stack(0x000000a3d5400000,0x000000a3d5500000) (1024K)]

Stack: [0x000000a3d5400000,0x000000a3d5500000]
Native frames: (J=compiled Java code, j=interpreted, Vv=VM code, C=native code)
V  [jvm.dll+0x6ce119]
V  [jvm.dll+0x8a84a1]
V  [jvm.dll+0x8aa9ce]
V  [jvm.dll+0x8ab0b3]
V  [jvm.dll+0x27f8a6]
V  [jvm.dll+0x8a41ee]
V  [jvm.dll+0x670575]
V  [jvm.dll+0x1e474c]
V  [jvm.dll+0x1e451e]
V  [jvm.dll+0x672e72]
V  [jvm.dll+0x672c92]
V  [jvm.dll+0x670f4e]
V  [jvm.dll+0x2695bf]
V  [jvm.dll+0x67b1b5]
V  [jvm.dll+0x21563d]
V  [jvm.dll+0x215bba]
V  [jvm.dll+0x2165e5]
V  [jvm.dll+0x20bbae]
V  [jvm.dll+0x5ae58c]
V  [jvm.dll+0x821706]
V  [jvm.dll+0x4718d6]
V  [jvm.dll+0x4777a8]
C  [java.dll+0x17ec]

Java frames: (J=compiled Java code, j=interpreted, Vv=VM code)
J 1139  java.lang.ClassLoader.defineClass1(Ljava/lang/ClassLoader;Ljava/lang/String;[BIILjava/security/ProtectionDomain;Ljava/lang/String;)Ljava/lang/Class; java.base@21.0.7 (0 bytes) @ 0x00000214253b5d11 [0x00000214253b5c40+0x00000000000000d1]
j  java.lang.System$2.defineClass(Ljava/lang/ClassLoader;Ljava/lang/String;[BLjava/security/ProtectionDomain;Ljava/lang/String;)Ljava/lang/Class;+10 java.base@21.0.7
j  java.lang.reflect.Proxy$ProxyBuilder.defineProxyClass(Ljava/lang/reflect/Proxy$ProxyBuilder$ProxyClassContext;Ljava/util/List;)Ljava/lang/Class;+122 java.base@21.0.7
j  java.lang.reflect.Proxy$ProxyBuilder.build()Ljava/lang/reflect/Constructor;+8 java.base@21.0.7
j  java.lang.reflect.Proxy.lambda$getProxyConstructor$1(Ljava/lang/ClassLoader;Ljdk/internal/loader/AbstractClassLoaderValue$Sub;)Ljava/lang/reflect/Constructor;+15 java.base@21.0.7
j  java.lang.reflect.Proxy$$Lambda+0x00000214322d0630.apply(Ljava/lang/Object;Ljava/lang/Object;)Ljava/lang/Object;+8 java.base@21.0.7
j  jdk.internal.loader.AbstractClassLoaderValue$Memoizer.get()Ljava/lang/Object;+75 java.base@21.0.7
j  jdk.internal.loader.AbstractClassLoaderValue.computeIfAbsent(Ljava/lang/ClassLoader;Ljava/util/function/BiFunction;)Ljava/lang/Object;+63 java.base@21.0.7
j  java.lang.reflect.Proxy.getProxyConstructor(Ljava/lang/Class;Ljava/lang/ClassLoader;[Ljava/lang/Class;)Ljava/lang/reflect/Constructor;+85 java.base@21.0.7
j  java.lang.reflect.Proxy.newProxyInstance(Ljava/lang/ClassLoader;[Ljava/lang/Class;Ljava/lang/reflect/InvocationHandler;)Ljava/lang/Object;+22 java.base@21.0.7
j  org.eclipse.lsp4j.jsonrpc.services.ServiceEndpoints.toServiceObject(Lorg/eclipse/lsp4j/jsonrpc/Endpoint;Ljava/lang/Class;)Ljava/lang/Object;+30
j  org.eclipse.lsp4j.jsonrpc.Launcher$Builder.createProxy(Lorg/eclipse/lsp4j/jsonrpc/RemoteEndpoint;)Ljava/lang/Object;+44
j  org.eclipse.lsp4j.jsonrpc.Launcher$Builder.create()Lorg/eclipse/lsp4j/jsonrpc/Launcher;+96
j  org.eclipse.lsp4j.jsonrpc.Launcher.createIoLauncher(Ljava/lang/Object;Ljava/lang/Class;Ljava/io/InputStream;Ljava/io/OutputStream;Ljava/util/concurrent/ExecutorService;Ljava/util/function/Function;)Lorg/eclipse/lsp4j/jsonrpc/Launcher;+33
j  org.eclipse.lsp4j.jsonrpc.Launcher.createLauncher(Ljava/lang/Object;Ljava/lang/Class;Ljava/io/InputStream;Ljava/io/OutputStream;Ljava/util/concurrent/ExecutorService;Ljava/util/function/Function;)Lorg/eclipse/lsp4j/jsonrpc/Launcher;+8
j  org.eclipse.jdt.ls.core.internal.JavaLanguageServerPlugin.startConnection()V+289
j  org.eclipse.jdt.ls.core.internal.JavaLanguageServerPlugin.startLanguageServer(Lorg/eclipse/jdt/ls/core/internal/LanguageServerApplication;)V+16
j  org.eclipse.jdt.ls.core.internal.LanguageServerApplication.start(Lorg/eclipse/equinox/app/IApplicationContext;)Ljava/lang/Object;+5
j  org.eclipse.equinox.internal.app.EclipseAppHandle.run(Ljava/lang/Object;)Ljava/lang/Object;+138
j  org.eclipse.core.runtime.internal.adaptor.EclipseAppLauncher.runApplication(Ljava/lang/Object;)Ljava/lang/Object;+85
j  org.eclipse.core.runtime.internal.adaptor.EclipseAppLauncher.start(Ljava/lang/Object;)Ljava/lang/Object;+79
j  org.eclipse.core.runtime.adaptor.EclipseStarter.run(Ljava/lang/Object;)Ljava/lang/Object;+99
j  org.eclipse.core.runtime.adaptor.EclipseStarter.run([Ljava/lang/String;Ljava/lang/Runnable;)Ljava/lang/Object;+132
j  java.lang.invoke.DirectMethodHandle$Holder.invokeStatic(Ljava/lang/Object;Ljava/lang/Object;Ljava/lang/Object;)Ljava/lang/Object;+11 java.base@21.0.7
j  java.lang.invoke.LambdaForm$MH+0x000002143208a800.invoke(Ljava/lang/Object;Ljava/lang/Object;Ljava/lang/Object;Ljava/lang/Object;)Ljava/lang/Object;+54 java.base@21.0.7
j  java.lang.invoke.LambdaForm$MH+0x0000021432002c00.invokeExact_MT(Ljava/lang/Object;Ljava/lang/Object;Ljava/lang/Object;Ljava/lang/Object;Ljava/lang/Object;)Ljava/lang/Object;+22 java.base@21.0.7
j  jdk.internal.reflect.DirectMethodHandleAccessor.invokeImpl(Ljava/lang/Object;[Ljava/lang/Object;)Ljava/lang/Object;+72 java.base@21.0.7
j  jdk.internal.reflect.DirectMethodHandleAccessor.invoke(Ljava/lang/Object;[Ljava/lang/Object;)Ljava/lang/Object;+23 java.base@21.0.7
j  java.lang.reflect.Method.invoke(Ljava/lang/Object;[Ljava/lang/Object;)Ljava/lang/Object;+102 java.base@21.0.7
j  org.eclipse.equinox.launcher.Main.invokeFramework([Ljava/lang/String;[Ljava/net/URL;)V+155
j  org.eclipse.equinox.launcher.Main.basicRun([Ljava/lang/String;)V+191
j  org.eclipse.equinox.launcher.Main.run([Ljava/lang/String;)I+4
j  org.eclipse.equinox.launcher.Main.main([Ljava/lang/String;)V+10
v  ~StubRoutines::call_stub 0x0000021424da100d

Compiled method (n/a) 16391 1139     n 0       java.lang.ClassLoader::defineClass1 (native)
 total in heap  [0x00000214253b5a90,0x00000214253b5f18] = 1160
 relocation     [0x00000214253b5bf0,0x00000214253b5c28] = 56
 main code      [0x00000214253b5c40,0x00000214253b5f16] = 726
 stub code      [0x00000214253b5f16,0x00000214253b5f18] = 2

[Constant Pool (empty)]

[MachCode]
[Entry Point]
  # {method} {0x0000021431431000} 'defineClass1' '(Ljava/lang/ClassLoader;Ljava/lang/String;[BIILjava/security/ProtectionDomain;Ljava/lang/String;)Ljava/lang/Class;' in 'java/lang/ClassLoader'
  # parm0:    rdx:rdx   = 'java/lang/ClassLoader'
  # parm1:    r8:r8     = 'java/lang/String'
  # parm2:    r9:r9     = '[B'
  # parm3:    rdi       = int
  # parm4:    rsi       = int
  # parm5:    rcx:rcx   = 'java/security/ProtectionDomain'
  # parm6:    [sp+0xa0]   = 'java/lang/String'  (sp of caller)
  0x00000214253b5c40: 448b 5208 | 49bb 0000 | 0031 1402 | 0000 4d03 | d349 3bc2 | 0f84 0600 

  0x00000214253b5c58: ;   {runtime_call ic_miss_stub}
  0x00000214253b5c58: 0000 e921 | 88a3 ff90 
[Verified Entry Point]
  0x00000214253b5c60: 8984 2400 | 80ff ff55 | 488b ec48 | 81ec 9000 | 0000 6690 | 4181 7f20 | 0200 0000 

  0x00000214253b5c7c: ;   {runtime_call StubRoutines (final stubs)}
  0x00000214253b5c7c: 7405 e85d | 2da2 ff48 | 837d 1000 | 488d 4510 | 480f 4445 | 1048 8944 | 2440 4889 | 4c24 7048 
  0x00000214253b5c9c: 83f9 0048 | 8d44 2470 | 480f 4444 | 2470 4889 | 4424 3848 | 8974 2430 | 4889 7c24 | 284c 894c 
  0x00000214253b5cbc: 2458 4983 | f900 488d | 4424 5848 | 0f44 4424 | 5848 8944 | 2420 4c89 | 4424 5049 | 83f8 004c 
  0x00000214253b5cdc: 8d4c 2450 | 4c0f 444c | 2450 4889 | 5424 4848 | 83fa 004c | 8d44 2448 | 4c0f 4444 

  0x00000214253b5cf8: ;   {oop(a 'java/lang/Class'{0x00000000805b50c0} = 'java/lang/ClassLoader')}
  0x00000214253b5cf8: 2448 49be | c050 5b80 | 0000 0000 | 4c89 7424 | 784c 8d74 | 2478 498b | d6c5 f877 

  0x00000214253b5d14: ;   {internal_word}
  0x00000214253b5d14: 49ba 115d | 3b25 1402 | 0000 4d89 | 97a0 0300 | 0049 89a7 | 9803 0000 

  0x00000214253b5d2c: ;   {external_word}
  0x00000214253b5d2c: 49ba 3d5b | 5693 fd7f | 0000 4180 | 3a00 0f84 | 4e00 0000 | 5241 5041 

  0x00000214253b5d44: ;   {metadata({method} {0x0000021431431000} 'defineClass1' '(Ljava/lang/ClassLoader;Ljava/lang/String;[BIILjava/security/ProtectionDomain;Ljava/lang/String;)Ljava/lang/Class;' in 'java/lang/ClassLoader')}
  0x00000214253b5d44: 5148 baf8 | 0f43 3114 | 0200 0049 | 8bcf 4883 | ec20 40f6 | c40f 0f84 | 1900 0000 | 4883 ec08 
  0x00000214253b5d64: ;   {runtime_call}
  0x00000214253b5d64: 48b8 504b | 0093 fd7f | 0000 ffd0 | 4883 c408 | e90c 0000 

  0x00000214253b5d78: ;   {runtime_call}
  0x00000214253b5d78: 0048 b850 | 4b00 93fd | 7f00 00ff | d048 83c4 | 2041 5941 | 585a 498d | 8fb8 0300 | 0041 c787 
  0x00000214253b5d98: 4404 0000 | 0400 0000 

  0x00000214253b5da0: ;   {runtime_call}
  0x00000214253b5da0: 48b8 ac16 | ab09 fe7f | 0000 ffd0 | c5f8 7741 | c787 4404 | 0000 0500 | 0000 f083 | 4424 c000 
  0x00000214253b5dc0: 493b af48 | 0400 000f | 870e 0000 | 0041 83bf | 4004 0000 | 000f 842b | 0000 00c5 | f877 4889 
  0x00000214253b5de0: 45f8 498b | cf4c 8be4 | 4883 ec20 | 4883 e4f0 

  0x00000214253b5df0: ;   {runtime_call}
  0x00000214253b5df0: 48b8 00d1 | cb92 fd7f | 0000 ffd0 | 498b e44d | 33e4 488b | 45f8 41c7 | 8744 0400 | 0008 0000 
  0x00000214253b5e10: 0041 83bf | c004 0000 | 020f 84ca 

  0x00000214253b5e1c: ;   {external_word}
  0x00000214253b5e1c: 0000 0049 | ba3d 5b56 | 93fd 7f00 | 0041 803a | 000f 844c | 0000 0048 

  0x00000214253b5e34: ;   {metadata({method} {0x0000021431431000} 'defineClass1' '(Ljava/lang/ClassLoader;Ljava/lang/String;[BIILjava/security/ProtectionDomain;Ljava/lang/String;)Ljava/lang/Class;' in 'java/lang/ClassLoader')}
  0x00000214253b5e34: 8945 f848 | baf8 0f43 | 3114 0200 | 0049 8bcf | 4883 ec20 | 40f6 c40f | 0f84 1900 | 0000 4883 
  0x00000214253b5e54: ;   {runtime_call}
  0x00000214253b5e54: ec08 48b8 | 504b 0093 | fd7f 0000 | ffd0 4883 | c408 e90c 

  0x00000214253b5e68: ;   {runtime_call}
  0x00000214253b5e68: 0000 0048 | b850 4b00 | 93fd 7f00 | 00ff d048 | 83c4 2048 | 8b45 f849 | c787 9803 | 0000 0000 
  0x00000214253b5e88: 0000 49c7 | 87a0 0300 | 0000 0000 | 00c5 f877 | 4885 c00f | 8425 0000 | 00a8 030f | 8508 0000 
  0x00000214253b5ea8: 0048 8b00 | e915 0000 | 00a8 010f | 8509 0000 | 0048 8b40 | fee9 0400 | 0000 488b | 40ff 498b 
  0x00000214253b5ec8: 8f28 0400 | 00c7 8100 | 0100 0000 | 0000 00c9 | 4983 7f08 | 000f 8501 | 0000 00c3 

  0x00000214253b5ee4: ;   {runtime_call StubRoutines (initial stubs)}
  0x00000214253b5ee4: e917 b09e | ffc5 f877 | 4889 45f8 | 4c8b e448 | 83ec 2048 

  0x00000214253b5ef8: ;   {runtime_call}
  0x00000214253b5ef8: 83e4 f048 | b830 8300 | 93fd 7f00 | 00ff d049 | 8be4 4d33 | e448 8b45 | f8e9 09ff | ffff f4f4 
[/MachCode]


---------------  P R O C E S S  ---------------

Threads class SMR info:
_java_thread_list=0x0000021479296670, length=26, elements={
0x000002141828b440, 0x000002141a56dbd0, 0x000002141a56ef60, 0x000002141a571f50,
0x000002141a572ba0, 0x000002141a5737f0, 0x000002141a576250, 0x000002141a577080,
0x000002141a5e1910, 0x00000214770454d0, 0x0000021477265f90, 0x00000214779af5d0,
0x0000021477b83810, 0x000002147780ab90, 0x0000021477295780, 0x000002147764d520,
0x0000021477e7f1f0, 0x0000021477eaca10, 0x0000021477efd410, 0x0000021477efc060,
0x0000021477efc6f0, 0x0000021477efee50, 0x0000021477efdaa0, 0x0000021477eff4e0,
0x0000021477efe7c0, 0x0000021477efcd80
}

Java Threads: ( => current thread )
=>0x000002141828b440 JavaThread "main"                              [_thread_in_vm, id=13744, stack(0x000000a3d5400000,0x000000a3d5500000) (1024K)]
  0x000002141a56dbd0 JavaThread "Reference Handler"          daemon [_thread_blocked, id=1776, stack(0x000000a3d5800000,0x000000a3d5900000) (1024K)]
  0x000002141a56ef60 JavaThread "Finalizer"                  daemon [_thread_blocked, id=8164, stack(0x000000a3d5900000,0x000000a3d5a00000) (1024K)]
  0x000002141a571f50 JavaThread "Signal Dispatcher"          daemon [_thread_blocked, id=6572, stack(0x000000a3d5a00000,0x000000a3d5b00000) (1024K)]
  0x000002141a572ba0 JavaThread "Attach Listener"            daemon [_thread_blocked, id=10636, stack(0x000000a3d5b00000,0x000000a3d5c00000) (1024K)]
  0x000002141a5737f0 JavaThread "Service Thread"             daemon [_thread_blocked, id=12972, stack(0x000000a3d5c00000,0x000000a3d5d00000) (1024K)]
  0x000002141a576250 JavaThread "Monitor Deflation Thread"   daemon [_thread_blocked, id=9460, stack(0x000000a3d5d00000,0x000000a3d5e00000) (1024K)]
  0x000002141a577080 JavaThread "C2 CompilerThread0"         daemon [_thread_blocked, id=11780, stack(0x000000a3d5e00000,0x000000a3d5f00000) (1024K)]
  0x000002141a5e1910 JavaThread "C1 CompilerThread0"         daemon [_thread_blocked, id=13328, stack(0x000000a3d5f00000,0x000000a3d6000000) (1024K)]
  0x00000214770454d0 JavaThread "Common-Cleaner"             daemon [_thread_blocked, id=13228, stack(0x000000a3d6000000,0x000000a3d6100000) (1024K)]
  0x0000021477265f90 JavaThread "Notification Thread"        daemon [_thread_blocked, id=596, stack(0x000000a3d6100000,0x000000a3d6200000) (1024K)]
  0x00000214779af5d0 JavaThread "Active Thread: Equinox Container: 2ff4b46b-ab7a-4dfe-bb31-e499518afe1c"        [_thread_blocked, id=11744, stack(0x000000a3d6600000,0x000000a3d6700000) (1024K)]
  0x0000021477b83810 JavaThread "Framework Event Dispatcher: Equinox Container: 2ff4b46b-ab7a-4dfe-bb31-e499518afe1c" daemon [_thread_blocked, id=13424, stack(0x000000a3d6200000,0x000000a3d6300000) (1024K)]
  0x000002147780ab90 JavaThread "Start Level: Equinox Container: 2ff4b46b-ab7a-4dfe-bb31-e499518afe1c" daemon [_thread_blocked, id=10984, stack(0x000000a3d6700000,0x000000a3d6800000) (1024K)]
  0x0000021477295780 JavaThread "SCR Component Actor"        daemon [_thread_blocked, id=10584, stack(0x000000a3d6800000,0x000000a3d6900000) (1024K)]
  0x000002147764d520 JavaThread "Worker-JM"                         [_thread_blocked, id=10516, stack(0x000000a3d6a00000,0x000000a3d6b00000) (1024K)]
  0x0000021477e7f1f0 JavaThread "JNA Cleaner"                daemon [_thread_blocked, id=7680, stack(0x000000a3d6b00000,0x000000a3d6c00000) (1024K)]
  0x0000021477eaca10 JavaThread "Worker-0"                          [_thread_blocked, id=2928, stack(0x000000a3d6c00000,0x000000a3d6d00000) (1024K)]
  0x0000021477efd410 JavaThread "Worker-1"                          [_thread_blocked, id=2204, stack(0x000000a3d6d00000,0x000000a3d6e00000) (1024K)]
  0x0000021477efc060 JavaThread "Thread-2"                   daemon [_thread_in_native, id=7344, stack(0x000000a3d7000000,0x000000a3d7100000) (1024K)]
  0x0000021477efc6f0 JavaThread "Thread-3"                   daemon [_thread_in_native, id=13432, stack(0x000000a3d7100000,0x000000a3d7200000) (1024K)]
  0x0000021477efee50 JavaThread "Thread-4"                   daemon [_thread_in_native, id=11364, stack(0x000000a3d7200000,0x000000a3d7300000) (1024K)]
  0x0000021477efdaa0 JavaThread "Thread-5"                   daemon [_thread_in_native, id=3784, stack(0x000000a3d7300000,0x000000a3d7400000) (1024K)]
  0x0000021477eff4e0 JavaThread "Thread-6"                   daemon [_thread_in_native, id=13860, stack(0x000000a3d7400000,0x000000a3d7500000) (1024K)]
  0x0000021477efe7c0 JavaThread "pool-2-thread-1"                   [_thread_blocked, id=3680, stack(0x000000a3d7500000,0x000000a3d7600000) (1024K)]
  0x0000021477efcd80 JavaThread "Worker-2"                          [_thread_blocked, id=13416, stack(0x000000a3d6900000,0x000000a3d6a00000) (1024K)]
Total: 26

Other Threads:
  0x000002141a54ee30 VMThread "VM Thread"                           [id=3336, stack(0x000000a3d5700000,0x000000a3d5800000) (1024K)] _threads_hazard_ptr=0x0000021479296670
  0x000002141a6e9810 WatcherThread "VM Periodic Task Thread"        [id=12208, stack(0x000000a3d5600000,0x000000a3d5700000) (1024K)]
  0x000002141a69ea30 WorkerThread "GC Thread#0"                     [id=8752, stack(0x000000a3d5500000,0x000000a3d5600000) (1024K)]
  0x0000021477841c90 WorkerThread "GC Thread#1"                     [id=8112, stack(0x000000a3d6300000,0x000000a3d6400000) (1024K)]
  0x0000021477842030 WorkerThread "GC Thread#2"                     [id=12804, stack(0x000000a3d6400000,0x000000a3d6500000) (1024K)]
  0x00000214778423d0 WorkerThread "GC Thread#3"                     [id=13088, stack(0x000000a3d6500000,0x000000a3d6600000) (1024K)]
Total: 6

Threads with active compile tasks:
Total: 0

VM state: synchronizing (normal execution)

VM Mutex/Monitor currently owned by a thread:  ([mutex/lock_event])
[0x00007ffd9357c308] Metaspace_lock - owner thread: 0x000002141828b440
[0x00007ffd9357e308] Threads_lock - owner thread: 0x000002141a54ee30

Heap address: 0x0000000080000000, size: 2048 MB, Compressed Oops mode: 32-bit

CDS archive(s) mapped at: [0x0000021431000000-0x0000021431ba0000-0x0000021431ba0000), size 12189696, SharedBaseAddress: 0x0000021431000000, ArchiveRelocationMode: 1.
Compressed class space mapped at: 0x0000021432000000-0x0000021472000000, reserved size: 1073741824
Narrow klass base: 0x0000021431000000, Narrow klass shift: 0, Narrow klass range: 0x100000000

GC Precious Log:
 CardTable entry size: 512
 CPUs: 4 total, 4 available
 Memory: 8073M
 Large Page Support: Disabled
 NUMA Support: Disabled
 Compressed Oops: Enabled (32-bit)
 Alignments: Space 512K, Generation 512K, Heap 2M
 Heap Min Capacity: 100M
 Heap Initial Capacity: 100M
 Heap Max Capacity: 2G
 Pre-touch: Disabled
 Parallel Workers: 4

Heap:
 PSYoungGen      total 27136K, used 14244K [0x00000000d5580000, 0x00000000d7600000, 0x0000000100000000)
  eden space 23552K, 45% used [0x00000000d5580000,0x00000000d5ff1238,0x00000000d6c80000)
  from space 3584K, 99% used [0x00000000d7100000,0x00000000d7478158,0x00000000d7480000)
  to   space 4608K, 0% used [0x00000000d6c80000,0x00000000d6c80000,0x00000000d7100000)
 ParOldGen       total 68608K, used 9925K [0x0000000080000000, 0x0000000084300000, 0x00000000d5580000)
  object space 68608K, 14% used [0x0000000080000000,0x00000000809b1600,0x0000000084300000)
 Metaspace       used 28387K, committed 29248K, reserved 1114112K
  class space    used 2773K, committed 3200K, reserved 1048576K

Card table byte_map: [0x000002141a020000,0x000002141a430000] _byte_map_base: 0x0000021419c20000

Marking Bits: (ParMarkBitMap*) 0x00007ffd935831f0
 Begin Bits: [0x000002142cb20000, 0x000002142eb20000)
 End Bits:   [0x000002142eb20000, 0x0000021430b20000)

Polling page: 0x0000021418500000

Metaspace:

Usage:
  Non-class:     25.01 MB used.
      Class:      2.71 MB used.
       Both:     27.72 MB used.

Virtual space:
  Non-class space:       64.00 MB reserved,      25.44 MB ( 40%) committed,  1 nodes.
      Class space:        1.00 GB reserved,       3.12 MB ( <1%) committed,  1 nodes.
             Both:        1.06 GB reserved,      28.56 MB (  3%) committed. 

Chunk freelists:
   Non-Class:  6.55 MB
       Class:  12.80 MB
        Both:  19.34 MB

MaxMetaspaceSize: unlimited
CompressedClassSpaceSize: 1.00 GB
Initial GC threshold: 21.00 MB
Current GC threshold: 35.00 MB
CDS: on
 - commit_granule_bytes: 65536.
 - commit_granule_words: 8192.
 - virtual_space_node_default_size: 8388608.
 - enlarge_chunks_in_place: 1.
 - use_allocation_guard: 0.


Internal statistics:

num_allocs_failed_limit: 3.
num_arena_births: 558.
num_arena_deaths: 14.
num_vsnodes_births: 2.
num_vsnodes_deaths: 0.
num_space_committed: 457.
num_space_uncommitted: 0.
num_chunks_returned_to_freelist: 17.
num_chunks_taken_from_freelist: 1662.
num_chunk_merges: 9.
num_chunk_splits: 1086.
num_chunks_enlarged: 706.
num_inconsistent_stats: 0.

CodeHeap 'non-profiled nmethods': size=120000Kb used=1641Kb max_used=1641Kb free=118358Kb
 bounds [0x0000021425340000, 0x00000214255b0000, 0x000002142c870000]
CodeHeap 'profiled nmethods': size=120000Kb used=6748Kb max_used=6748Kb free=113251Kb
 bounds [0x000002141d870000, 0x000002141df10000, 0x0000021424da0000]
CodeHeap 'non-nmethods': size=5760Kb used=1339Kb max_used=1374Kb free=4420Kb
 bounds [0x0000021424da0000, 0x0000021425010000, 0x0000021425340000]
 total_blobs=4016 nmethods=3385 adapters=537
 compilation: enabled
              stopped_count=0, restarted_count=0
 full_count=0

Compilation events (20 events):
Event: 16.121 Thread 0x000002141a5e1910 3381       1       java.util.logging.LogManager$LoggerContext::getOwner (5 bytes)
Event: 16.121 Thread 0x000002141a5e1910 nmethod 3381 0x00000214254d5c10 code [0x00000214254d5da0, 0x00000214254d5e68]
Event: 16.125 Thread 0x000002141a5e1910 3382       3       sun.reflect.generics.parser.SignatureParser::parseTypeArguments (109 bytes)
Event: 16.126 Thread 0x000002141a5e1910 nmethod 3382 0x000002141df01c10 code [0x000002141df01ee0, 0x000002141df02b88]
Event: 16.126 Thread 0x000002141a5e1910 3383       3       java.lang.reflect.AccessibleObject::checkPermission (16 bytes)
Event: 16.127 Thread 0x000002141a5e1910 nmethod 3383 0x000002141df03010 code [0x000002141df031c0, 0x000002141df03390]
Event: 16.127 Thread 0x000002141a5e1910 3384       3       java.lang.reflect.AccessibleObject::checkCanSetAccessible (9 bytes)
Event: 16.127 Thread 0x000002141a5e1910 nmethod 3384 0x000002141df03490 code [0x000002141df03640, 0x000002141df03780]
Event: 16.127 Thread 0x000002141a5e1910 3385       3       java.lang.reflect.AccessibleObject::checkCanSetAccessible (195 bytes)
Event: 16.129 Thread 0x000002141a5e1910 nmethod 3385 0x000002141df03810 code [0x000002141df03ba0, 0x000002141df05178]
Event: 16.130 Thread 0x000002141a5e1910 3386       1       java.lang.reflect.Method::getSharedExceptionTypes (5 bytes)
Event: 16.130 Thread 0x000002141a5e1910 nmethod 3386 0x00000214254d5f10 code [0x00000214254d60a0, 0x00000214254d6168]
Event: 16.134 Thread 0x000002141a5e1910 3388       3       java.lang.reflect.Executable::isVarArgs (17 bytes)
Event: 16.134 Thread 0x000002141a5e1910 nmethod 3388 0x000002141df05890 code [0x000002141df05a40, 0x000002141df05c60]
Event: 16.134 Thread 0x000002141a5e1910 3389       3       jdk.internal.org.objectweb.asm.MethodWriter::visitTryCatchBlock (67 bytes)
Event: 16.135 Thread 0x000002141a5e1910 nmethod 3389 0x000002141df05d10 code [0x000002141df05ee0, 0x000002141df06380]
Event: 16.136 Thread 0x000002141a5e1910 3390       3       jdk.internal.org.objectweb.asm.SymbolTable::addConstantUtf8 (98 bytes)
Event: 16.137 Thread 0x000002141a5e1910 nmethod 3390 0x000002141df06590 code [0x000002141df067c0, 0x000002141df06da0]
Event: 16.144 Thread 0x000002141a577080 nmethod 3380 0x00000214254d6210 code [0x00000214254d6420, 0x00000214254d7130]
Event: 16.144 Thread 0x000002141a577080 3387       4       jdk.internal.org.objectweb.asm.SymbolTable::addConstantClass (8 bytes)

GC Heap History (18 events):
Event: 3.476 GC heap before
{Heap before GC invocations=1 (full 0):
 PSYoungGen      total 29696K, used 25600K [0x00000000d5580000, 0x00000000d7680000, 0x0000000100000000)
  eden space 25600K, 100% used [0x00000000d5580000,0x00000000d6e80000,0x00000000d6e80000)
  from space 4096K, 0% used [0x00000000d7280000,0x00000000d7280000,0x00000000d7680000)
  to   space 4096K, 0% used [0x00000000d6e80000,0x00000000d6e80000,0x00000000d7280000)
 ParOldGen       total 68608K, used 0K [0x0000000080000000, 0x0000000084300000, 0x00000000d5580000)
  object space 68608K, 0% used [0x0000000080000000,0x0000000080000000,0x0000000084300000)
 Metaspace       used 4336K, committed 4608K, reserved 1114112K
  class space    used 460K, committed 576K, reserved 1048576K
}
Event: 3.525 GC heap after
{Heap after GC invocations=1 (full 0):
 PSYoungGen      total 29696K, used 3311K [0x00000000d5580000, 0x00000000d7680000, 0x0000000100000000)
  eden space 25600K, 0% used [0x00000000d5580000,0x00000000d5580000,0x00000000d6e80000)
  from space 4096K, 80% used [0x00000000d6e80000,0x00000000d71bbf18,0x00000000d7280000)
  to   space 4096K, 0% used [0x00000000d7280000,0x00000000d7280000,0x00000000d7680000)
 ParOldGen       total 68608K, used 0K [0x0000000080000000, 0x0000000084300000, 0x00000000d5580000)
  object space 68608K, 0% used [0x0000000080000000,0x0000000080000000,0x0000000084300000)
 Metaspace       used 4336K, committed 4608K, reserved 1114112K
  class space    used 460K, committed 576K, reserved 1048576K
}
Event: 6.541 GC heap before
{Heap before GC invocations=2 (full 0):
 PSYoungGen      total 29696K, used 28911K [0x00000000d5580000, 0x00000000d7680000, 0x0000000100000000)
  eden space 25600K, 100% used [0x00000000d5580000,0x00000000d6e80000,0x00000000d6e80000)
  from space 4096K, 80% used [0x00000000d6e80000,0x00000000d71bbf18,0x00000000d7280000)
  to   space 4096K, 0% used [0x00000000d7280000,0x00000000d7280000,0x00000000d7680000)
 ParOldGen       total 68608K, used 0K [0x0000000080000000, 0x0000000084300000, 0x00000000d5580000)
  object space 68608K, 0% used [0x0000000080000000,0x0000000080000000,0x0000000084300000)
 Metaspace       used 8191K, committed 8512K, reserved 1114112K
  class space    used 847K, committed 1024K, reserved 1048576K
}
Event: 6.548 GC heap after
{Heap after GC invocations=2 (full 0):
 PSYoungGen      total 29696K, used 4069K [0x00000000d5580000, 0x00000000d7680000, 0x0000000100000000)
  eden space 25600K, 0% used [0x00000000d5580000,0x00000000d5580000,0x00000000d6e80000)
  from space 4096K, 99% used [0x00000000d7280000,0x00000000d76795d0,0x00000000d7680000)
  to   space 4096K, 0% used [0x00000000d6e80000,0x00000000d6e80000,0x00000000d7280000)
 ParOldGen       total 68608K, used 907K [0x0000000080000000, 0x0000000084300000, 0x00000000d5580000)
  object space 68608K, 1% used [0x0000000080000000,0x00000000800e2ec8,0x0000000084300000)
 Metaspace       used 8191K, committed 8512K, reserved 1114112K
  class space    used 847K, committed 1024K, reserved 1048576K
}
Event: 8.056 GC heap before
{Heap before GC invocations=3 (full 0):
 PSYoungGen      total 29696K, used 29669K [0x00000000d5580000, 0x00000000d7680000, 0x0000000100000000)
  eden space 25600K, 100% used [0x00000000d5580000,0x00000000d6e80000,0x00000000d6e80000)
  from space 4096K, 99% used [0x00000000d7280000,0x00000000d76795d0,0x00000000d7680000)
  to   space 4096K, 0% used [0x00000000d6e80000,0x00000000d6e80000,0x00000000d7280000)
 ParOldGen       total 68608K, used 907K [0x0000000080000000, 0x0000000084300000, 0x00000000d5580000)
  object space 68608K, 1% used [0x0000000080000000,0x00000000800e2ec8,0x0000000084300000)
 Metaspace       used 12935K, committed 13440K, reserved 1114112K
  class space    used 1335K, committed 1536K, reserved 1048576K
}
Event: 8.077 GC heap after
{Heap after GC invocations=3 (full 0):
 PSYoungGen      total 29696K, used 4085K [0x00000000d5580000, 0x00000000d7680000, 0x0000000100000000)
  eden space 25600K, 0% used [0x00000000d5580000,0x00000000d5580000,0x00000000d6e80000)
  from space 4096K, 99% used [0x00000000d6e80000,0x00000000d727d4e8,0x00000000d7280000)
  to   space 4096K, 0% used [0x00000000d7280000,0x00000000d7280000,0x00000000d7680000)
 ParOldGen       total 68608K, used 2727K [0x0000000080000000, 0x0000000084300000, 0x00000000d5580000)
  object space 68608K, 3% used [0x0000000080000000,0x00000000802a9f70,0x0000000084300000)
 Metaspace       used 12935K, committed 13440K, reserved 1114112K
  class space    used 1335K, committed 1536K, reserved 1048576K
}
Event: 10.384 GC heap before
{Heap before GC invocations=4 (full 0):
 PSYoungGen      total 29696K, used 29685K [0x00000000d5580000, 0x00000000d7680000, 0x0000000100000000)
  eden space 25600K, 100% used [0x00000000d5580000,0x00000000d6e80000,0x00000000d6e80000)
  from space 4096K, 99% used [0x00000000d6e80000,0x00000000d727d4e8,0x00000000d7280000)
  to   space 4096K, 0% used [0x00000000d7280000,0x00000000d7280000,0x00000000d7680000)
 ParOldGen       total 68608K, used 2727K [0x0000000080000000, 0x0000000084300000, 0x00000000d5580000)
  object space 68608K, 3% used [0x0000000080000000,0x00000000802a9f70,0x0000000084300000)
 Metaspace       used 16787K, committed 17472K, reserved 1114112K
  class space    used 1716K, committed 1984K, reserved 1048576K
}
Event: 10.392 GC heap after
{Heap after GC invocations=4 (full 0):
 PSYoungGen      total 29696K, used 4094K [0x00000000d5580000, 0x00000000d7680000, 0x0000000100000000)
  eden space 25600K, 0% used [0x00000000d5580000,0x00000000d5580000,0x00000000d6e80000)
  from space 4096K, 99% used [0x00000000d7280000,0x00000000d767f8a0,0x00000000d7680000)
  to   space 4096K, 0% used [0x00000000d6e80000,0x00000000d6e80000,0x00000000d7280000)
 ParOldGen       total 68608K, used 4840K [0x0000000080000000, 0x0000000084300000, 0x00000000d5580000)
  object space 68608K, 7% used [0x0000000080000000,0x00000000804ba280,0x0000000084300000)
 Metaspace       used 16787K, committed 17472K, reserved 1114112K
  class space    used 1716K, committed 1984K, reserved 1048576K
}
Event: 11.070 GC heap before
{Heap before GC invocations=5 (full 0):
 PSYoungGen      total 29696K, used 29694K [0x00000000d5580000, 0x00000000d7680000, 0x0000000100000000)
  eden space 25600K, 100% used [0x00000000d5580000,0x00000000d6e80000,0x00000000d6e80000)
  from space 4096K, 99% used [0x00000000d7280000,0x00000000d767f8a0,0x00000000d7680000)
  to   space 4096K, 0% used [0x00000000d6e80000,0x00000000d6e80000,0x00000000d7280000)
 ParOldGen       total 68608K, used 4840K [0x0000000080000000, 0x0000000084300000, 0x00000000d5580000)
  object space 68608K, 7% used [0x0000000080000000,0x00000000804ba280,0x0000000084300000)
 Metaspace       used 20019K, committed 20736K, reserved 1114112K
  class space    used 1931K, committed 2304K, reserved 1048576K
}
Event: 11.085 GC heap after
{Heap after GC invocations=5 (full 0):
 PSYoungGen      total 29184K, used 4069K [0x00000000d5580000, 0x00000000d7800000, 0x0000000100000000)
  eden space 25088K, 0% used [0x00000000d5580000,0x00000000d5580000,0x00000000d6e00000)
  from space 4096K, 99% used [0x00000000d6e80000,0x00000000d72797e8,0x00000000d7280000)
  to   space 5120K, 0% used [0x00000000d7300000,0x00000000d7300000,0x00000000d7800000)
 ParOldGen       total 68608K, used 5115K [0x0000000080000000, 0x0000000084300000, 0x00000000d5580000)
  object space 68608K, 7% used [0x0000000080000000,0x00000000804feee0,0x0000000084300000)
 Metaspace       used 20019K, committed 20736K, reserved 1114112K
  class space    used 1931K, committed 2304K, reserved 1048576K
}
Event: 11.182 GC heap before
{Heap before GC invocations=6 (full 0):
 PSYoungGen      total 29184K, used 11265K [0x00000000d5580000, 0x00000000d7800000, 0x0000000100000000)
  eden space 25088K, 28% used [0x00000000d5580000,0x00000000d5c86f08,0x00000000d6e00000)
  from space 4096K, 99% used [0x00000000d6e80000,0x00000000d72797e8,0x00000000d7280000)
  to   space 5120K, 0% used [0x00000000d7300000,0x00000000d7300000,0x00000000d7800000)
 ParOldGen       total 68608K, used 5115K [0x0000000080000000, 0x0000000084300000, 0x00000000d5580000)
  object space 68608K, 7% used [0x0000000080000000,0x00000000804feee0,0x0000000084300000)
 Metaspace       used 20801K, committed 21504K, reserved 1114112K
  class space    used 1990K, committed 2304K, reserved 1048576K
}
Event: 11.188 GC heap after
{Heap after GC invocations=6 (full 0):
 PSYoungGen      total 29696K, used 4422K [0x00000000d5580000, 0x00000000d7780000, 0x0000000100000000)
  eden space 25088K, 0% used [0x00000000d5580000,0x00000000d5580000,0x00000000d6e00000)
  from space 4608K, 95% used [0x00000000d7300000,0x00000000d7751910,0x00000000d7780000)
  to   space 4608K, 0% used [0x00000000d6e80000,0x00000000d6e80000,0x00000000d7300000)
 ParOldGen       total 68608K, used 5115K [0x0000000080000000, 0x0000000084300000, 0x00000000d5580000)
  object space 68608K, 7% used [0x0000000080000000,0x00000000804feee0,0x0000000084300000)
 Metaspace       used 20801K, committed 21504K, reserved 1114112K
  class space    used 1990K, committed 2304K, reserved 1048576K
}
Event: 11.188 GC heap before
{Heap before GC invocations=7 (full 1):
 PSYoungGen      total 29696K, used 4422K [0x00000000d5580000, 0x00000000d7780000, 0x0000000100000000)
  eden space 25088K, 0% used [0x00000000d5580000,0x00000000d5580000,0x00000000d6e00000)
  from space 4608K, 95% used [0x00000000d7300000,0x00000000d7751910,0x00000000d7780000)
  to   space 4608K, 0% used [0x00000000d6e80000,0x00000000d6e80000,0x00000000d7300000)
 ParOldGen       total 68608K, used 5115K [0x0000000080000000, 0x0000000084300000, 0x00000000d5580000)
  object space 68608K, 7% used [0x0000000080000000,0x00000000804feee0,0x0000000084300000)
 Metaspace       used 20801K, committed 21504K, reserved 1114112K
  class space    used 1990K, committed 2304K, reserved 1048576K
}
Event: 11.230 GC heap after
{Heap after GC invocations=7 (full 1):
 PSYoungGen      total 29696K, used 0K [0x00000000d5580000, 0x00000000d7780000, 0x0000000100000000)
  eden space 25088K, 0% used [0x00000000d5580000,0x00000000d5580000,0x00000000d6e00000)
  from space 4608K, 0% used [0x00000000d7300000,0x00000000d7300000,0x00000000d7780000)
  to   space 4608K, 0% used [0x00000000d6e80000,0x00000000d6e80000,0x00000000d7300000)
 ParOldGen       total 68608K, used 9279K [0x0000000080000000, 0x0000000084300000, 0x00000000d5580000)
  object space 68608K, 13% used [0x0000000080000000,0x000000008090fe28,0x0000000084300000)
 Metaspace       used 20788K, committed 21504K, reserved 1114112K
  class space    used 1986K, committed 2304K, reserved 1048576K
}
Event: 13.519 GC heap before
{Heap before GC invocations=8 (full 1):
 PSYoungGen      total 29696K, used 25088K [0x00000000d5580000, 0x00000000d7780000, 0x0000000100000000)
  eden space 25088K, 100% used [0x00000000d5580000,0x00000000d6e00000,0x00000000d6e00000)
  from space 4608K, 0% used [0x00000000d7300000,0x00000000d7300000,0x00000000d7780000)
  to   space 4608K, 0% used [0x00000000d6e80000,0x00000000d6e80000,0x00000000d7300000)
 ParOldGen       total 68608K, used 9279K [0x0000000080000000, 0x0000000084300000, 0x00000000d5580000)
  object space 68608K, 13% used [0x0000000080000000,0x000000008090fe28,0x0000000084300000)
 Metaspace       used 22918K, committed 23616K, reserved 1114112K
  class space    used 2164K, committed 2496K, reserved 1048576K
}
Event: 13.524 GC heap after
{Heap after GC invocations=8 (full 1):
 PSYoungGen      total 27136K, used 2556K [0x00000000d5580000, 0x00000000d7480000, 0x0000000100000000)
  eden space 24576K, 0% used [0x00000000d5580000,0x00000000d5580000,0x00000000d6d80000)
  from space 2560K, 99% used [0x00000000d6e80000,0x00000000d70ff2b0,0x00000000d7100000)
  to   space 3584K, 0% used [0x00000000d7100000,0x00000000d7100000,0x00000000d7480000)
 ParOldGen       total 68608K, used 9287K [0x0000000080000000, 0x0000000084300000, 0x00000000d5580000)
  object space 68608K, 13% used [0x0000000080000000,0x0000000080911e28,0x0000000084300000)
 Metaspace       used 22918K, committed 23616K, reserved 1114112K
  class space    used 2164K, committed 2496K, reserved 1048576K
}
Event: 15.375 GC heap before
{Heap before GC invocations=9 (full 1):
 PSYoungGen      total 27136K, used 27127K [0x00000000d5580000, 0x00000000d7480000, 0x0000000100000000)
  eden space 24576K, 99% used [0x00000000d5580000,0x00000000d6d7eaa0,0x00000000d6d80000)
  from space 2560K, 99% used [0x00000000d6e80000,0x00000000d70ff2b0,0x00000000d7100000)
  to   space 3584K, 0% used [0x00000000d7100000,0x00000000d7100000,0x00000000d7480000)
 ParOldGen       total 68608K, used 9287K [0x0000000080000000, 0x0000000084300000, 0x00000000d5580000)
  object space 68608K, 13% used [0x0000000080000000,0x0000000080911e28,0x0000000084300000)
 Metaspace       used 26730K, committed 27584K, reserved 1114112K
  class space    used 2568K, committed 2944K, reserved 1048576K
}
Event: 15.380 GC heap after
{Heap after GC invocations=9 (full 1):
 PSYoungGen      total 27136K, used 3552K [0x00000000d5580000, 0x00000000d7600000, 0x0000000100000000)
  eden space 23552K, 0% used [0x00000000d5580000,0x00000000d5580000,0x00000000d6c80000)
  from space 3584K, 99% used [0x00000000d7100000,0x00000000d7478158,0x00000000d7480000)
  to   space 4608K, 0% used [0x00000000d6c80000,0x00000000d6c80000,0x00000000d7100000)
 ParOldGen       total 68608K, used 9925K [0x0000000080000000, 0x0000000084300000, 0x00000000d5580000)
  object space 68608K, 14% used [0x0000000080000000,0x00000000809b1600,0x0000000084300000)
 Metaspace       used 26730K, committed 27584K, reserved 1114112K
  class space    used 2568K, committed 2944K, reserved 1048576K
}

Dll operation events (10 events):
Event: 0.070 Loaded shared library c:\Users\edhim\.vscode\extensions\redhat.java-1.43.0-win32-x64\jre\21.0.7-win32-x86_64\bin\java.dll
Event: 0.252 Loaded shared library c:\Users\edhim\.vscode\extensions\redhat.java-1.43.0-win32-x64\jre\21.0.7-win32-x86_64\bin\zip.dll
Event: 0.345 Loaded shared library C:\Users\edhim\.vscode\extensions\redhat.java-1.43.0-win32-x64\jre\21.0.7-win32-x86_64\bin\instrument.dll
Event: 0.378 Loaded shared library C:\Users\edhim\.vscode\extensions\redhat.java-1.43.0-win32-x64\jre\21.0.7-win32-x86_64\bin\net.dll
Event: 0.382 Loaded shared library C:\Users\edhim\.vscode\extensions\redhat.java-1.43.0-win32-x64\jre\21.0.7-win32-x86_64\bin\nio.dll
Event: 0.386 Loaded shared library C:\Users\edhim\.vscode\extensions\redhat.java-1.43.0-win32-x64\jre\21.0.7-win32-x86_64\bin\zip.dll
Event: 0.461 Loaded shared library C:\Users\edhim\.vscode\extensions\redhat.java-1.43.0-win32-x64\jre\21.0.7-win32-x86_64\bin\jimage.dll
Event: 1.006 Loaded shared library c:\Users\edhim\.vscode\extensions\redhat.java-1.43.0-win32-x64\jre\21.0.7-win32-x86_64\bin\verify.dll
Event: 6.435 Loaded shared library C:\Users\edhim\AppData\Roaming\Code\User\globalStorage\redhat.java\1.43.0\config_ss_win\org.eclipse.equinox.launcher\org.eclipse.equinox.launcher.win32.win32.x86_64_1.2.1300.v20250331-1702\eclipse_11911.dll
Event: 9.563 Loaded shared library C:\Users\edhim\AppData\Local\Temp\jna--1316540214\jna15311603947800916737.dll

Deoptimization events (20 events):
Event: 15.770 Thread 0x000002141828b440 Uncommon trap: trap_request=0xffffffde fr.pc=0x00000214254cd85c relative=0x000000000000013c
Event: 15.770 Thread 0x000002141828b440 Uncommon trap: reason=class_check action=maybe_recompile pc=0x00000214254cd85c method=jdk.internal.misc.Unsafe.allocateUninitializedArray(Ljava/lang/Class;I)Ljava/lang/Object; @ 51 c2
Event: 15.770 Thread 0x000002141828b440 DEOPT PACKING pc=0x00000214254cd85c sp=0x000000a3d54fcf00
Event: 15.770 Thread 0x000002141828b440 DEOPT UNPACKING pc=0x0000021424df3aa2 sp=0x000000a3d54fce78 mode 2
Event: 15.772 Thread 0x000002141828b440 Uncommon trap: trap_request=0xffffffde fr.pc=0x00000214254cd85c relative=0x000000000000013c
Event: 15.772 Thread 0x000002141828b440 Uncommon trap: reason=class_check action=maybe_recompile pc=0x00000214254cd85c method=jdk.internal.misc.Unsafe.allocateUninitializedArray(Ljava/lang/Class;I)Ljava/lang/Object; @ 51 c2
Event: 15.772 Thread 0x000002141828b440 DEOPT PACKING pc=0x00000214254cd85c sp=0x000000a3d54fe500
Event: 15.772 Thread 0x000002141828b440 DEOPT UNPACKING pc=0x0000021424df3aa2 sp=0x000000a3d54fe478 mode 2
Event: 15.772 Thread 0x000002141828b440 Uncommon trap: trap_request=0xffffffde fr.pc=0x00000214254cd85c relative=0x000000000000013c
Event: 15.772 Thread 0x000002141828b440 Uncommon trap: reason=class_check action=maybe_recompile pc=0x00000214254cd85c method=jdk.internal.misc.Unsafe.allocateUninitializedArray(Ljava/lang/Class;I)Ljava/lang/Object; @ 51 c2
Event: 15.772 Thread 0x000002141828b440 DEOPT PACKING pc=0x00000214254cd85c sp=0x000000a3d54fd130
Event: 15.772 Thread 0x000002141828b440 DEOPT UNPACKING pc=0x0000021424df3aa2 sp=0x000000a3d54fd0a8 mode 2
Event: 15.919 Thread 0x000002141828b440 Uncommon trap: trap_request=0xffffff45 fr.pc=0x0000021425467f4c relative=0x000000000000036c
Event: 15.919 Thread 0x000002141828b440 Uncommon trap: reason=unstable_if action=reinterpret pc=0x0000021425467f4c method=java.util.regex.Pattern$BmpCharPropertyGreedy.match(Ljava/util/regex/Matcher;ILjava/lang/CharSequence;)Z @ 12 c2
Event: 15.919 Thread 0x000002141828b440 DEOPT PACKING pc=0x0000021425467f4c sp=0x000000a3d54fcfa0
Event: 15.919 Thread 0x000002141828b440 DEOPT UNPACKING pc=0x0000021424df3aa2 sp=0x000000a3d54fcf38 mode 2
Event: 16.135 Thread 0x000002141828b440 Uncommon trap: trap_request=0xffffff45 fr.pc=0x00000214253f5d18 relative=0x00000000000008d8
Event: 16.135 Thread 0x000002141828b440 Uncommon trap: reason=unstable_if action=reinterpret pc=0x00000214253f5d18 method=jdk.internal.org.objectweb.asm.SymbolTable.put(Ljdk/internal/org/objectweb/asm/SymbolTable$Entry;)Ljdk/internal/org/objectweb/asm/SymbolTable$Entry; @ 13 c2
Event: 16.135 Thread 0x000002141828b440 DEOPT PACKING pc=0x00000214253f5d18 sp=0x000000a3d54fe390
Event: 16.135 Thread 0x000002141828b440 DEOPT UNPACKING pc=0x0000021424df3aa2 sp=0x000000a3d54fe2a8 mode 2

Classes loaded (20 events):
Event: 15.493 Loading class sun/reflect/generics/tree/BottomSignature
Event: 15.493 Loading class sun/reflect/generics/tree/BottomSignature done
Event: 15.493 Loading class sun/reflect/generics/tree/Wildcard
Event: 15.494 Loading class sun/reflect/generics/tree/Wildcard done
Event: 15.494 Loading class sun/reflect/generics/reflectiveObjects/WildcardTypeImpl
Event: 15.494 Loading class java/lang/reflect/WildcardType
Event: 15.494 Loading class java/lang/reflect/WildcardType done
Event: 15.494 Loading class sun/reflect/generics/reflectiveObjects/WildcardTypeImpl done
Event: 15.923 Loading class java/math/BigDecimal
Event: 15.927 Loading class java/math/BigDecimal done
Event: 15.940 Loading class java/text/ParseException
Event: 15.940 Loading class java/text/ParseException done
Event: 15.975 Loading class java/util/BitSet
Event: 15.975 Loading class java/util/BitSet done
Event: 15.978 Loading class java/util/concurrent/atomic/AtomicIntegerArray
Event: 15.979 Loading class java/util/concurrent/atomic/AtomicIntegerArray done
Event: 15.982 Loading class java/util/Currency
Event: 15.985 Loading class java/util/Currency done
Event: 15.994 Loading class java/util/concurrent/atomic/AtomicLongArray
Event: 15.994 Loading class java/util/concurrent/atomic/AtomicLongArray done

Classes unloaded (7 events):
Event: 11.195 Thread 0x000002141a54ee30 Unloading class 0x0000021432188c00 'java/lang/invoke/LambdaForm$MH+0x0000021432188c00'
Event: 11.195 Thread 0x000002141a54ee30 Unloading class 0x0000021432188800 'java/lang/invoke/LambdaForm$MH+0x0000021432188800'
Event: 11.195 Thread 0x000002141a54ee30 Unloading class 0x0000021432188400 'java/lang/invoke/LambdaForm$MH+0x0000021432188400'
Event: 11.195 Thread 0x000002141a54ee30 Unloading class 0x0000021432188000 'java/lang/invoke/LambdaForm$MH+0x0000021432188000'
Event: 11.195 Thread 0x000002141a54ee30 Unloading class 0x0000021432187c00 'java/lang/invoke/LambdaForm$BMH+0x0000021432187c00'
Event: 11.195 Thread 0x000002141a54ee30 Unloading class 0x0000021432187800 'java/lang/invoke/LambdaForm$DMH+0x0000021432187800'
Event: 11.195 Thread 0x000002141a54ee30 Unloading class 0x0000021432186400 'java/lang/invoke/LambdaForm$DMH+0x0000021432186400'

Classes redefined (0 events):
No events

Internal exceptions (20 events):
Event: 14.806 Thread 0x0000021477eaca10 Exception <a 'sun/nio/fs/WindowsException'{0x00000000d68936a8}> (0x00000000d68936a8) 
thrown [s\src\hotspot\share\prims\jni.cpp, line 520]
Event: 14.807 Thread 0x0000021477eaca10 Exception <a 'sun/nio/fs/WindowsException'{0x00000000d6893cd8}> (0x00000000d6893cd8) 
thrown [s\src\hotspot\share\prims\jni.cpp, line 520]
Event: 14.811 Thread 0x0000021477eaca10 Exception <a 'sun/nio/fs/WindowsException'{0x00000000d6895048}> (0x00000000d6895048) 
thrown [s\src\hotspot\share\prims\jni.cpp, line 520]
Event: 14.811 Thread 0x0000021477eaca10 Exception <a 'sun/nio/fs/WindowsException'{0x00000000d6895678}> (0x00000000d6895678) 
thrown [s\src\hotspot\share\prims\jni.cpp, line 520]
Event: 14.811 Thread 0x0000021477eaca10 Exception <a 'sun/nio/fs/WindowsException'{0x00000000d68ff098}> (0x00000000d68ff098) 
thrown [s\src\hotspot\share\prims\jni.cpp, line 520]
Event: 14.811 Thread 0x0000021477eaca10 Exception <a 'sun/nio/fs/WindowsException'{0x00000000d68ff6c8}> (0x00000000d68ff6c8) 
thrown [s\src\hotspot\share\prims\jni.cpp, line 520]
Event: 14.814 Thread 0x0000021477eaca10 Exception <a 'sun/nio/fs/WindowsException'{0x00000000d6900048}> (0x00000000d6900048) 
thrown [s\src\hotspot\share\prims\jni.cpp, line 520]
Event: 14.815 Thread 0x0000021477eaca10 Exception <a 'sun/nio/fs/WindowsException'{0x00000000d6900678}> (0x00000000d6900678) 
thrown [s\src\hotspot\share\prims\jni.cpp, line 520]
Event: 14.816 Thread 0x0000021477eaca10 Exception <a 'sun/nio/fs/WindowsException'{0x00000000d6901c10}> (0x00000000d6901c10) 
thrown [s\src\hotspot\share\prims\jni.cpp, line 520]
Event: 14.819 Thread 0x0000021477eaca10 Exception <a 'sun/nio/fs/WindowsException'{0x00000000d6902240}> (0x00000000d6902240) 
thrown [s\src\hotspot\share\prims\jni.cpp, line 520]
Event: 14.950 Thread 0x0000021477eaca10 Exception <a 'java/lang/NoSuchMethodError'{0x00000000d6986e40}: 'void java.lang.invoke.DirectMethodHandle$Holder.invokeVirtual(java.lang.Object, java.lang.Object, java.lang.Object, java.lang.Object)'> (0x00000000d6986e40) 
thrown [s\src\hotspot\share\interpreter\linkResolver.cpp, line 773]
Event: 15.563 Thread 0x0000021477eaca10 Exception <a 'java/io/FileNotFoundException'{0x00000000d58a5548}> (0x00000000d58a5548) 
thrown [s\src\hotspot\share\prims\jni.cpp, line 520]
Event: 15.564 Thread 0x0000021477eaca10 Exception <a 'java/io/FileNotFoundException'{0x00000000d58a67d0}> (0x00000000d58a67d0) 
thrown [s\src\hotspot\share\prims\jni.cpp, line 520]
Event: 15.570 Thread 0x0000021477eaca10 Exception <a 'java/lang/NoSuchMethodError'{0x00000000d58dd538}: 'java.lang.Object java.lang.invoke.DirectMethodHandle$Holder.newInvokeSpecial(java.lang.Object, java.lang.Object, java.lang.Object, int)'> (0x00000000d58dd538) 
thrown [s\src\hotspot\share\interpreter\linkResolver.cpp, line 773]
Event: 15.571 Thread 0x0000021477eaca10 Exception <a 'java/lang/NoSuchMethodError'{0x00000000d58e1150}: 'java.lang.Object java.lang.invoke.DirectMethodHandle$Holder.invokeSpecial(java.lang.Object, java.lang.Object, java.lang.Object, java.lang.Object, int)'> (0x00000000d58e1150) 
thrown [s\src\hotspot\share\interpreter\linkResolver.cpp, line 773]
Event: 15.571 Thread 0x0000021477eaca10 Exception <a 'java/lang/NoSuchMethodError'{0x00000000d58e45e8}: 'java.lang.Object java.lang.invoke.Invokers$Holder.linkToTargetMethod(java.lang.Object, java.lang.Object, int, java.lang.Object)'> (0x00000000d58e45e8) 
thrown [s\src\hotspot\share\interpreter\linkResolver.cpp, line 773]
Event: 15.573 Thread 0x0000021477eaca10 Exception <a 'java/lang/NoSuchMethodError'{0x00000000d58efcf0}: 'void java.lang.invoke.DirectMethodHandle$Holder.invokeStaticInit(java.lang.Object, java.lang.Object, java.lang.Object)'> (0x00000000d58efcf0) 
thrown [s\src\hotspot\share\interpreter\linkResolver.cpp, line 773]
Event: 16.113 Thread 0x000002141828b440 Exception <a 'java/lang/NoSuchMethodError'{0x00000000d5f3eec0}: 'void java.lang.invoke.DirectMethodHandle$Holder.invokeSpecial(java.lang.Object, java.lang.Object, java.lang.Object, java.lang.Object, java.lang.Object, java.lang.Object)'> (0x00000000d5f3eec0) 
thrown [s\src\hotspot\share\interpreter\linkResolver.cpp, line 773]
Event: 16.116 Thread 0x000002141828b440 Exception <a 'java/lang/IncompatibleClassChangeError'{0x00000000d5f47298}: Found class java.lang.Object, but interface was expected> (0x00000000d5f47298) 
thrown [s\src\hotspot\share\interpreter\linkResolver.cpp, line 840]
Event: 16.116 Thread 0x000002141828b440 Exception <a 'java/lang/IncompatibleClassChangeError'{0x00000000d5f49088}: Found class java.lang.Object, but interface was expected> (0x00000000d5f49088) 
thrown [s\src\hotspot\share\interpreter\linkResolver.cpp, line 840]

ZGC Phase Switch (0 events):
No events

VM Operations (20 events):
Event: 11.070 Executing VM operation: ParallelGCFailedAllocation (Allocation Failure)
Event: 11.085 Executing VM operation: ParallelGCFailedAllocation (Allocation Failure) done
Event: 11.182 Executing VM operation: CollectForMetadataAllocation (Metadata GC Threshold)
Event: 11.230 Executing VM operation: CollectForMetadataAllocation (Metadata GC Threshold) done
Event: 11.578 Executing VM operation: HandshakeAllThreads (Deoptimize)
Event: 11.578 Executing VM operation: HandshakeAllThreads (Deoptimize) done
Event: 12.141 Executing VM operation: ParallelGCFailedAllocation (Allocation Failure)
Event: 13.524 Executing VM operation: ParallelGCFailedAllocation (Allocation Failure) done
Event: 13.583 Executing VM operation: HandshakeAllThreads (Deoptimize)
Event: 13.583 Executing VM operation: HandshakeAllThreads (Deoptimize) done
Event: 13.633 Executing VM operation: HandshakeAllThreads (Deoptimize)
Event: 13.633 Executing VM operation: HandshakeAllThreads (Deoptimize) done
Event: 13.633 Executing VM operation: HandshakeAllThreads (Deoptimize)
Event: 13.633 Executing VM operation: HandshakeAllThreads (Deoptimize) done
Event: 13.962 Executing VM operation: HandshakeAllThreads (Deoptimize)
Event: 13.963 Executing VM operation: HandshakeAllThreads (Deoptimize) done
Event: 14.963 Executing VM operation: Cleanup
Event: 14.963 Executing VM operation: Cleanup done
Event: 15.375 Executing VM operation: ParallelGCFailedAllocation (Allocation Failure)
Event: 15.380 Executing VM operation: ParallelGCFailedAllocation (Allocation Failure) done

Memory protections (0 events):
No events

Nmethod flushes (0 events):
No events

Events (20 events):
Event: 8.107 Thread 0x000002147754eaa0 Thread exited: 0x000002147754eaa0
Event: 8.330 Thread 0x000002141a5e1910 Thread added: 0x0000021477b5cd20
Event: 8.452 Thread 0x0000021477b5cd20 Thread exited: 0x0000021477b5cd20
Event: 9.667 Thread 0x000002147780ab90 Thread added: 0x0000021477e7f1f0
Event: 9.935 Thread 0x000002147780ab90 Thread added: 0x0000021477eaca10
Event: 9.997 Thread 0x0000021477eaca10 Thread added: 0x0000021477efd410
Event: 10.730 Thread 0x000002141a577080 Thread added: 0x0000021478188970
Event: 10.977 Thread 0x0000021478188970 Thread exited: 0x0000021478188970
Event: 11.411 Thread 0x000002141a5e1910 Thread added: 0x0000021477f48890
Event: 11.995 Thread 0x000002147780ab90 Thread added: 0x0000021477efc060
Event: 13.526 Thread 0x0000021477f48890 Thread exited: 0x0000021477f48890
Event: 13.600 Thread 0x0000021477efc060 Thread exited: 0x0000021477efc060
Event: 14.779 Thread 0x000002141828b440 Thread added: 0x0000021477efc060
Event: 14.779 Thread 0x000002141828b440 Thread added: 0x0000021477efc6f0
Event: 14.779 Thread 0x000002141828b440 Thread added: 0x0000021477efee50
Event: 14.779 Thread 0x000002141828b440 Thread added: 0x0000021477efdaa0
Event: 14.779 Thread 0x000002141828b440 Thread added: 0x0000021477eff4e0
Event: 14.810 Thread 0x000002141828b440 Thread added: 0x0000021477efe7c0
Event: 15.072 Thread 0x00000214774afd60 Thread exited: 0x00000214774afd60
Event: 15.123 Thread 0x0000021477efd410 Thread added: 0x0000021477efcd80


Dynamic libraries:
0x00007ff71f910000 - 0x00007ff71f91e000 	c:\Users\edhim\.vscode\extensions\redhat.java-1.43.0-win32-x64\jre\21.0.7-win32-x86_64\bin\java.exe
0x00007ffe2c1b0000 - 0x00007ffe2c3c7000 	C:\Windows\SYSTEM32\ntdll.dll
0x00007ffe2a730000 - 0x00007ffe2a7f4000 	C:\Windows\System32\KERNEL32.DLL
0x00007ffe297f0000 - 0x00007ffe29ba7000 	C:\Windows\System32\KERNELBASE.dll
0x00007ffe29c30000 - 0x00007ffe29d41000 	C:\Windows\System32\ucrtbase.dll
0x00007ffe212d0000 - 0x00007ffe212e8000 	c:\Users\edhim\.vscode\extensions\redhat.java-1.43.0-win32-x64\jre\21.0.7-win32-x86_64\bin\jli.dll
0x00007ffe2a580000 - 0x00007ffe2a72f000 	C:\Windows\System32\USER32.dll
0x00007ffe29eb0000 - 0x00007ffe29ed6000 	C:\Windows\System32\win32u.dll
0x00007ffe2a950000 - 0x00007ffe2a979000 	C:\Windows\System32\GDI32.dll
0x00007ffe294c0000 - 0x00007ffe295d8000 	C:\Windows\System32\gdi32full.dll
0x00007ffe29750000 - 0x00007ffe297ea000 	C:\Windows\System32\msvcp_win.dll
0x00007ffe120d0000 - 0x00007ffe120ee000 	c:\Users\edhim\.vscode\extensions\redhat.java-1.43.0-win32-x64\jre\21.0.7-win32-x86_64\bin\VCRUNTIME140.dll
0x00007ffe1b170000 - 0x00007ffe1b403000 	C:\Windows\WinSxS\amd64_microsoft.windows.common-controls_6595b64144ccf1df_6.0.22621.3672_none_2713b9d173822955\COMCTL32.dll
0x00007ffe2b620000 - 0x00007ffe2b6c7000 	C:\Windows\System32\msvcrt.dll
0x00007ffe2a540000 - 0x00007ffe2a571000 	C:\Windows\System32\IMM32.DLL
0x00007ffe254f0000 - 0x00007ffe254fc000 	c:\Users\edhim\.vscode\extensions\redhat.java-1.43.0-win32-x64\jre\21.0.7-win32-x86_64\bin\vcruntime140_1.dll
0x00007ffde79c0000 - 0x00007ffde7a4d000 	c:\Users\edhim\.vscode\extensions\redhat.java-1.43.0-win32-x64\jre\21.0.7-win32-x86_64\bin\msvcp140.dll
0x00007ffd928d0000 - 0x00007ffd93660000 	c:\Users\edhim\.vscode\extensions\redhat.java-1.43.0-win32-x64\jre\21.0.7-win32-x86_64\bin\server\jvm.dll
0x00007ffe2a0d0000 - 0x00007ffe2a182000 	C:\Windows\System32\ADVAPI32.dll
0x00007ffe2bb70000 - 0x00007ffe2bc18000 	C:\Windows\System32\sechost.dll
0x00007ffe29dc0000 - 0x00007ffe29de8000 	C:\Windows\System32\bcrypt.dll
0x00007ffe2b500000 - 0x00007ffe2b614000 	C:\Windows\System32\RPCRT4.dll
0x00007ffe2a290000 - 0x00007ffe2a301000 	C:\Windows\System32\WS2_32.dll
0x00007ffe29390000 - 0x00007ffe293dd000 	C:\Windows\SYSTEM32\POWRPROF.dll
0x00007ffe22460000 - 0x00007ffe22494000 	C:\Windows\SYSTEM32\WINMM.dll
0x00007ffe1cf30000 - 0x00007ffe1cf3a000 	C:\Windows\SYSTEM32\VERSION.dll
0x00007ffe29370000 - 0x00007ffe29383000 	C:\Windows\SYSTEM32\UMPDC.dll
0x00007ffe284d0000 - 0x00007ffe284e8000 	C:\Windows\SYSTEM32\kernel.appcore.dll
0x00007ffe25480000 - 0x00007ffe2548a000 	c:\Users\edhim\.vscode\extensions\redhat.java-1.43.0-win32-x64\jre\21.0.7-win32-x86_64\bin\jimage.dll
0x00007ffe26ec0000 - 0x00007ffe270f2000 	C:\Windows\SYSTEM32\DBGHELP.DLL
0x00007ffe2b6d0000 - 0x00007ffe2ba5e000 	C:\Windows\System32\combase.dll
0x00007ffe2a800000 - 0x00007ffe2a8d7000 	C:\Windows\System32\OLEAUT32.dll
0x00007ffe1a600000 - 0x00007ffe1a632000 	C:\Windows\SYSTEM32\dbgcore.DLL
0x00007ffe29bb0000 - 0x00007ffe29c2b000 	C:\Windows\System32\bcryptPrimitives.dll
0x00007ffe25100000 - 0x00007ffe2510f000 	c:\Users\edhim\.vscode\extensions\redhat.java-1.43.0-win32-x64\jre\21.0.7-win32-x86_64\bin\instrument.dll
0x00007ffe09ab0000 - 0x00007ffe09acf000 	c:\Users\edhim\.vscode\extensions\redhat.java-1.43.0-win32-x64\jre\21.0.7-win32-x86_64\bin\java.dll
0x00007ffe2ac00000 - 0x00007ffe2b469000 	C:\Windows\System32\SHELL32.dll
0x00007ffe273e0000 - 0x00007ffe27cdf000 	C:\Windows\SYSTEM32\windows.storage.dll
0x00007ffe272a0000 - 0x00007ffe273df000 	C:\Windows\SYSTEM32\wintypes.dll
0x00007ffe2ba70000 - 0x00007ffe2bb69000 	C:\Windows\System32\SHCORE.dll
0x00007ffe2a8e0000 - 0x00007ffe2a93e000 	C:\Windows\System32\shlwapi.dll
0x00007ffe293f0000 - 0x00007ffe29417000 	C:\Windows\SYSTEM32\profapi.dll
0x00007ffdfddd0000 - 0x00007ffdfdde8000 	c:\Users\edhim\.vscode\extensions\redhat.java-1.43.0-win32-x64\jre\21.0.7-win32-x86_64\bin\zip.dll
0x00007ffe15f10000 - 0x00007ffe15f20000 	C:\Users\edhim\.vscode\extensions\redhat.java-1.43.0-win32-x64\jre\21.0.7-win32-x86_64\bin\net.dll
0x00007ffe23490000 - 0x00007ffe235c6000 	C:\Windows\SYSTEM32\WINHTTP.dll
0x00007ffe28930000 - 0x00007ffe28999000 	C:\Windows\system32\mswsock.dll
0x00007ffdfddb0000 - 0x00007ffdfddc6000 	C:\Users\edhim\.vscode\extensions\redhat.java-1.43.0-win32-x64\jre\21.0.7-win32-x86_64\bin\nio.dll
0x00007ffe11f20000 - 0x00007ffe11f30000 	c:\Users\edhim\.vscode\extensions\redhat.java-1.43.0-win32-x64\jre\21.0.7-win32-x86_64\bin\verify.dll
0x00007ffdeee10000 - 0x00007ffdeee55000 	C:\Users\edhim\AppData\Roaming\Code\User\globalStorage\redhat.java\1.43.0\config_ss_win\org.eclipse.equinox.launcher\org.eclipse.equinox.launcher.win32.win32.x86_64_1.2.1300.v20250331-1702\eclipse_11911.dll
0x00007ffe2a390000 - 0x00007ffe2a535000 	C:\Windows\System32\ole32.dll
0x00007ffe28c80000 - 0x00007ffe28c9b000 	C:\Windows\SYSTEM32\CRYPTSP.dll
0x00007ffe28430000 - 0x00007ffe28465000 	C:\Windows\system32\rsaenh.dll
0x00007ffe289d0000 - 0x00007ffe289f8000 	C:\Windows\SYSTEM32\USERENV.dll
0x00007ffe28c60000 - 0x00007ffe28c6c000 	C:\Windows\SYSTEM32\CRYPTBASE.dll
0x00007ffe27f40000 - 0x00007ffe27f6d000 	C:\Windows\SYSTEM32\IPHLPAPI.DLL
0x00007ffe2ab90000 - 0x00007ffe2ab99000 	C:\Windows\System32\NSI.dll
0x00007ffdecf00000 - 0x00007ffdecf49000 	C:\Users\edhim\AppData\Local\Temp\jna--1316540214\jna15311603947800916737.dll
0x00007ffe2a940000 - 0x00007ffe2a948000 	C:\Windows\System32\PSAPI.DLL
0x00007ffe22e90000 - 0x00007ffe22ea9000 	C:\Windows\SYSTEM32\dhcpcsvc6.DLL
0x00007ffe22e70000 - 0x00007ffe22e8f000 	C:\Windows\SYSTEM32\dhcpcsvc.DLL

dbghelp: loaded successfully - version: 4.0.5 - missing functions: none
symbol engine: initialized successfully - sym options: 0x614 - pdb path: .;c:\Users\edhim\.vscode\extensions\redhat.java-1.43.0-win32-x64\jre\21.0.7-win32-x86_64\bin;C:\Windows\SYSTEM32;C:\Windows\WinSxS\amd64_microsoft.windows.common-controls_6595b64144ccf1df_6.0.22621.3672_none_2713b9d173822955;c:\Users\edhim\.vscode\extensions\redhat.java-1.43.0-win32-x64\jre\21.0.7-win32-x86_64\bin\server;C:\Users\edhim\AppData\Roaming\Code\User\globalStorage\redhat.java\1.43.0\config_ss_win\org.eclipse.equinox.launcher\org.eclipse.equinox.launcher.win32.win32.x86_64_1.2.1300.v20250331-1702;C:\Users\edhim\AppData\Local\Temp\jna--1316540214

VM Arguments:
jvm_args: --add-modules=ALL-SYSTEM --add-opens=java.base/java.util=ALL-UNNAMED --add-opens=java.base/java.lang=ALL-UNNAMED --add-opens=java.base/sun.nio.fs=ALL-UNNAMED -Declipse.application=org.eclipse.jdt.ls.core.id1 -Dosgi.bundles.defaultStartLevel=4 -Declipse.product=org.eclipse.jdt.ls.core.product -Djava.import.generatesMetadataFilesAtProjectRoot=false -DDetectVMInstallationsJob.disabled=true -Dfile.encoding=utf8 -XX:+UseParallelGC -XX:GCTimeRatio=4 -XX:AdaptiveSizePolicyWeight=90 -Dsun.zip.disableMemoryMapping=true -Xmx2G -Xms100m -Xlog:disable -javaagent:c:\Users\edhim\.vscode\extensions\redhat.java-1.43.0-win32-x64\lombok\lombok-1.18.39-4050.jar 
java_command: c:\Users\edhim\.vscode\extensions\redhat.java-1.43.0-win32-x64\server\plugins\org.eclipse.equinox.launcher_1.7.0.v20250519-0528.jar -configuration c:\Users\edhim\AppData\Roaming\Code\User\globalStorage\redhat.java\1.43.0\config_ss_win -data c:\Users\edhim\AppData\Roaming\Code\User\workspaceStorage\f5c8dd7b6506a7865490afbc220914d0\redhat.java\ss_ws --pipe=\\.\pipe\lsp-0a8bf78f7cca93f6f4323fff93cd1433-sock
java_class_path (initial): c:\Users\edhim\.vscode\extensions\redhat.java-1.43.0-win32-x64\server\plugins\org.eclipse.equinox.launcher_1.7.0.v20250519-0528.jar
Launcher Type: SUN_STANDARD

[Global flags]
    uintx AdaptiveSizePolicyWeight                 = 90                                        {product} {command line}
     intx CICompilerCount                          = 3                                         {product} {ergonomic}
    uintx GCTimeRatio                              = 4                                         {product} {command line}
   size_t InitialHeapSize                          = 104857600                                 {product} {command line}
   size_t MaxHeapSize                              = 2147483648                                {product} {command line}
   size_t MaxNewSize                               = 715653120                                 {product} {ergonomic}
   size_t MinHeapDeltaBytes                        = 524288                                    {product} {ergonomic}
   size_t MinHeapSize                              = 104857600                                 {product} {command line}
   size_t NewSize                                  = 34603008                                  {product} {ergonomic}
    uintx NonNMethodCodeHeapSize                   = 5832780                                {pd product} {ergonomic}
    uintx NonProfiledCodeHeapSize                  = 122912730                              {pd product} {ergonomic}
   size_t OldSize                                  = 70254592                                  {product} {ergonomic}
    uintx ProfiledCodeHeapSize                     = 122912730                              {pd product} {ergonomic}
    uintx ReservedCodeCacheSize                    = 251658240                              {pd product} {ergonomic}
     bool SegmentedCodeCache                       = true                                      {product} {ergonomic}
   size_t SoftMaxHeapSize                          = 2147483648                             {manageable} {ergonomic}
     bool UseCompressedOops                        = true                           {product lp64_product} {ergonomic}
     bool UseLargePagesIndividualAllocation        = false                                  {pd product} {ergonomic}
     bool UseParallelGC                            = true                                      {product} {command line}

Logging:
Log output configuration:
 #0: stdout all=off uptime,level,tags foldmultilines=false
 #1: stderr all=off uptime,level,tags foldmultilines=false

Environment Variables:
JAVA_HOME=C:\Program Files\Java\jdk-17
PATH=C:\Program Files\IBM\ILOG\CPLEX_Studio_Community2212\opl\bin\x64_win64;C:\Program Files\IBM\ILOG\CPLEX_Studio_Community2212\opl\oplide\;C:\Program Files\IBM\ILOG\CPLEX_Studio_Community2212\cplex\bin\x64_win64;C:\Program Files\IBM\ILOG\CPLEX_Studio_Community2212\cpoptimizer\bin\x64_win64;c:\Users\edhim\AppData\Local\Programs\cursor\resources\app\bin;C:\Program Files\Google\Chrome\Application;C:\Program Files\Common Files\Oracle\Java\javapath;C:\Windows\system32;C:\Windows;C:\Windows\System32\Wbem;C:\Windows\System32\WindowsPowerShell\v1.0\;C:\Windows\System32\OpenSSH\;C:\Program Files\MiKTeX\miktex\bin\x64\;C:\Program Files\nodejs\;C:\Program Files\MySQL\MySQL Server 9.0\bin;C:\Program Files\Java\jdk-23\bin;C:\Program Files\MySQL\MySQL Server 9.0\bin;C:\Program Files\Git\cmd;C:\ProgramData\chocolatey\bin;C:\Strawberry\c\bin;C:\Strawberry\perl\site\bin;C:\Strawberry\perl\bin;C:\src\flutter\bin;C:\Users\edhim\AppData\Local\Microsoft\WindowsApps;C:\Program Files\mingw-w64\x86_64-8.1.0-posix-seh-rt_v6-rev0\min64\bin;C:\msys64\ucrt64\bin;C:\Users\edhim\Desktop\codes\python\manim;C:\ffmpeg;C:\Users\edhim\Downloads\platform-tools-latest-windows.zip\platform-tools;C:\Program Files\Java\jdk-23\bin;C:\Users\edhim\AppData\Roaming\npm;C:\src\flutter\bin;C:\Program Files\mybins;C:\Users\edhim\AppData\Loca;C:\Users\edhim\AppData\Local\Microsoft\WindowsApps;C:\Users\edhim\AppData\Local\Programs\Microsoft VS Code\bin;C:\Program Files\mingw-w64\x86_64-8.1.0-posix-seh-rt_v6-rev0\min64\bin;C:\msys64\ucrt64\bin;C:\Users\edhim\Desktop\codes\python\manim;C:\ffmpeg;C:\Users\edhim\Downloads\platform-tools-latest-windows.zip\platform-tools;C:\Program Files\Java\jdk-23\bin;C:\Users\edhim\AppData\Roaming\npm;C:\src\flutter\bin;C:\Program Files\mybins;C:\Users\edhim\AppData\Local\Microsoft\WinGet\Packages\Typst.Typst_Microsoft.Winget.Source_8wekyb3d8bbwe\typst-x86_64-pc-windows-msvc;C:\Users\edhim\AppData\Local\Packages\PythonSoftwareFoundation.Python.3.11_qbz5n2kfra8p0\LocalCache\local-packages\Python311\Scripts;C:\Users\edhim\Downloads\apache-maven-3.9.10-bin\apache-maven-3.9.10\bin;C:\Program Files\Java\jdk-17\bin;C:\Users\edhim\AppData\Local\Programs\cursor\resources\app\bin;C:\Users\edhim\Downloads\Cbc-releases.2.10.12-w64-msvc16-md\bin;
USERNAME=MED ELKHACHIE
OS=Windows_NT
PROCESSOR_IDENTIFIER=Intel64 Family 6 Model 78 Stepping 3, GenuineIntel
TMP=C:\Users\edhim\AppData\Local\Temp
TEMP=C:\Users\edhim\AppData\Local\Temp




Periodic native trim disabled

---------------  S Y S T E M  ---------------

OS:
 Windows 11 , 64 bit Build 22621 (10.0.22621.3958)
OS uptime: 0 days 0:38 hours
Hyper-V role detected

CPU: total 4 (initial active 4) (2 cores per cpu, 2 threads per core) family 6 model 78 stepping 3 microcode 0xf0, cx8, cmov, fxsr, ht, mmx, 3dnowpref, sse, sse2, sse3, ssse3, sse4.1, sse4.2, popcnt, lzcnt, tsc, tscinvbit, avx, avx2, aes, erms, clmul, bmi1, bmi2, rtm, adx, fma, vzeroupper, clflush, clflushopt, hv, rdtscp, f16c
Processor Information for the first 4 processors :
  Max Mhz: 2501, Current Mhz: 2501, Mhz Limit: 2501

Memory: 4k page, system-wide physical 8073M (304M free)
TotalPageFile size 12235M (AvailPageFile size 5M)
current process WorkingSet (physical memory assigned to process): 155M, peak: 155M
current process commit charge ("private bytes"): 278M, peak: 278M

vm_info: OpenJDK 64-Bit Server VM (21.0.7+6-LTS) for windows-amd64 JRE (21.0.7+6-LTS), built on 2025-04-15T00:00:00Z by "admin" with MS VC++ 17.7 (VS2022)

END.
